Log file open, 04/05/17 21:43:59
LogInit:Display: Running engine for game: psyBrawl
LogPlatformFile: Not using cached read wrapper
LogInit:Display: RandInit(-1127449940) SRandInit(-1127449939).
LogTaskGraph: Started task graph with 5 named threads and 8 total threads with 1 sets of task threads.
LogStats: Stats thread started at 0.083270
LogInit: Using libcurl 7.47.1
LogInit:  - built for x86_64-pc-win32
LogInit:  - supports SSL with OpenSSL/1.0.2g
LogInit:  - supports HTTP deflate (compression) using libz 1.2.8
LogInit:  - other features:
LogInit:      CURL_VERSION_SSL
LogInit:      CURL_VERSION_LIBZ
LogInit:      CURL_VERSION_IPV6
LogInit:      CURL_VERSION_ASYNCHDNS
LogInit:      CURL_VERSION_LARGEFILE
LogInit:      CURL_VERSION_IDN
LogInit:  CurlRequestOptions (configurable via config and command line):
LogInit:  - bVerifyPeer = false  - Libcurl will NOT verify peer certificate
LogInit:  - bUseHttpProxy = false  - Libcurl will NOT use HTTP proxy
LogInit:  - bDontReuseConnections = false  - Libcurl will reuse connections
LogInit:  - CertBundlePath = nullptr  - Libcurl will use whatever was configured at build time.
LogInit: Build: ++UE4+Release-4.15-CL-3348071
LogInit: Engine Version: 4.15.1-3348071+++UE4+Release-4.15
LogInit: Compatible Engine Version: 4.15.0-3299760+++UE4+Release-4.15
LogInit: Net CL: 3299760
LogDevObjectVersion: Number of dev versions registered: 14
LogDevObjectVersion:   Dev-Blueprints (B0D832E4-1F89-4F0D-ACCF-7EB736FD4AA2): 8
LogDevObjectVersion:   Dev-Build (E1C64328-A22C-4D53-A36C-8E866417BD8C): 0
LogDevObjectVersion:   Dev-Core (375EC13C-06E4-48FB-B500-84F0262A717E): 2
LogDevObjectVersion:   Dev-Editor (E4B068ED-F494-42E9-A231-DA0B2E46BB41): 14
LogDevObjectVersion:   Dev-Framework (CFFC743F-43B0-4480-9391-14DF171D2073): 22
LogDevObjectVersion:   Dev-Mobile (B02B49B5-BB20-44E9-A304-32B752E40360): 0
LogDevObjectVersion:   Dev-Networking (A4E4105C-59A1-49B5-A7C5-40C4547EDFEE): 0
LogDevObjectVersion:   Dev-Online (39C831C9-5AE6-47DC-9A44-9C173E1C8E7C): 0
LogDevObjectVersion:   Dev-Physics (78F01B33-EBEA-4F98-B9B4-84EACCB95AA2): 0
LogDevObjectVersion:   Dev-Platform (6631380F-2D4D-43E0-8009-CF276956A95A): 0
LogDevObjectVersion:   Dev-Rendering (12F88B9F-8875-4AFC-A67C-D90C383ABD29): 12
LogDevObjectVersion:   Dev-Sequencer (7B5AE74C-D270-4C10-A958-57980B212A5A): 3
LogDevObjectVersion:   Dev-VR (D7296918-1DD6-4BDD-9DE2-64A83CC13884): 0
LogDevObjectVersion:   Dev-LoadTimes (C2A15278-BFE7-4AFE-6C17-90FF531DF755): 1
LogInit: Compiled (64-bit): Mar 15 2017 16:52:47
LogInit: Compiled with Visual C++: 19.00.23026.00
LogInit: Build Configuration: Development
LogInit: Branch Name: ++UE4+Release-4.15
LogInit: Command line:  /Temp/Autosaves/Game/Levels/UEDPCCinematicIntro -game -PIEVIACONSOLE -ResX=1280 -ResY=720  -Multiprocess -messaging -SessionName="Play in Standalone Game" -windowed 
LogInit: Base directory: C:/Program Files/Epic Games/UE_4.15/Engine/Binaries/Win64/
LogInit: Installed Engine Build: 1
LogInit: Presizing for max 8388607 objects, including 0 objects not considered by GC, pre-allocating 0 bytes for permanent pool.
LogInit: Object subsystem initialized
[2017.04.06-01.44.01:062][  0]LogInit: Selected Device Profile: [Windows]
[2017.04.06-01.44.01:062][  0]LogInit: Applying CVar settings loaded from the selected device profile: [Windows]
[2017.04.06-01.44.01:066][  0]LogInit: Computer: ARCTURUS
[2017.04.06-01.44.01:066][  0]LogInit: User: Braden
[2017.04.06-01.44.01:066][  0]LogInit: CPU Page size=65536, Cores=4
[2017.04.06-01.44.01:066][  0]LogInit: High frequency timer resolution =2.338346 MHz
[2017.04.06-01.44.01:067][  0]LogMemory: Memory total: Physical=7.9GB (8GB approx)
[2017.04.06-01.44.01:067][  0]LogMemory: Platform Memory Stats for Windows
[2017.04.06-01.44.01:067][  0]LogMemory: Process Physical Memory: 260.95 MB used, 260.95 MB peak
[2017.04.06-01.44.01:067][  0]LogMemory: Process Virtual Memory: 262.29 MB used, 262.29 MB peak
[2017.04.06-01.44.01:067][  0]LogMemory: Physical Memory: 6735.07 MB used,  1369.20 MB free, 8104.27 MB total
[2017.04.06-01.44.01:067][  0]LogMemory: Virtual Memory: 628.22 MB used,  1369.20 MB free, 134217728.00 MB total
[2017.04.06-01.44.01:158][  0]LogTextLocalizationManager: No specific translations for ('en-US') exist, so ('en') translations will be used.
[2017.04.06-01.44.01:781][  0]LogD3D11RHI: D3D11 adapters:
[2017.04.06-01.44.01:814][  0]LogD3D11RHI:    0. 'Intel(R) HD Graphics 4600' (Feature Level 11_0)
[2017.04.06-01.44.01:814][  0]LogD3D11RHI:       0/0/1792 MB DedicatedVideo/DedicatedSystem/SharedSystem, Outputs:2, VendorId:0x8086
[2017.04.06-01.44.01:838][  0]LogD3D11RHI:    1. 'NVIDIA GeForce GT 755M' (Feature Level 11_0)
[2017.04.06-01.44.01:838][  0]LogD3D11RHI:       1977/0/4052 MB DedicatedVideo/DedicatedSystem/SharedSystem, Outputs:0, VendorId:0x10de
[2017.04.06-01.44.01:839][  0]LogD3D11RHI:    2. 'Microsoft Basic Render Driver' (Feature Level 11_0)
[2017.04.06-01.44.01:839][  0]LogD3D11RHI:       0/0/256 MB DedicatedVideo/DedicatedSystem/SharedSystem, Outputs:0, VendorId:0x1414
[2017.04.06-01.44.01:839][  0]LogD3D11RHI: Chosen D3D11 Adapter: 1
[2017.04.06-01.44.01:846][  0]LogD3D11RHI: Creating new Direct3DDevice
[2017.04.06-01.44.01:846][  0]LogD3D11RHI:     GPU DeviceId: 0xfcd (for the marketing name, search the web for "GPU Device Id")
[2017.04.06-01.44.01:846][  0]LogWindows: EnumDisplayDevices:
[2017.04.06-01.44.01:846][  0]LogWindows:    0. 'Intel(R) HD Graphics 4600' (P:1 D:1)
[2017.04.06-01.44.01:846][  0]LogWindows:    1. 'Intel(R) HD Graphics 4600' (P:0 D:1)
[2017.04.06-01.44.01:846][  0]LogWindows:    2. 'Intel(R) HD Graphics 4600' (P:0 D:0)
[2017.04.06-01.44.01:846][  0]LogWindows:    3. 'NVIDIA GeForce GT 755M' (P:0 D:0)
[2017.04.06-01.44.01:846][  0]LogWindows: DebugString: PrimaryIsNotTheChoosenAdapter PrimaryIsNotTheChoosenAdapter PrimaryIsNotTheChoosenAdapter 
[2017.04.06-01.44.01:846][  0]LogD3D11RHI:     Adapter Name: NVIDIA GeForce GT 755M
[2017.04.06-01.44.01:846][  0]LogD3D11RHI:   Driver Version: 378.66 (internal:21.21.13.7866, unified:378.66)
[2017.04.06-01.44.01:846][  0]LogD3D11RHI:      Driver Date: 2-9-2017
[2017.04.06-01.44.01:846][  0]LogRHI: Texture pool is 1361 MB (70% of 1945 MB)
[2017.04.06-01.44.01:860][  0]LogD3D11RHI:Warning: Timestamp queries are currently disabled on this hardware due to instability. Realtime GPU stats will not be available. You can override this behaviour by setting r.NVIDIATimestampWorkaround to 0
[2017.04.06-01.44.01:861][  0]LogD3D11RHI: Async texture creation enabled
[2017.04.06-01.44.01:881][  0]LogD3D11RHI: GPU Timing Frequency: 1000.000000 (Debug: 2 2)
[2017.04.06-01.44.01:881][  0]LogShaderCompilers: Guid format shader working directory is -31 characters bigger than the processId version (../../../../../../Users/Braden/Documents/GitHub/ChimeraGames/PsyBrawl/psyBrawl/Intermediate/Shaders/WorkingDirectory/7556/).
[2017.04.06-01.44.01:881][  0]LogShaderCompilers: Cleaned the shader compiler working directory 'C:/Users/Braden/AppData/Local/Temp/UnrealShaderWorkingDir/29D389164FC5993B906AD5A54FD12194/'.
[2017.04.06-01.44.01:881][  0]LogShaderCompilers:Display: Using Local Shader Compiler.
[2017.04.06-01.44.02:971][  0]LogTemp:Display: Loaded TP WindowsClientTargetPlatform
[2017.04.06-01.44.03:017][  0]LogTemp:Display: Loaded TP WindowsNoEditorTargetPlatform
[2017.04.06-01.44.03:065][  0]LogTemp:Display: Loaded TP WindowsServerTargetPlatform
[2017.04.06-01.44.03:109][  0]LogTemp:Display: Loaded TP WindowsTargetPlatform
[2017.04.06-01.44.03:109][  0]LogTargetPlatformManager:Display: Building Assets For Windows
[2017.04.06-01.44.03:507][  0]LogDerivedDataCache:Display: Max Cache Size: 512 MB
[2017.04.06-01.44.04:240][  0]LogDerivedDataCache: Loaded boot cache 0.73s 50MB C:/Users/Braden/AppData/Local/UnrealEngine/4.15/DerivedDataCache/Boot.ddc.
[2017.04.06-01.44.04:240][  0]LogDerivedDataCache:Display: Loaded Boot cache: C:/Users/Braden/AppData/Local/UnrealEngine/4.15/DerivedDataCache/Boot.ddc
[2017.04.06-01.44.04:240][  0]LogDerivedDataCache: FDerivedDataBackendGraph:  Pak pak cache file ../../../../../../Users/Braden/Documents/GitHub/ChimeraGames/PsyBrawl/psyBrawl/DerivedDataCache/DDC.ddp not found, will not use a pak cache.
[2017.04.06-01.44.04:240][  0]LogDerivedDataCache: Unable to find inner node Pak for hierarchical cache Hierarchy.
[2017.04.06-01.44.04:240][  0]LogDerivedDataCache: FDerivedDataBackendGraph:  CompressedPak pak cache file ../../../../../../Users/Braden/Documents/GitHub/ChimeraGames/PsyBrawl/psyBrawl/DerivedDataCache/Compressed.ddp not found, will not use a pak cache.
[2017.04.06-01.44.04:240][  0]LogDerivedDataCache: Unable to find inner node CompressedPak for hierarchical cache Hierarchy.
[2017.04.06-01.44.04:260][  0]LogDerivedDataCache:Display: Pak cache opened for reading ../../../Engine/DerivedDataCache/Compressed.ddp.
[2017.04.06-01.44.04:272][  0]LogDerivedDataCache: Using Local data cache path C:/Users/Braden/AppData/Local/UnrealEngine/Common/DerivedDataCache: Writable
[2017.04.06-01.44.04:281][  0]LogSlate: Using Freetype 2.6.0
[2017.04.06-01.44.04:282][  0]LogSlate: SlateFontCache - WITH_FREETYPE: 1, WITH_HARFBUZZ: 1
[2017.04.06-01.44.04:282][  0]LogSlate: SlateFontCache - WITH_FREETYPE: 1, WITH_HARFBUZZ: 1
[2017.04.06-01.44.04:589][  0]LogAssetRegistry: FAssetRegistry took 0.0001 seconds to start up
[2017.04.06-01.44.04:596][  0]LogPackageLocalizationCache: Processed 3 localized package path(s) for 2 prioritized culture(s) in 0.006671 seconds
[2017.04.06-01.44.04:611][  0]LogInit: Selected Device Profile: [Windows]
[2017.04.06-01.44.04:613][  0]LogContentStreaming: Texture pool size is 1000.00 MB
[2017.04.06-01.44.04:800][  0]LogMeshUtilities: Using QuadricMeshReduction for automatic static mesh reduction
[2017.04.06-01.44.04:834][  0]LogSimplygon: Simplygon DLL not present - disabling.
[2017.04.06-01.44.04:870][  0]LogMeshUtilities: Using SimplygonSwarm for distributed automatic mesh merging
[2017.04.06-01.44.04:870][  0]LogMeshUtilities: No automatic skeletal mesh reduction module available
[2017.04.06-01.44.04:870][  0]LogMeshUtilities: No automatic mesh merging module available
[2017.04.06-01.44.05:379][  0]LogNetVersion: GetLocalNetworkVersion: CL: 3299760, ProjectName: psybrawl, ProjectVersion: , EngineNetworkVersion: 2, GameNetworkVersion: 0, NetworkChecksum: 3876843788
[2017.04.06-01.44.05:442][  0]LogInit: WinSock: version 1.1 (2.2), MaxSocks=32767, MaxUdp=65467
[2017.04.06-01.44.06:064][  0]LogMoviePlayer: Initializing movie player
[2017.04.06-01.44.06:398][  0]LogTcpMessaging: Initializing TcpMessaging bridge
[2017.04.06-01.44.06:437][  0]LogUdpMessaging: Initializing bridge on interface 0.0.0.0:0 to multicast group 230.0.0.1:6666.
[2017.04.06-01.44.06:695][  0]SourceControl: Info Source control is disabled
[2017.04.06-01.44.06:696][  0]SourceControl: Info Source control is disabled
[2017.04.06-01.44.06:729][  0]SourceControl: Info Source control is disabled
[2017.04.06-01.44.07:227][  0]LogUObjectArray: 34408 objects as part of root set at end of initial load.
[2017.04.06-01.44.07:227][  0]LogUObjectAllocator: 7639320 out of 0 bytes used by permanent object pool.
[2017.04.06-01.44.07:227][  0]LogUObjectArray: CloseDisregardForGC: 0/0 objects in disregard for GC pool
[2017.04.06-01.44.07:319][  0]LogEngine: Initializing Engine...
[2017.04.06-01.44.07:321][  0]LogHMD: Failed to initialize OpenVR with code 105
[2017.04.06-01.44.07:446][  0]LogInit: XAudio2 using 'Speakers (Realtek High Definition Audio)' : 2 channels at 44.1 kHz using 16 bits per sample (channel mask 0x3)
[2017.04.06-01.44.07:459][  0]LogInit: FAudioDevice initialized.
[2017.04.06-01.44.07:482][  0]LogInit: Texture streaming: Enabled
[2017.04.06-01.44.07:495][  0]LogMaterial: Uniform references updated for custom material expression Custom.
[2017.04.06-01.44.07:923][  0]LogInit:Display: Game Engine Initialized.
[2017.04.06-01.44.08:129][  0]LogInit:Display: Starting Game.
[2017.04.06-01.44.08:129][  0]LogNet: Browse: /Temp/Autosaves/Game/Levels/UEDPCCinematicIntro?Name=Player
[2017.04.06-01.44.08:134][  0]LogLoad: LoadMap: /Temp/Autosaves/Game/Levels/UEDPCCinematicIntro?Name=Player
[2017.04.06-01.44.08:167][  0]LogMemory: Platform Memory Stats for Windows
[2017.04.06-01.44.08:167][  0]LogMemory: Process Physical Memory: 651.01 MB used, 680.52 MB peak
[2017.04.06-01.44.08:167][  0]LogMemory: Process Virtual Memory: 722.76 MB used, 743.11 MB peak
[2017.04.06-01.44.08:167][  0]LogMemory: Physical Memory: 7041.84 MB used,  1062.44 MB free, 8104.27 MB total
[2017.04.06-01.44.08:167][  0]LogMemory: Virtual Memory: 1266.11 MB used,  1062.44 MB free, 134217728.00 MB total
[2017.04.06-01.44.08:167][  0]LogMemory: 
[2017.04.06-01.44.08:167][  0]Allocator Stats for TBB: (not implemented)
[2017.04.06-01.44.08:530][  0]LogAIModule: Creating AISystem for world CinematicIntro
[2017.04.06-01.44.08:724][  0]LogLoad: Game class is 'FirstPersonGameMode_C'
[2017.04.06-01.44.08:734][  0]LogWorld: Bringing World /Temp/Autosaves/Game/Levels/UEDPCCinematicIntro.CinematicIntro up for play (max tick rate 0) at 2017.04.05-21.44.08
[2017.04.06-01.44.08:735][  0]LogLinker:Warning: Can't find file '/Game/Cinematics/Sequence1'
[2017.04.06-01.44.08:735][  0]LogUObjectGlobals:Warning: Failed to load '/Game/Cinematics/Sequence1': Can't find file '/Game/Cinematics/Sequence1'
[2017.04.06-01.44.08:735][  0]LogLinker:Warning: Can't find file '/Game/Cinematics/Sequence1'
[2017.04.06-01.44.08:735][  0]LogUObjectGlobals:Warning: Failed to load '/Game/Cinematics/Sequence1': Can't find file '/Game/Cinematics/Sequence1'
[2017.04.06-01.44.08:735][  0]LogUObjectGlobals:Warning: Failed to find object 'Object /Game/Cinematics/Sequence1.Sequence1'
[2017.04.06-01.44.08:748][  0]LogWorld: Bringing up level for play took: 0.018525
[2017.04.06-01.44.08:770][  0]LogLoad: Took 0.636549 seconds to LoadMap(/Temp/Autosaves/Game/Levels/UEDPCCinematicIntro)
[2017.04.06-01.44.08:933][  0]LogRenderer: Reallocating scene render targets to support 1280x720 NumSamples 1 (Frame:2).
[2017.04.06-01.44.08:933][  0]LogLoad: (Engine Initialization) Total time: 10.32 seconds
[2017.04.06-01.44.08:933][  0]LogLoad: (Engine Initialization) Total Blueprint compile time: 0.17 seconds
[2017.04.06-01.44.08:933][  0]LogExternalProfiler: Found external profiler: VSPerf
[2017.04.06-01.44.08:933][  0]LogExternalProfiler: Using external profiler: VSPerf
[2017.04.06-01.44.08:949][  0]LogOcInput: OculusInput pre-init called
[2017.04.06-01.44.36:838][510]LogPackageName: SearchForPackageOnDisk took   0.071s to resolve FirstPersonExampleMap.umap.
[2017.04.06-01.44.36:913][511]LogPackageName: SearchForPackageOnDisk took   0.072s to resolve FirstPersonExampleMap.umap.
[2017.04.06-01.44.36:913][511]LogNet: Browse: /Game/FirstPersonBP/Maps/FirstPersonExampleMap
[2017.04.06-01.44.36:913][511]LogLoad: LoadMap: /Game/FirstPersonBP/Maps/FirstPersonExampleMap
[2017.04.06-01.44.36:963][511]LogMemory: Platform Memory Stats for Windows
[2017.04.06-01.44.36:963][511]LogMemory: Process Physical Memory: 735.96 MB used, 755.04 MB peak
[2017.04.06-01.44.36:963][511]LogMemory: Process Virtual Memory: 1107.07 MB used, 1117.00 MB peak
[2017.04.06-01.44.36:963][511]LogMemory: Physical Memory: 7077.98 MB used,  1026.30 MB free, 8104.27 MB total
[2017.04.06-01.44.36:963][511]LogMemory: Virtual Memory: 1689.43 MB used,  1026.30 MB free, 134217728.00 MB total
[2017.04.06-01.44.36:963][511]LogMemory: 
[2017.04.06-01.44.36:963][511]Allocator Stats for TBB: (not implemented)
[2017.04.06-01.44.37:431][511]LogAIModule: Creating AISystem for world FirstPersonExampleMap
[2017.04.06-01.44.37:431][511]LogLoad: Game class is 'FirstPersonGameMode_C'
[2017.04.06-01.44.37:440][511]LogWorld: Bringing World /Game/FirstPersonBP/Maps/FirstPersonExampleMap.FirstPersonExampleMap up for play (max tick rate 0) at 2017.04.05-21.44.37
[2017.04.06-01.44.37:441][511]LogWorld: Bringing up level for play took: 0.008836
[2017.04.06-01.44.37:445][511]LogLoad: Took 0.532249 seconds to LoadMap(/Game/FirstPersonBP/Maps/FirstPersonExampleMap)
[2017.04.06-01.44.41:180][716]LogAnimation:Warning: AnimBP shadowAnimationBP_C is incompatible with skeleton fpBodySkeleton, removing AnimBP from actor.
[2017.04.06-01.44.41:276][722]LogAnimation:Warning: AnimBP fpBodyAnimationBP_C is incompatible with skeleton shadowSkeleton, removing AnimBP from actor.
[2017.04.06-01.44.42:579][801]LogWindowsTextInputMethodSystem:Display: IME system now deactivated.
[2017.04.06-01.44.42:581][801]LogWindowsTextInputMethodSystem:Display: IME system now deactivated.
[2017.04.06-01.44.42:582][801]LogEngine: All Windows Closed
[2017.04.06-01.44.42:582][801]LogWindows: FPlatformMisc::RequestExit(0)
[2017.04.06-01.44.42:583][802]LogMoviePlayer: Shutting down movie player
[2017.04.06-01.44.43:353][802]LogExit: Preparing to exit.
[2017.04.06-01.44.44:620][802]LogExit: Game engine shut down
[2017.04.06-01.44.44:684][802]LogObj: Freed 0b from 0 cluster array pools.
[2017.04.06-01.44.44:684][802]LogExit: Object subsystem successfully closed.
[2017.04.06-01.44.44:699][802]LogD3D11RHI: Shutdown
[2017.04.06-01.44.44:699][802]LogD3D11RHI: CleanupD3DDevice
[2017.04.06-01.44.44:791][802]LogD3D11RHI: ~FD3D11DynamicRHI
[2017.04.06-01.44.44:799][802]LogModuleManager: Shutting down and abandoning module SequenceRecorderSections (264)
[2017.04.06-01.44.44:799][802]LogModuleManager: Shutting down and abandoning module SequenceRecorder (262)
[2017.04.06-01.44.44:799][802]LogModuleManager: Shutting down and abandoning module AutomationController (260)
[2017.04.06-01.44.44:799][802]LogModuleManager: Shutting down and abandoning module AutomationWorker (258)
[2017.04.06-01.44.44:799][802]LogModuleManager: Shutting down and abandoning module AIModule (256)
[2017.04.06-01.44.44:799][802]LogModuleManager: Shutting down and abandoning module GameplayDebugger (255)
[2017.04.06-01.44.44:803][802]LogModuleManager: Shutting down and abandoning module AITestSuite (253)
[2017.04.06-01.44.44:803][802]LogModuleManager: Shutting down and abandoning module WmfMediaFactory (250)
[2017.04.06-01.44.44:803][802]LogModuleManager: Shutting down and abandoning module MfMediaFactory (248)
[2017.04.06-01.44.44:803][802]LogModuleManager: Shutting down and abandoning module AvfMediaFactory (246)
[2017.04.06-01.44.44:803][802]LogModuleManager: Shutting down and abandoning module AndroidMediaFactory (244)
[2017.04.06-01.44.44:803][802]LogModuleManager: Shutting down and abandoning module Media (243)
[2017.04.06-01.44.44:803][802]LogModuleManager: Shutting down and abandoning module CharacterAI (240)
[2017.04.06-01.44.44:803][802]LogModuleManager: Shutting down and abandoning module SessionServices (238)
[2017.04.06-01.44.44:803][802]LogModuleManager: Shutting down and abandoning module MovieSceneCapture (236)
[2017.04.06-01.44.44:804][802]LogModuleManager: Shutting down and abandoning module GeometryCache (234)
[2017.04.06-01.44.44:804][802]LogModuleManager: Shutting down and abandoning module GeometryCacheEd (233)
[2017.04.06-01.44.44:804][802]LogModuleManager: Shutting down and abandoning module Niagara (230)
[2017.04.06-01.44.44:804][802]LogModuleManager: Shutting down and abandoning module StreamingPauseRendering (228)
[2017.04.06-01.44.44:804][802]LogModuleManager: Shutting down and abandoning module PortalServices (226)
[2017.04.06-01.44.44:804][802]LogModuleManager: Shutting down and abandoning module PortalRpc (224)
[2017.04.06-01.44.44:804][802]LogModuleManager: Shutting down and abandoning module MessagingRpc (222)
[2017.04.06-01.44.44:804][802]LogModuleManager: Shutting down and abandoning module ProfilerService (220)
[2017.04.06-01.44.44:823][802]LogModuleManager: Shutting down and abandoning module TaskGraph (218)
[2017.04.06-01.44.44:823][802]LogModuleManager: Shutting down and abandoning module SteamVRController (216)
[2017.04.06-01.44.44:823][802]LogModuleManager: Shutting down and abandoning module SteamVR (214)
[2017.04.06-01.44.44:823][802]LogModuleManager: Shutting down and abandoning module ProceduralMeshComponent (212)
[2017.04.06-01.44.44:823][802]LogModuleManager: Shutting down and abandoning module OculusLibrary (210)
[2017.04.06-01.44.44:823][802]LogModuleManager: Shutting down and abandoning module OculusInput (208)
[2017.04.06-01.44.44:823][802]LogModuleManager: Shutting down and abandoning module MobilePatchingUtils (206)
[2017.04.06-01.44.44:823][802]LogModuleManager: Shutting down and abandoning module CustomMeshComponent (204)
[2017.04.06-01.44.44:823][802]LogModuleManager: Shutting down and abandoning module CableComponent (202)
[2017.04.06-01.44.44:823][802]LogModuleManager: Shutting down and abandoning module ArchVisCharacter (200)
[2017.04.06-01.44.44:823][802]LogModuleManager: Shutting down and abandoning module HTML5Networking (196)
[2017.04.06-01.44.44:823][802]LogModuleManager: Shutting down and abandoning module VisualStudioSourceCodeAccess (194)
[2017.04.06-01.44.44:823][802]LogModuleManager: Shutting down and abandoning module DesktopPlatform (193)
[2017.04.06-01.44.44:823][802]LogModuleManager: Shutting down and abandoning module HotReload (191)
[2017.04.06-01.44.44:823][802]LogModuleManager: Shutting down and abandoning module DirectoryWatcher (190)
[2017.04.06-01.44.44:823][802]LogModuleManager: Shutting down and abandoning module UObjectPlugin (186)
[2017.04.06-01.44.44:823][802]LogModuleManager: Shutting down and abandoning module SubversionSourceControl (184)
[2017.04.06-01.44.44:823][802]LogModuleManager: Shutting down and abandoning module PerforceSourceControl (182)
[2017.04.06-01.44.44:823][802]LogModuleManager: Shutting down and abandoning module SourceControl (181)
[2017.04.06-01.44.44:823][802]LogModuleManager: Shutting down and abandoning module PhysXVehiclesEditor (178)
[2017.04.06-01.44.44:823][802]LogModuleManager: Shutting down and abandoning module PhysXVehicles (176)
[2017.04.06-01.44.44:823][802]LogModuleManager: Shutting down and abandoning module LocationServicesBPLibrary (174)
[2017.04.06-01.44.44:823][802]LogModuleManager: Shutting down and abandoning module UdpMessaging (172)
[2017.04.06-01.44.44:924][802]LogModuleManager: Shutting down and abandoning module TcpMessaging (170)
[2017.04.06-01.44.45:424][802]LogModuleManager: Shutting down and abandoning module GameplayTagsEditor (168)
[2017.04.06-01.44.45:424][802]LogModuleManager: Shutting down and abandoning module FacialAnimation (166)
[2017.04.06-01.44.45:424][802]LogModuleManager: Shutting down and abandoning module LightPropagationVolumeRuntime (164)
[2017.04.06-01.44.45:424][802]LogModuleManager: Shutting down and abandoning module Paper2D (162)
[2017.04.06-01.44.45:424][802]LogModuleManager: Shutting down and abandoning module WindowsMoviePlayer (160)
[2017.04.06-01.44.45:424][802]LogModuleManager: Shutting down and abandoning module WmfMedia (158)
[2017.04.06-01.44.45:424][802]LogModuleManager: Shutting down and abandoning module MfMedia (156)
[2017.04.06-01.44.45:424][802]LogModuleManager: Shutting down and abandoning module MediaAssets (154)
[2017.04.06-01.44.45:424][802]LogModuleManager: Shutting down and abandoning module GameLiveStreaming (152)
[2017.04.06-01.44.45:424][802]LogModuleManager: Shutting down and abandoning module VREditor (150)
[2017.04.06-01.44.45:424][802]LogModuleManager: Shutting down and abandoning module GameplayTasksEditor (148)
[2017.04.06-01.44.45:424][802]LogModuleManager: Shutting down and abandoning module BehaviorTreeEditor (146)
[2017.04.06-01.44.45:424][802]LogModuleManager: Shutting down and abandoning module FunctionalTesting (144)
[2017.04.06-01.44.45:425][802]LogModuleManager: Shutting down and abandoning module CollisionAnalyzer (142)
[2017.04.06-01.44.45:425][802]LogModuleManager: Shutting down and abandoning module UMG (140)
[2017.04.06-01.44.45:425][802]LogModuleManager: Shutting down and abandoning module UMGEditor (139)
[2017.04.06-01.44.45:425][802]LogModuleManager: Shutting down and abandoning module Sequencer (138)
[2017.04.06-01.44.45:425][802]LogModuleManager: Shutting down and abandoning module AssetTools (136)
[2017.04.06-01.44.45:425][802]LogModuleManager: Shutting down and abandoning module MessageLog (135)
[2017.04.06-01.44.45:425][802]LogModuleManager: Shutting down and abandoning module WorkspaceMenuStructure (134)
[2017.04.06-01.44.45:425][802]LogModuleManager: Shutting down and abandoning module SlateReflector (128)
[2017.04.06-01.44.45:425][802]LogModuleManager: Shutting down and abandoning module Slate (126)
[2017.04.06-01.44.45:425][802]LogModuleManager: Shutting down and abandoning module EditorStyle (124)
[2017.04.06-01.44.45:432][802]LogModuleManager: Shutting down and abandoning module Messaging (122)
[2017.04.06-01.44.45:432][802]LogModuleManager: Shutting down and abandoning module SourceCodeAccess (120)
[2017.04.06-01.44.45:432][802]LogModuleManager: Shutting down and abandoning module HeadMountedDisplay (118)
[2017.04.06-01.44.45:432][802]LogModuleManager: Shutting down and abandoning module XAudio2 (116)
[2017.04.06-01.44.45:432][802]LogModuleManager: Shutting down and abandoning module Networking (114)
[2017.04.06-01.44.45:432][802]LogModuleManager: Shutting down and abandoning module Core (110)
[2017.04.06-01.44.45:432][802]LogModuleManager: Shutting down and abandoning module KismetCompiler (108)
[2017.04.06-01.44.45:432][802]LogModuleManager: Shutting down and abandoning module PhysXFormats (106)
[2017.04.06-01.44.45:432][802]LogModuleManager: Shutting down and abandoning module MeshUtilities (104)
[2017.04.06-01.44.45:432][802]LogModuleManager: Shutting down and abandoning module SimplygonSwarm (103)
[2017.04.06-01.44.45:432][802]LogModuleManager: Shutting down and abandoning module SimplygonMeshReduction (101)
[2017.04.06-01.44.45:432][802]LogModuleManager: Shutting down and abandoning module QuadricMeshReduction (99)
[2017.04.06-01.44.45:432][802]LogModuleManager: Shutting down and abandoning module PropertyEditor (97)
[2017.04.06-01.44.45:432][802]LogModuleManager: Shutting down and abandoning module AssetRegistry (94)
[2017.04.06-01.44.45:433][802]LogModuleManager: Shutting down and abandoning module DerivedDataCache (92)
[2017.04.06-01.44.45:801][802]LogDerivedDataCache: Shutdown
[2017.04.06-01.44.45:801][802]LogModuleManager: Shutting down and abandoning module TargetPlatform (90)
[2017.04.06-01.44.45:801][802]LogModuleManager: Shutting down and abandoning module VulkanShaderFormat (89)
[2017.04.06-01.44.45:801][802]LogModuleManager: Shutting down and abandoning module ShaderFormatOpenGL (87)
[2017.04.06-01.44.45:801][802]LogModuleManager: Shutting down and abandoning module ShaderFormatD3D (85)
[2017.04.06-01.44.45:801][802]LogModuleManager: Shutting down and abandoning module MetalShaderFormat (83)
[2017.04.06-01.44.45:801][802]LogModuleManager: Shutting down and abandoning module TextureFormatUncompressed (81)
[2017.04.06-01.44.45:801][802]LogModuleManager: Shutting down and abandoning module TextureFormatPVR (79)
[2017.04.06-01.44.45:801][802]LogModuleManager: Shutting down and abandoning module TextureFormatDXT (77)
[2017.04.06-01.44.45:802][802]LogModuleManager: Shutting down and abandoning module TextureFormatIntelISPCTexComp (75)
[2017.04.06-01.44.45:802][802]LogModuleManager: Shutting down and abandoning module TextureFormatASTC (73)
[2017.04.06-01.44.45:802][802]LogModuleManager: Shutting down and abandoning module ImageWrapper (72)
[2017.04.06-01.44.45:802][802]LogModuleManager: Shutting down and abandoning module TextureFormatAndroid (69)
[2017.04.06-01.44.45:802][802]LogModuleManager: Shutting down and abandoning module AudioFormatOpus (67)
[2017.04.06-01.44.45:802][802]LogModuleManager: Shutting down and abandoning module AudioFormatOgg (65)
[2017.04.06-01.44.45:802][802]LogModuleManager: Shutting down and abandoning module AudioFormatADPCM (63)
[2017.04.06-01.44.45:802][802]LogModuleManager: Shutting down and abandoning module WindowsTargetPlatform (61)
[2017.04.06-01.44.45:802][802]LogModuleManager: Shutting down and abandoning module WindowsServerTargetPlatform (59)
[2017.04.06-01.44.45:802][802]LogModuleManager: Shutting down and abandoning module WindowsNoEditorTargetPlatform (57)
[2017.04.06-01.44.45:802][802]LogModuleManager: Shutting down and abandoning module WindowsClientTargetPlatform (55)
[2017.04.06-01.44.45:802][802]LogModuleManager: Shutting down and abandoning module InputCore (52)
[2017.04.06-01.44.45:802][802]LogModuleManager: Shutting down and abandoning module Settings (50)
[2017.04.06-01.44.45:802][802]LogModuleManager: Shutting down and abandoning module OculusRift (48)
[2017.04.06-01.44.45:802][802]LogModuleManager: Shutting down and abandoning module GearVR (46)
[2017.04.06-01.44.45:802][802]LogModuleManager: Shutting down and abandoning module ExampleDeviceProfileSelector (44)
[2017.04.06-01.44.45:802][802]LogModuleManager: Shutting down and abandoning module OnlineBlueprintSupport (42)
[2017.04.06-01.44.45:802][802]LogModuleManager: Shutting down and abandoning module OnlineSubsystem (38)
[2017.04.06-01.44.45:802][802]LogOnline:Display: Unloading online subsystem: NULL
[2017.04.06-01.44.45:802][802]LogModuleManager: Shutting down and abandoning module XMPP (37)
[2017.04.06-01.44.45:803][802]LogModuleManager: Shutting down and abandoning module HTTP (35)
[2017.04.06-01.44.45:810][802]LogModuleManager: Shutting down and abandoning module SSL (34)
[2017.04.06-01.44.45:814][802]LogModuleManager: Shutting down and abandoning module AudioEditor (30)
[2017.04.06-01.44.45:814][802]LogModuleManager: Shutting down and abandoning module TextureCompressor (28)
[2017.04.06-01.44.45:815][802]LogModuleManager: Shutting down and abandoning module ShaderCore (26)
[2017.04.06-01.44.45:815][802]LogModuleManager: Shutting down and abandoning module Landscape (24)
[2017.04.06-01.44.45:815][802]LogModuleManager: Shutting down and abandoning module SlateRHIRenderer (22)
[2017.04.06-01.44.45:815][802]LogModuleManager: Shutting down and abandoning module OpenGLDrv (20)
[2017.04.06-01.44.45:815][802]LogModuleManager: Shutting down and abandoning module D3D11RHI (18)
[2017.04.06-01.44.45:815][802]LogModuleManager: Shutting down and abandoning module AnimGraphRuntime (16)
[2017.04.06-01.44.45:815][802]LogModuleManager: Shutting down and abandoning module Renderer (14)
[2017.04.06-01.44.45:815][802]LogModuleManager: Shutting down and abandoning module Engine (12)
[2017.04.06-01.44.45:815][802]LogModuleManager: Shutting down and abandoning module CoreUObject (10)
[2017.04.06-01.44.45:815][802]LogModuleManager: Shutting down and abandoning module NetworkFile (8)
[2017.04.06-01.44.45:815][802]LogModuleManager: Shutting down and abandoning module StreamingFile (6)
[2017.04.06-01.44.45:815][802]LogModuleManager: Shutting down and abandoning module SandboxFile (4)
[2017.04.06-01.44.45:815][802]LogModuleManager: Shutting down and abandoning module PakFile (2)
[2017.04.06-01.44.45:818][802]LogExit: Exiting.
[2017.04.06-01.44.45:821][802]Log file closed, 04/05/17 21:44:45
