Log file open, 04/05/17 21:27:10
LogInit:Display: Running engine for game: psyBrawl
LogPlatformFile: Not using cached read wrapper
LogInit:Display: RandInit(806700040) SRandInit(806700040).
LogTaskGraph: Started task graph with 5 named threads and 8 total threads with 1 sets of task threads.
LogStats: Stats thread started at 0.079857
LogInit: Using libcurl 7.47.1
LogInit:  - built for x86_64-pc-win32
LogInit:  - supports SSL with OpenSSL/1.0.2g
LogInit:  - supports HTTP deflate (compression) using libz 1.2.8
LogInit:  - other features:
LogInit:      CURL_VERSION_SSL
LogInit:      CURL_VERSION_LIBZ
LogInit:      CURL_VERSION_IPV6
LogInit:      CURL_VERSION_ASYNCHDNS
LogInit:      CURL_VERSION_LARGEFILE
LogInit:      CURL_VERSION_IDN
LogInit:  CurlRequestOptions (configurable via config and command line):
LogInit:  - bVerifyPeer = false  - Libcurl will NOT verify peer certificate
LogInit:  - bUseHttpProxy = false  - Libcurl will NOT use HTTP proxy
LogInit:  - bDontReuseConnections = false  - Libcurl will reuse connections
LogInit:  - CertBundlePath = nullptr  - Libcurl will use whatever was configured at build time.
LogInit: Build: ++UE4+Release-4.15-CL-3348071
LogInit: Engine Version: 4.15.1-3348071+++UE4+Release-4.15
LogInit: Compatible Engine Version: 4.15.0-3299760+++UE4+Release-4.15
LogInit: Net CL: 3299760
LogDevObjectVersion: Number of dev versions registered: 14
LogDevObjectVersion:   Dev-Blueprints (B0D832E4-1F89-4F0D-ACCF-7EB736FD4AA2): 8
LogDevObjectVersion:   Dev-Build (E1C64328-A22C-4D53-A36C-8E866417BD8C): 0
LogDevObjectVersion:   Dev-Core (375EC13C-06E4-48FB-B500-84F0262A717E): 2
LogDevObjectVersion:   Dev-Editor (E4B068ED-F494-42E9-A231-DA0B2E46BB41): 14
LogDevObjectVersion:   Dev-Framework (CFFC743F-43B0-4480-9391-14DF171D2073): 22
LogDevObjectVersion:   Dev-Mobile (B02B49B5-BB20-44E9-A304-32B752E40360): 0
LogDevObjectVersion:   Dev-Networking (A4E4105C-59A1-49B5-A7C5-40C4547EDFEE): 0
LogDevObjectVersion:   Dev-Online (39C831C9-5AE6-47DC-9A44-9C173E1C8E7C): 0
LogDevObjectVersion:   Dev-Physics (78F01B33-EBEA-4F98-B9B4-84EACCB95AA2): 0
LogDevObjectVersion:   Dev-Platform (6631380F-2D4D-43E0-8009-CF276956A95A): 0
LogDevObjectVersion:   Dev-Rendering (12F88B9F-8875-4AFC-A67C-D90C383ABD29): 12
LogDevObjectVersion:   Dev-Sequencer (7B5AE74C-D270-4C10-A958-57980B212A5A): 3
LogDevObjectVersion:   Dev-VR (D7296918-1DD6-4BDD-9DE2-64A83CC13884): 0
LogDevObjectVersion:   Dev-LoadTimes (C2A15278-BFE7-4AFE-6C17-90FF531DF755): 1
LogInit: Compiled (64-bit): Mar 15 2017 16:52:47
LogInit: Compiled with Visual C++: 19.00.23026.00
LogInit: Build Configuration: Development
LogInit: Branch Name: ++UE4+Release-4.15
LogInit: Command line: -EpicPortal 
LogInit: Base directory: C:/Program Files/Epic Games/UE_4.15/Engine/Binaries/Win64/
LogInit: Installed Engine Build: 1
LogInit: Presizing for max 8388607 objects, including 0 objects not considered by GC, pre-allocating 0 bytes for permanent pool.
LogInit: Object subsystem initialized
[2017.04.06-01.27.11:265][  0]LogInit: Selected Device Profile: [Windows]
[2017.04.06-01.27.11:265][  0]LogInit: Applying CVar settings loaded from the selected device profile: [Windows]
[2017.04.06-01.27.11:312][  0]LogInit: Computer: ARCTURUS
[2017.04.06-01.27.11:312][  0]LogInit: User: Braden
[2017.04.06-01.27.11:312][  0]LogInit: CPU Page size=65536, Cores=4
[2017.04.06-01.27.11:312][  0]LogInit: High frequency timer resolution =2.338346 MHz
[2017.04.06-01.27.11:313][  0]LogMemory: Memory total: Physical=7.9GB (8GB approx)
[2017.04.06-01.27.11:313][  0]LogMemory: Platform Memory Stats for Windows
[2017.04.06-01.27.11:313][  0]LogMemory: Process Physical Memory: 262.07 MB used, 262.07 MB peak
[2017.04.06-01.27.11:313][  0]LogMemory: Process Virtual Memory: 262.33 MB used, 262.33 MB peak
[2017.04.06-01.27.11:313][  0]LogMemory: Physical Memory: 5544.89 MB used,  2559.38 MB free, 8104.27 MB total
[2017.04.06-01.27.11:313][  0]LogMemory: Virtual Memory: 628.22 MB used,  2559.38 MB free, 134217728.00 MB total
[2017.04.06-01.27.11:387][  0]LogTextLocalizationManager: No specific translations for ('en-US') exist, so ('en') translations will be used.
[2017.04.06-01.27.12:016][  0]LogD3D11RHI: D3D11 adapters:
[2017.04.06-01.27.12:051][  0]LogD3D11RHI:    0. 'Intel(R) HD Graphics 4600' (Feature Level 11_0)
[2017.04.06-01.27.12:051][  0]LogD3D11RHI:       0/0/1792 MB DedicatedVideo/DedicatedSystem/SharedSystem, Outputs:2, VendorId:0x8086
[2017.04.06-01.27.12:077][  0]LogD3D11RHI:    1. 'NVIDIA GeForce GT 755M' (Feature Level 11_0)
[2017.04.06-01.27.12:077][  0]LogD3D11RHI:       1977/0/4052 MB DedicatedVideo/DedicatedSystem/SharedSystem, Outputs:0, VendorId:0x10de
[2017.04.06-01.27.12:078][  0]LogD3D11RHI:    2. 'Microsoft Basic Render Driver' (Feature Level 11_0)
[2017.04.06-01.27.12:078][  0]LogD3D11RHI:       0/0/256 MB DedicatedVideo/DedicatedSystem/SharedSystem, Outputs:0, VendorId:0x1414
[2017.04.06-01.27.12:078][  0]LogD3D11RHI: Chosen D3D11 Adapter: 1
[2017.04.06-01.27.12:083][  0]LogD3D11RHI: Creating new Direct3DDevice
[2017.04.06-01.27.12:083][  0]LogD3D11RHI:     GPU DeviceId: 0xfcd (for the marketing name, search the web for "GPU Device Id")
[2017.04.06-01.27.12:083][  0]LogWindows: EnumDisplayDevices:
[2017.04.06-01.27.12:083][  0]LogWindows:    0. 'Intel(R) HD Graphics 4600' (P:1 D:1)
[2017.04.06-01.27.12:083][  0]LogWindows:    1. 'Intel(R) HD Graphics 4600' (P:0 D:1)
[2017.04.06-01.27.12:083][  0]LogWindows:    2. 'Intel(R) HD Graphics 4600' (P:0 D:0)
[2017.04.06-01.27.12:083][  0]LogWindows:    3. 'NVIDIA GeForce GT 755M' (P:0 D:0)
[2017.04.06-01.27.12:083][  0]LogWindows: DebugString: PrimaryIsNotTheChoosenAdapter PrimaryIsNotTheChoosenAdapter PrimaryIsNotTheChoosenAdapter 
[2017.04.06-01.27.12:083][  0]LogD3D11RHI:     Adapter Name: NVIDIA GeForce GT 755M
[2017.04.06-01.27.12:083][  0]LogD3D11RHI:   Driver Version: 378.66 (internal:21.21.13.7866, unified:378.66)
[2017.04.06-01.27.12:083][  0]LogD3D11RHI:      Driver Date: 2-9-2017
[2017.04.06-01.27.12:083][  0]LogRHI: Texture pool is 1361 MB (70% of 1945 MB)
[2017.04.06-01.27.12:100][  0]LogD3D11RHI:Warning: Timestamp queries are currently disabled on this hardware due to instability. Realtime GPU stats will not be available. You can override this behaviour by setting r.NVIDIATimestampWorkaround to 0
[2017.04.06-01.27.12:100][  0]LogD3D11RHI: Async texture creation enabled
[2017.04.06-01.27.12:120][  0]LogD3D11RHI: GPU Timing Frequency: 1000.000000 (Debug: 2 2)
[2017.04.06-01.27.12:121][  0]LogShaderCompilers: Guid format shader working directory is -31 characters bigger than the processId version (../../../../../../Users/Braden/Documents/GitHub/ChimeraGames/PsyBrawl/psyBrawl/Intermediate/Shaders/WorkingDirectory/7012/).
[2017.04.06-01.27.12:121][  0]LogShaderCompilers: Cleaned the shader compiler working directory 'C:/Users/Braden/AppData/Local/Temp/UnrealShaderWorkingDir/4195C7C648846F9CBDE15FBFAA967FFF/'.
[2017.04.06-01.27.12:121][  0]LogShaderCompilers:Display: Using Local Shader Compiler.
[2017.04.06-01.27.13:282][  0]LogTemp:Display: Loaded TP AllDesktopTargetPlatform
[2017.04.06-01.27.13:347][  0]LogTemp:Display: Loaded TP MacClientTargetPlatform
[2017.04.06-01.27.13:410][  0]LogTemp:Display: Loaded TP MacNoEditorTargetPlatform
[2017.04.06-01.27.13:464][  0]LogTemp:Display: Loaded TP MacServerTargetPlatform
[2017.04.06-01.27.13:516][  0]LogTemp:Display: Loaded TP MacTargetPlatform
[2017.04.06-01.27.13:570][  0]LogTemp:Display: Loaded TP WindowsClientTargetPlatform
[2017.04.06-01.27.13:623][  0]LogTemp:Display: Loaded TP WindowsNoEditorTargetPlatform
[2017.04.06-01.27.13:675][  0]LogTemp:Display: Loaded TP WindowsServerTargetPlatform
[2017.04.06-01.27.13:713][  0]LogTemp:Display: Loaded TP WindowsTargetPlatform
[2017.04.06-01.27.13:764][  0]LogTemp:Display: Loaded TP AndroidTargetPlatform
[2017.04.06-01.27.13:812][  0]LogTemp:Display: Loaded TP Android_ASTCTargetPlatform
[2017.04.06-01.27.13:862][  0]LogTemp:Display: Loaded TP Android_ATCTargetPlatform
[2017.04.06-01.27.13:930][  0]LogTemp:Display: Loaded TP Android_DXTTargetPlatform
[2017.04.06-01.27.13:988][  0]LogTemp:Display: Loaded TP Android_ETC1TargetPlatform
[2017.04.06-01.27.14:042][  0]LogTemp:Display: Loaded TP Android_ETC2TargetPlatform
[2017.04.06-01.27.14:150][  0]LogTemp:Display: Loaded TP Android_MultiTargetPlatform
[2017.04.06-01.27.14:150][  0]LogTemp:Display: Loaded TP Android_PVRTCTargetPlatform
[2017.04.06-01.27.14:182][  0]LogTemp:Display: Loaded TP HTML5TargetPlatform
[2017.04.06-01.27.14:272][  0]LogTemp:Display: Loaded TP IOSTargetPlatform
[2017.04.06-01.27.14:353][  0]LogTemp:Display: Loaded TP TVOSTargetPlatform
[2017.04.06-01.27.14:409][  0]LogTemp:Display: Loaded TP LinuxClientTargetPlatform
[2017.04.06-01.27.14:456][  0]LogTemp:Display: Loaded TP LinuxNoEditorTargetPlatform
[2017.04.06-01.27.14:507][  0]LogTemp:Display: Loaded TP LinuxServerTargetPlatform
[2017.04.06-01.27.14:555][  0]LogTemp:Display: Loaded TP LinuxTargetPlatform
[2017.04.06-01.27.14:556][  0]LogTargetPlatformManager:Display: Building Assets For Windows
[2017.04.06-01.27.14:963][  0]LogDerivedDataCache:Display: Max Cache Size: 512 MB
[2017.04.06-01.27.15:029][  0]LogDerivedDataCache: Loaded boot cache 0.07s 50MB C:/Users/Braden/AppData/Local/UnrealEngine/4.15/DerivedDataCache/Boot.ddc.
[2017.04.06-01.27.15:029][  0]LogDerivedDataCache:Display: Loaded Boot cache: C:/Users/Braden/AppData/Local/UnrealEngine/4.15/DerivedDataCache/Boot.ddc
[2017.04.06-01.27.15:030][  0]LogDerivedDataCache: FDerivedDataBackendGraph:  Pak pak cache file ../../../../../../Users/Braden/Documents/GitHub/ChimeraGames/PsyBrawl/psyBrawl/DerivedDataCache/DDC.ddp not found, will not use a pak cache.
[2017.04.06-01.27.15:030][  0]LogDerivedDataCache: Unable to find inner node Pak for hierarchical cache Hierarchy.
[2017.04.06-01.27.15:030][  0]LogDerivedDataCache: FDerivedDataBackendGraph:  CompressedPak pak cache file ../../../../../../Users/Braden/Documents/GitHub/ChimeraGames/PsyBrawl/psyBrawl/DerivedDataCache/Compressed.ddp not found, will not use a pak cache.
[2017.04.06-01.27.15:030][  0]LogDerivedDataCache: Unable to find inner node CompressedPak for hierarchical cache Hierarchy.
[2017.04.06-01.27.15:052][  0]LogDerivedDataCache:Display: Pak cache opened for reading ../../../Engine/DerivedDataCache/Compressed.ddp.
[2017.04.06-01.27.15:064][  0]LogDerivedDataCache: Using Local data cache path C:/Users/Braden/AppData/Local/UnrealEngine/Common/DerivedDataCache: Writable
[2017.04.06-01.27.15:081][  0]LogSlate: Using Freetype 2.6.0
[2017.04.06-01.27.15:082][  0]LogSlate: SlateFontCache - WITH_FREETYPE: 1, WITH_HARFBUZZ: 1
[2017.04.06-01.27.15:082][  0]LogSlate: SlateFontCache - WITH_FREETYPE: 1, WITH_HARFBUZZ: 1
[2017.04.06-01.27.15:372][  0]LogInit: Selected Device Profile: [Windows]
[2017.04.06-01.27.15:374][  0]LogContentStreaming: Texture pool size is 0.00 MB
[2017.04.06-01.27.15:624][  0]LogMeshUtilities: Using QuadricMeshReduction for automatic static mesh reduction
[2017.04.06-01.27.15:695][  0]LogSimplygon: Simplygon DLL not present - disabling.
[2017.04.06-01.27.15:779][  0]LogMeshUtilities: Using SimplygonSwarm for distributed automatic mesh merging
[2017.04.06-01.27.15:779][  0]LogMeshUtilities: No automatic skeletal mesh reduction module available
[2017.04.06-01.27.15:779][  0]LogMeshUtilities: No automatic mesh merging module available
[2017.04.06-01.27.16:422][  0]LogNetVersion: GetLocalNetworkVersion: CL: 3299760, ProjectName: psybrawl, ProjectVersion: , EngineNetworkVersion: 2, GameNetworkVersion: 0, NetworkChecksum: 3876843788
[2017.04.06-01.27.16:465][  0]LogAssetRegistry: FAssetRegistry took 0.0219 seconds to start up
[2017.04.06-01.27.16:525][  0]LogPackageLocalizationCache: Processed 3 localized package path(s) for 2 prioritized culture(s) in 0.042000 seconds
[2017.04.06-01.27.16:530][  0]LogUObjectArray: 32493 objects as part of root set at end of initial load.
[2017.04.06-01.27.16:530][  0]LogUObjectAllocator: 7077032 out of 0 bytes used by permanent object pool.
[2017.04.06-01.27.16:530][  0]LogUObjectArray: CloseDisregardForGC: 0/0 objects in disregard for GC pool
[2017.04.06-01.27.16:587][  0]LogInit: WinSock: version 1.1 (2.2), MaxSocks=32767, MaxUdp=65467
[2017.04.06-01.27.18:016][  0]LogTcpMessaging: Initializing TcpMessaging bridge
[2017.04.06-01.27.18:054][  0]LogUdpMessaging: Initializing bridge on interface 0.0.0.0:0 to multicast group 230.0.0.1:6666.
[2017.04.06-01.27.18:458][  0]LogMaterial: Uniform references updated for custom material expression Custom.
[2017.04.06-01.27.18:776][  0]SourceControl: Info Source control is disabled
[2017.04.06-01.27.18:795][  0]SourceControl: Info Source control is disabled
[2017.04.06-01.27.18:835][  0]SourceControl: Info Source control is disabled
[2017.04.06-01.27.18:871][  0]SourceControl: Info Source control is disabled
[2017.04.06-01.27.19:894][  0]LogEngine: Initializing Engine...
[2017.04.06-01.27.19:898][  0]LogHMD: Failed to initialize OpenVR with code 105
[2017.04.06-01.27.20:118][  0]LogAIModule: Creating AISystem for world Untitled
[2017.04.06-01.27.20:131][  0]LogInit: XAudio2 using 'Speakers (Realtek High Definition Audio)' : 2 channels at 44.1 kHz using 16 bits per sample (channel mask 0x3)
[2017.04.06-01.27.20:140][  0]LogInit: FAudioDevice initialized.
[2017.04.06-01.27.20:177][  0]LogDerivedDataCache: Saved boot cache 0.04s 50MB C:/Users/Braden/AppData/Local/UnrealEngine/4.15/DerivedDataCache/Boot.ddc.
[2017.04.06-01.27.20:190][  0]LogInit: Texture streaming: Enabled
[2017.04.06-01.27.20:275][  0]LogEngineSessionManager: EngineSessionManager initialized
[2017.04.06-01.27.20:414][  0]LogInit: Transaction tracking system initialized
[2017.04.06-01.27.20:722][  0]BlueprintLog: New page: Editor Load
[2017.04.06-01.27.21:511][  0]LocalizationService: Info Localization service is disabled
[2017.04.06-01.27.22:087][  0]LogConsoleResponse:Display: 
[2017.04.06-01.27.22:238][  0]LogCook:Display: Max memory allowance for cook 16384mb min free memory 0mb
[2017.04.06-01.27.22:238][  0]LogCook:Display: Mobile HDR setting 1
[2017.04.06-01.27.23:097][  0]LogFileCache: Scanning file cache for directory 'C:/Users/Braden/Documents/GitHub/ChimeraGames/PsyBrawl/psyBrawl/Content/' took 0.02s
[2017.04.06-01.27.23:135][  0]SourceControl: Info Source control is disabled
[2017.04.06-01.27.23:136][  0]Cmd: MAP LOAD FILE="../../../../../../Users/Braden/Documents/GitHub/ChimeraGames/PsyBrawl/psyBrawl/Content/FirstPersonBP/Maps/FirstPersonExampleMap.umap" TEMPLATE=0 SHOWPROGRESS=1 FEATURELEVEL=3
[2017.04.06-01.27.23:136][  0]LightingResults: New page: Lighting Build
[2017.04.06-01.27.23:169][  0]MapCheck: New page: Map Check
[2017.04.06-01.27.23:169][  0]LightingResults: New page: Lighting Build
[2017.04.06-01.27.31:015][  0]LogTexture:Display: Building textures: HQ_Lightmap1_1 (AutoDXT, 2048X2048) - 46 MB total VRAM
[2017.04.06-01.27.31:648][  0]LogTexture:Display: Building textures: HQ_Lightmap1_2 (AutoDXT, 2048X2048) - 46 MB total VRAM
[2017.04.06-01.27.31:966][  0]LogTexture:Display: Building textures: HQ_Lightmap1_3 (AutoDXT, 64X64) - 46 MB total VRAM
[2017.04.06-01.27.32:028][  0]LogTexture:Display: Building textures: LQ_Lightmap_1_1 (DXT1, 2048X2048) - 46 MB total VRAM
[2017.04.06-01.27.32:372][  0]LogTexture:Display: Building textures: LQ_Lightmap_1_2 (DXT1, 2048X2048) - 46 MB total VRAM
[2017.04.06-01.27.32:580][  0]LogTexture:Display: Building textures: LQ_Lightmap_1_3 (DXT1, 64X64) - 46 MB total VRAM
[2017.04.06-01.27.32:606][  0]LogTexture:Display: Building textures: SkyOcclusion1_1 (AutoDXT, 2048X1024) - 46 MB total VRAM
[2017.04.06-01.27.32:882][  0]LogTexture:Display: Building textures: SkyOcclusion1_2 (AutoDXT, 2048X1024) - 46 MB total VRAM
[2017.04.06-01.27.33:022][  0]LogTexture:Display: Building textures: SkyOcclusion1_3 (AutoDXT, 64X32) - 46 MB total VRAM
[2017.04.06-01.27.34:704][  0]LogAIModule: Creating AISystem for world FirstPersonExampleMap
[2017.04.06-01.27.35:012][  0]LogEditorServer: Finished looking for orphan Actors (0.000 secs)
[2017.04.06-01.27.35:031][  0]Cmd: MAP CHECKDEP NOCLEARLOG
[2017.04.06-01.27.35:131][  0]MapCheck: Info Map check complete: 0 Error(s), 0 Warning(s), took 99.821ms to complete.
[2017.04.06-01.27.35:131][  0]LogFileHelpers: Loading map 'FirstPersonExampleMap' took 11.996
[2017.04.06-01.27.35:915][  0]LogCollectionManager: Loaded 0 collections in 0.001478 seconds
[2017.04.06-01.27.36:157][  0]LogFileCache: Scanning file cache for directory 'C:/Users/Braden/Documents/GitHub/ChimeraGames/PsyBrawl/psyBrawl/Saved/Collections/' took 0.01s
[2017.04.06-01.27.36:157][  0]LogFileCache: Scanning file cache for directory 'C:/Users/Braden/Documents/GitHub/ChimeraGames/PsyBrawl/psyBrawl/Content/Developers/Braden/Collections/' took 0.01s
[2017.04.06-01.27.36:157][  0]LogFileCache: Scanning file cache for directory 'C:/Users/Braden/Documents/GitHub/ChimeraGames/PsyBrawl/psyBrawl/Content/Collections/' took 0.01s
[2017.04.06-01.27.36:157][  0]LogCollectionManager: Rebuilt the GUID cache for 0 collections in 0.000004 seconds
[2017.04.06-01.27.36:190][  0]LogContentBrowser: Native class hierarchy populated in 0.0297 seconds. Added 2245 classes and 453 folders.
[2017.04.06-01.27.36:215][  0]LogStats: UGameplayTagsManager::ConstructGameplayTagTree: Construct from data asset -  0.000 s
[2017.04.06-01.27.36:225][  0]LogStats: UGameplayTagsManager::ConstructGameplayTagTree: GameplayTagTreeChangedEvent.Broadcast -  0.000 s
[2017.04.06-01.27.36:312][  0]LogContentBrowser: Native class hierarchy updated for 'WidgetCarousel' in 0.0005 seconds. Added 0 classes and 0 folders.
[2017.04.06-01.27.37:387][  0]LogContentBrowser: Native class hierarchy updated for 'AddContentDialog' in 0.0007 seconds. Added 0 classes and 0 folders.
[2017.04.06-01.27.37:506][  0]LogContentBrowser: Native class hierarchy updated for 'SceneOutliner' in 0.0007 seconds. Added 1 classes and 2 folders.
[2017.04.06-01.27.37:909][  0]LogCrashTracker: Crashtracker disabled due to settings.
[2017.04.06-01.27.37:982][  0]LogUObjectGlobals:Warning: Failed to find object 'Class None.'
[2017.04.06-01.27.38:086][  0]LogContentBrowser: Native class hierarchy updated for 'HierarchicalLODOutliner' in 0.0006 seconds. Added 1 classes and 2 folders.
[2017.04.06-01.27.38:086][  0]LogLoad: (Engine Initialization) Total time: 29.08 seconds
[2017.04.06-01.27.38:086][  0]LogLoad: (Engine Initialization) Total Blueprint compile time: 0.43 seconds
[2017.04.06-01.27.38:086][  0]LogExternalProfiler: Found external profiler: VSPerf
[2017.04.06-01.27.38:086][  0]LogExternalProfiler: Using external profiler: VSPerf
[2017.04.06-01.27.38:105][  0]LogOcInput: OculusInput pre-init called
[2017.04.06-01.27.38:257][  0]LogContentStreaming: Texture pool size now 3000 MB
[2017.04.06-01.27.38:260][  0]LogSlate: Took 0.000317 seconds to synchronously load lazily loaded font '../../../Engine/Content/Slate/Fonts/Roboto-Regular.ttf' (155K)
[2017.04.06-01.27.38:276][  0]LogSlate: Took 0.000406 seconds to synchronously load lazily loaded font '../../../Engine/Content/Slate/Fonts/Roboto-Bold.ttf' (160K)
[2017.04.06-01.27.38:995][  0]LogRenderer: Reallocating scene render targets to support 904x508 NumSamples 1 (Frame:2).
[2017.04.06-01.27.40:106][  3]LogAssetRegistry: Asset discovery search completed in 23.6627 seconds
[2017.04.06-01.27.40:106][  3]LogCollectionManager: Rebuilt the object cache for 0 collections in 0.000005 seconds (found 0 objects)
[2017.04.06-01.27.40:106][  3]LogCollectionManager: Fixed up redirectors for 0 collections in 0.000020 seconds (updated 0 objects)
[2017.04.06-01.27.43:561][ 13]LogSlate: Took 0.122619 seconds to synchronously load lazily loaded font '../../../Engine/Content/Editor/Slate/Fonts/FontAwesome.ttf' (139K)
[2017.04.06-01.27.48:658][212]LogSlate: Took 0.001333 seconds to synchronously load lazily loaded font '../../../Engine/Content/Slate/Fonts/Roboto-Light.ttf' (159K)
[2017.04.06-01.27.49:988][212]LogAIModule: Creating AISystem for world CinematicIntro
[2017.04.06-01.27.50:104][212]Cmd: MAP LOAD FILE="../../../../../../Users/Braden/Documents/GitHub/ChimeraGames/PsyBrawl/psyBrawl/Content/Levels/CinematicIntro.umap" TEMPLATE=0 SHOWPROGRESS=1 FEATURELEVEL=3
[2017.04.06-01.27.50:104][212]LightingResults: New page: Lighting Build
[2017.04.06-01.27.50:106][212]LoadErrors: New page: Loading map: CinematicIntro.umap
[2017.04.06-01.27.50:107][212]MapCheck: New page: Map Check
[2017.04.06-01.27.50:107][212]LightingResults: New page: Lighting Build
[2017.04.06-01.27.50:193][212]LogEditorServer: Finished looking for orphan Actors (0.000 secs)
[2017.04.06-01.27.50:217][212]Cmd: MAP CHECKDEP NOCLEARLOG
[2017.04.06-01.27.50:262][212]MapCheck: Info Map check complete: 0 Error(s), 0 Warning(s), took 45.376ms to complete.
[2017.04.06-01.27.50:263][212]LogFileHelpers: Loading map 'CinematicIntro' took 0.160
[2017.04.06-01.28.16:468][698]LogContentBrowser: Native class hierarchy updated for 'BlueprintGraph' in 0.0013 seconds. Added 112 classes and 0 folders.
[2017.04.06-01.28.17:788][698]LogSlate: Took 0.034715 seconds to synchronously load lazily loaded font '../../../Engine/Content/Editor/Slate/Fonts/Roboto-BoldCondensed.ttf' (158K)
[2017.04.06-01.28.52:363][405]LogSlate: Took 0.022830 seconds to synchronously load lazily loaded font '../../../Engine/Content/Editor/Slate/Fonts/Roboto-BoldCondensedItalic.ttf' (160K)
[2017.04.06-01.33.56:731][423]LogSlate: Took 0.015672 seconds to synchronously load lazily loaded font '../../../Engine/Content/Editor/Slate/Fonts/Roboto-Italic.ttf' (157K)
[2017.04.06-01.34.23:998][  8]BlueprintLog: New page: Compile CinematicIntro
[2017.04.06-01.35.37:065][335]BlueprintLog: New page: Compile CinematicIntro
[2017.04.06-01.35.52:711][185]LogRenderer: Reallocating scene render targets to support 952x720 NumSamples 1 (Frame:5829).
[2017.04.06-01.38.51:850][795]LogSlate: Took 0.000168 seconds to synchronously load lazily loaded font '../../../Engine/Content/Slate/Fonts/Roboto-Light.ttf' (159K)
[2017.04.06-01.39.01:198][822]LogBlueprint:Warning: [Compiler PersistentLevel.CinematicIntro] Warning Node  Unknown  is not referencing a valid level actor
[2017.04.06-01.39.01:200][822]LogBlueprint:Warning: [Compiler PersistentLevel.CinematicIntro] Warning [0712.19] Compile of PersistentLevel.CinematicIntro successful, but with 1 Warning(s) [in 7 ms] (/Game/Levels/CinematicIntro.CinematicIntro:PersistentLevel.CinematicIntro)
[2017.04.06-01.39.01:200][822]LogBlueprint:Warning: [Compiler PersistentLevel.CinematicIntro] Warning [0712.20] Compile of PersistentLevel.CinematicIntro successful, but with 2 Warning(s) [in 0 ms] (/Game/Levels/CinematicIntro.CinematicIntro:PersistentLevel.CinematicIntro)
[2017.04.06-01.39.01:200][822]LogBlueprint:Warning: [Compiler PersistentLevel.CinematicIntro] Warning [0712.20] Compile of PersistentLevel.CinematicIntro successful, but with 3 Warning(s) [in 0 ms] (/Game/Levels/CinematicIntro.CinematicIntro:PersistentLevel.CinematicIntro)
[2017.04.06-01.39.01:303][822]LogBlueprint:Warning: [Compiler PersistentLevel.CinematicIntro] Warning [0712.30] Compile of PersistentLevel.CinematicIntro successful, but with 4 Warning(s) [in 102 ms] (/Game/Levels/CinematicIntro.CinematicIntro:PersistentLevel.CinematicIntro)
[2017.04.06-01.39.01:305][822]LogBlueprint:Warning: [Compiler PersistentLevel.CinematicIntro] Warning [0712.30] Compile of PersistentLevel.CinematicIntro successful, but with 5 Warning(s) [in 2 ms] (/Game/Levels/CinematicIntro.CinematicIntro:PersistentLevel.CinematicIntro)
[2017.04.06-01.39.01:305][822]LogBlueprint:Warning: [Compiler PersistentLevel.CinematicIntro] Warning [0712.30] Compile of PersistentLevel.CinematicIntro successful, but with 6 Warning(s) [in 0 ms] (/Game/Levels/CinematicIntro.CinematicIntro:PersistentLevel.CinematicIntro)
[2017.04.06-01.39.01:398][822]LogSavePackage: Save=210.29ms
[2017.04.06-01.39.01:398][822]LogSavePackage: Moving '../../../../../../Users/Braden/Documents/GitHub/ChimeraGames/PsyBrawl/psyBrawl/Saved/CinematicIntro_Auto13C33F8FD4BD8E756939A5AB33B5F9899.tmp' to '../../../../../../Users/Braden/Documents/GitHub/ChimeraGames/PsyBrawl/psyBrawl/Saved/Autosaves/Game/Levels/CinematicIntro_Auto1.umap'
[2017.04.06-01.39.01:399][822]LogSavePackage:Display: Finished SavePackage ../../../../../../Users/Braden/Documents/GitHub/ChimeraGames/PsyBrawl/psyBrawl/Saved/Autosaves/Game/Levels/CinematicIntro_Auto1.umap
[2017.04.06-01.39.01:400][822]LogFileHelpers: Editor autosave (incl. sublevels) for '/Game/Levels/CinematicIntro' took 0.443
[2017.04.06-01.39.01:400][822]LogFileHelpers: Editor autosave (incl. sublevels) for all levels took 0.443
[2017.04.06-01.39.01:403][822]OBJ SavePackage: Generating thumbnails for [0] asset(s) in package [/Game/Cinematics/Master_Blueprint] ([1] browsable assets)...
[2017.04.06-01.39.01:403][822]OBJ SavePackage: Finished generating thumbnails for package [/Game/Cinematics/Master_Blueprint]
[2017.04.06-01.39.01:411][822]LogSavePackage: Save=6.47ms
[2017.04.06-01.39.01:411][822]LogSavePackage: Moving '../../../../../../Users/Braden/Documents/GitHub/ChimeraGames/PsyBrawl/psyBrawl/Saved/Master_Blueprint_Auto181E9AF394AB84702FFBFF286FFF09368.tmp' to '../../../../../../Users/Braden/Documents/GitHub/ChimeraGames/PsyBrawl/psyBrawl/Saved/Autosaves/Game/Cinematics/Master_Blueprint_Auto1.uasset'
[2017.04.06-01.39.01:411][822]LogSavePackage:Display: Finished SavePackage ../../../../../../Users/Braden/Documents/GitHub/ChimeraGames/PsyBrawl/psyBrawl/Saved/Autosaves/Game/Cinematics/Master_Blueprint_Auto1.uasset
[2017.04.06-01.39.01:411][822]LogFileHelpers: Auto-saving content packages took 0.009
[2017.04.06-01.41.47:053][457]BlueprintLog: New page: Compile CinematicIntro
[2017.04.06-01.41.47:062][457]LogBlueprint:Warning: [Compiler PersistentLevel.CinematicIntro] Warning Node  Unknown  is not referencing a valid level actor
[2017.04.06-01.41.47:176][457]BlueprintEditorCompileResults:Warning: Warning Node  Unknown  is not referencing a valid level actor
[2017.04.06-01.41.47:177][457]LogBlueprint:Warning: [Compiler PersistentLevel.CinematicIntro] Warning [0878.17] Compile of PersistentLevel.CinematicIntro successful, but with 1 Warning(s) [in 123 ms] (/Game/Levels/CinematicIntro.CinematicIntro:PersistentLevel.CinematicIntro)
[2017.04.06-01.43.28:676][929]BlueprintLog: New page: Compile CinematicIntro
[2017.04.06-01.43.28:685][929]LogBlueprint:Warning: [Compiler PersistentLevel.CinematicIntro] Warning Node  Unknown  is not referencing a valid level actor
[2017.04.06-01.43.28:813][929]BlueprintEditorCompileResults:Warning: Warning Node  Unknown  is not referencing a valid level actor
[2017.04.06-01.43.28:814][929]LogBlueprint:Warning: [Compiler PersistentLevel.CinematicIntro] Warning [0979.81] Compile of PersistentLevel.CinematicIntro successful, but with 1 Warning(s) [in 137 ms] (/Game/Levels/CinematicIntro.CinematicIntro:PersistentLevel.CinematicIntro)
[2017.04.06-01.43.38:575][503]LogEditorViewport: Clicking on Actor (LMB): Master_Blueprint_C (Master_Blueprint)
[2017.04.06-01.43.47:862][ 44]BlueprintLog: New page: Compile CinematicIntro
[2017.04.06-01.43.50:549][198]LogTemp: Repeting last play command: Standalone Game
[2017.04.06-01.43.58:032][198]LogSavePackage: Save=6.93ms
[2017.04.06-01.43.58:032][198]LogSavePackage: Moving '../../../../../../Users/Braden/Documents/GitHub/ChimeraGames/PsyBrawl/psyBrawl/Saved/Master_Blueprint681A57AE48F52E3A1A64518E488101FE.tmp' to '../../../../../../Users/Braden/Documents/GitHub/ChimeraGames/PsyBrawl/psyBrawl/Content/Cinematics/Master_Blueprint.uasset'
[2017.04.06-01.43.58:033][198]LogSavePackage:Display: Finished SavePackage ../../../../../../Users/Braden/Documents/GitHub/ChimeraGames/PsyBrawl/psyBrawl/Content/Cinematics/Master_Blueprint.uasset
[2017.04.06-01.43.58:344][198]LogSavePackage: Save=236.02ms
[2017.04.06-01.43.58:344][198]LogSavePackage: Moving '../../../../../../Users/Braden/Documents/GitHub/ChimeraGames/PsyBrawl/psyBrawl/Saved/UEDPCCinematicIntroF250A06647B8551C6F6C63902B50B2DD.tmp' to '../../../../../../Users/Braden/Documents/GitHub/ChimeraGames/PsyBrawl/psyBrawl/Saved/Autosaves/Game/Levels/UEDPCCinematicIntro.umap'
[2017.04.06-01.43.58:345][198]LogSavePackage:Display: Finished SavePackage ../../../../../../Users/Braden/Documents/GitHub/ChimeraGames/PsyBrawl/psyBrawl/Saved/Autosaves/Game/Levels/UEDPCCinematicIntro.umap
[2017.04.06-01.43.58:562][198]LogSavePackage: Save=109.30ms
[2017.04.06-01.43.58:563][198]LogSavePackage: Moving '../../../../../../Users/Braden/Documents/GitHub/ChimeraGames/PsyBrawl/psyBrawl/Saved/CinematicIntro_BuiltDataFC0487E34E56ECD952341FA30CD219B4.tmp' to '../../../../../../Users/Braden/Documents/GitHub/ChimeraGames/PsyBrawl/psyBrawl/Content/Levels/CinematicIntro_BuiltData.uasset'
[2017.04.06-01.43.58:564][198]LogSavePackage:Display: Finished SavePackage ../../../../../../Users/Braden/Documents/GitHub/ChimeraGames/PsyBrawl/psyBrawl/Content/Levels/CinematicIntro_BuiltData.uasset
[2017.04.06-01.43.58:571][198]LogEditorTransaction: Undo Spawn Play From Here Start
[2017.04.06-01.45.21:364][535]LogTemp: Repeting last play command: Standalone Game
[2017.04.06-01.45.21:770][535]LogSavePackage: Save=237.78ms
[2017.04.06-01.45.21:770][535]LogSavePackage: Moving '../../../../../../Users/Braden/Documents/GitHub/ChimeraGames/PsyBrawl/psyBrawl/Saved/UEDPCCinematicIntroF890FE1E400AD046194CD1A48C5A701E.tmp' to '../../../../../../Users/Braden/Documents/GitHub/ChimeraGames/PsyBrawl/psyBrawl/Saved/Autosaves/Game/Levels/UEDPCCinematicIntro.umap'
[2017.04.06-01.45.21:772][535]LogSavePackage:Display: Finished SavePackage ../../../../../../Users/Braden/Documents/GitHub/ChimeraGames/PsyBrawl/psyBrawl/Saved/Autosaves/Game/Levels/UEDPCCinematicIntro.umap
[2017.04.06-01.45.21:863][535]LogSavePackage: Save=81.69ms
[2017.04.06-01.45.21:863][535]LogSavePackage: Moving '../../../../../../Users/Braden/Documents/GitHub/ChimeraGames/PsyBrawl/psyBrawl/Saved/CinematicIntro_BuiltData04064CC84536F06B7FE6B195AB3CB82A.tmp' to '../../../../../../Users/Braden/Documents/GitHub/ChimeraGames/PsyBrawl/psyBrawl/Content/Levels/CinematicIntro_BuiltData.uasset'
[2017.04.06-01.45.21:865][535]LogSavePackage:Display: Finished SavePackage ../../../../../../Users/Braden/Documents/GitHub/ChimeraGames/PsyBrawl/psyBrawl/Content/Levels/CinematicIntro_BuiltData.uasset
[2017.04.06-01.45.21:871][535]LogEditorTransaction: Undo Spawn Play From Here Start
[2017.04.06-01.46.38:675][907]BlueprintLog: New page: Compile CinematicIntro
[2017.04.06-01.46.39:572][950]LogTemp: Repeting last play command: Standalone Game
[2017.04.06-01.46.39:977][950]LogSavePackage: Save=237.01ms
[2017.04.06-01.46.39:977][950]LogSavePackage: Moving '../../../../../../Users/Braden/Documents/GitHub/ChimeraGames/PsyBrawl/psyBrawl/Saved/UEDPCCinematicIntro60C7F8F74224D3B1B2F5F2BD983ED823.tmp' to '../../../../../../Users/Braden/Documents/GitHub/ChimeraGames/PsyBrawl/psyBrawl/Saved/Autosaves/Game/Levels/UEDPCCinematicIntro.umap'
[2017.04.06-01.46.39:978][950]LogSavePackage:Display: Finished SavePackage ../../../../../../Users/Braden/Documents/GitHub/ChimeraGames/PsyBrawl/psyBrawl/Saved/Autosaves/Game/Levels/UEDPCCinematicIntro.umap
[2017.04.06-01.46.40:065][950]LogSavePackage: Save=77.72ms
[2017.04.06-01.46.40:065][950]LogSavePackage: Moving '../../../../../../Users/Braden/Documents/GitHub/ChimeraGames/PsyBrawl/psyBrawl/Saved/CinematicIntro_BuiltData1FE36C324BB3242620DC13A7EBF15F89.tmp' to '../../../../../../Users/Braden/Documents/GitHub/ChimeraGames/PsyBrawl/psyBrawl/Content/Levels/CinematicIntro_BuiltData.uasset'
[2017.04.06-01.46.40:067][950]LogSavePackage:Display: Finished SavePackage ../../../../../../Users/Braden/Documents/GitHub/ChimeraGames/PsyBrawl/psyBrawl/Content/Levels/CinematicIntro_BuiltData.uasset
[2017.04.06-01.46.40:072][950]LogEditorTransaction: Undo Spawn Play From Here Start
[2017.04.06-01.48.04:751][ 36]BlueprintLog: New page: Compile CinematicIntro
[2017.04.06-01.49.32:968][973]LogSavePackage: Save=186.17ms
[2017.04.06-01.49.32:968][973]LogSavePackage: Moving '../../../../../../Users/Braden/Documents/GitHub/ChimeraGames/PsyBrawl/psyBrawl/Saved/CinematicIntro_Auto2AF8AED3B40B3ACE4599C8E8728BB3B66.tmp' to '../../../../../../Users/Braden/Documents/GitHub/ChimeraGames/PsyBrawl/psyBrawl/Saved/Autosaves/Game/Levels/CinematicIntro_Auto2.umap'
[2017.04.06-01.49.32:970][973]LogSavePackage:Display: Finished SavePackage ../../../../../../Users/Braden/Documents/GitHub/ChimeraGames/PsyBrawl/psyBrawl/Saved/Autosaves/Game/Levels/CinematicIntro_Auto2.umap
[2017.04.06-01.49.32:971][973]LogFileHelpers: Editor autosave (incl. sublevels) for '/Game/Levels/CinematicIntro' took 0.218
[2017.04.06-01.49.32:971][973]LogFileHelpers: Editor autosave (incl. sublevels) for all levels took 0.218
[2017.04.06-01.49.44:806][459]LogSlate: Only BGRA pngs, bmps or icos are supported in by External Image Picker
[2017.04.06-01.49.44:866][460]LogTemp:Display: Executing iPhonePackager certificates Engine -bundlename com.YourCompany.psyBrawl

[2017.04.06-01.49.44:866][460]LogTemp:Display: CWD: C:\Program Files\Epic Games\UE_4.15\Engine\Binaries\DotNET\IOS

[2017.04.06-01.49.44:866][460]LogTemp:Display: Initial Dir: C:\Program Files\Epic Games\UE_4.15

[2017.04.06-01.49.44:866][460]LogTemp:Display: Env CWD: C:\Program Files\Epic Games\UE_4.15\Engine\Binaries\DotNET\IOS

[2017.04.06-01.49.44:866][460]LogTemp:Display: BranchPath = ARCTURUS/C/Program Files/Epic Games/UE_4.15/Engine/Binaries --- GameBranchPath = ARCTURUS/C/Program Files/Epic Games/UE_4.15/Engine/Binaries

[2017.04.06-01.49.44:866][460]LogTemp:Display: IPP ERROR: Application exception: System.IO.DirectoryNotFoundException: Could not find a part of the path 'C:\Users\Braden\AppData\Local\Apple Computer\MobileDevice\Provisioning Profiles'.

[2017.04.06-01.49.44:866][460]LogTemp:Display:    at System.IO.__Error.WinIOError(Int32 errorCode, String maybeFullPath)

[2017.04.06-01.49.44:866][460]LogTemp:Display:    at System.IO.FileSystemEnumerableIterator`1.CommonInit()

[2017.04.06-01.49.44:866][460]LogTemp:Display:    at System.IO.FileSystemEnumerableIterator`1..ctor(String path, String originalUserPath, String searchPattern, SearchOption searchOption, SearchResultHandler`1 resultHandler, Boolean checkHost)

[2017.04.06-01.49.44:866][460]LogTemp:Display:    at System.IO.Directory.EnumerateFiles(String path, String searchPattern)

[2017.04.06-01.49.44:866][460]LogTemp:Display:    at iPhonePackager.CodeSignatureBuilder.FindProvisions(String CFBundleIdentifier)

[2017.04.06-01.49.44:866][460]LogTemp:Display:    at iPhonePackager.Program.Main(String[] args)

[2017.04.06-01.50.33:413][ 14]LogSavePackage: Save=239.55ms
[2017.04.06-01.50.33:413][ 14]LogSavePackage: Moving '../../../../../../Users/Braden/Documents/GitHub/ChimeraGames/PsyBrawl/psyBrawl/Saved/CinematicIntroA2E746674476151AB0FC139974CF76D7.tmp' to '../../../../../../Users/Braden/Documents/GitHub/ChimeraGames/PsyBrawl/psyBrawl/Content/Levels/CinematicIntro.umap'
[2017.04.06-01.50.33:416][ 14]LogSavePackage:Display: Finished SavePackage ../../../../../../Users/Braden/Documents/GitHub/ChimeraGames/PsyBrawl/psyBrawl/Content/Levels/CinematicIntro.umap
[2017.04.06-01.50.33:438][ 14]LogFileHelpers: Saving map 'CinematicIntro' took 0.349
[2017.04.06-01.50.33:441][ 14]Cmd: MAP LOAD FILE="../../../../../../Users/Braden/Documents/GitHub/ChimeraGames/PsyBrawl/psyBrawl/Content/Levels/CinematicIntro.umap" TEMPLATE=0 SHOWPROGRESS=1 FEATURELEVEL=3
[2017.04.06-01.50.33:441][ 14]LightingResults: New page: Lighting Build
[2017.04.06-01.50.33:443][ 14]LoadErrors: New page: Loading map: CinematicIntro.umap
[2017.04.06-01.50.33:492][ 14]MapCheck: New page: Map Check
[2017.04.06-01.50.33:492][ 14]LightingResults: New page: Lighting Build
[2017.04.06-01.50.33:559][ 14]LogAIModule: Creating AISystem for world CinematicIntro
[2017.04.06-01.50.33:566][ 14]LogEditorServer: Finished looking for orphan Actors (0.000 secs)
[2017.04.06-01.50.33:589][ 14]Cmd: MAP CHECKDEP NOCLEARLOG
[2017.04.06-01.50.33:640][ 14]MapCheck: Info Map check complete: 0 Error(s), 0 Warning(s), took 51.268ms to complete.
[2017.04.06-01.50.33:641][ 14]LogFileHelpers: Loading map 'CinematicIntro' took 0.202
[2017.04.06-01.51.02:438][594]LogSlate:Warning: Prevented a slow task dialog from being summoned while a context menu was open
[2017.04.06-01.51.07:995][911]Cmd: MAP LOAD FILE="../../../../../../Users/Braden/Documents/GitHub/ChimeraGames/PsyBrawl/psyBrawl/Content/Levels/CinematicIntro.umap" TEMPLATE=0 SHOWPROGRESS=1 FEATURELEVEL=3
[2017.04.06-01.51.07:995][911]LightingResults: New page: Lighting Build
[2017.04.06-01.51.07:998][911]LoadErrors: New page: Loading map: CinematicIntro.umap
[2017.04.06-01.51.07:999][911]MapCheck: New page: Map Check
[2017.04.06-01.51.07:999][911]LightingResults: New page: Lighting Build
[2017.04.06-01.51.08:058][911]LogAIModule: Creating AISystem for world CinematicIntro
[2017.04.06-01.51.08:155][911]LogEditorServer: Finished looking for orphan Actors (0.000 secs)
[2017.04.06-01.51.08:179][911]Cmd: MAP CHECKDEP NOCLEARLOG
[2017.04.06-01.51.08:236][911]MapCheck: Info Map check complete: 0 Error(s), 0 Warning(s), took 56.972ms to complete.
[2017.04.06-01.51.08:237][911]LogFileHelpers: Loading map 'CinematicIntro' took 0.243
[2017.04.06-01.51.34:770][348]LogSlate:Warning: Prevented a slow task dialog from being summoned while a context menu was open
[2017.04.06-01.55.50:396][508]BlueprintLog: New page: Compile CinematicIntro
[2017.04.06-01.55.53:015][654]LogTemp: Repeting last play command: Standalone Game
[2017.04.06-01.55.53:324][654]LogSavePackage: Save=181.42ms
[2017.04.06-01.55.53:324][654]LogSavePackage: Moving '../../../../../../Users/Braden/Documents/GitHub/ChimeraGames/PsyBrawl/psyBrawl/Saved/UEDPCCinematicIntroD312B45049A41C16F5FAE8B84BE49155.tmp' to '../../../../../../Users/Braden/Documents/GitHub/ChimeraGames/PsyBrawl/psyBrawl/Saved/Autosaves/Game/Levels/UEDPCCinematicIntro.umap'
[2017.04.06-01.55.53:325][654]LogSavePackage:Display: Finished SavePackage ../../../../../../Users/Braden/Documents/GitHub/ChimeraGames/PsyBrawl/psyBrawl/Saved/Autosaves/Game/Levels/UEDPCCinematicIntro.umap
[2017.04.06-01.55.53:415][654]LogSavePackage: Save=78.54ms
[2017.04.06-01.55.53:415][654]LogSavePackage: Moving '../../../../../../Users/Braden/Documents/GitHub/ChimeraGames/PsyBrawl/psyBrawl/Saved/CinematicIntro_BuiltDataF75A138A42EA1931324C42B317FA239F.tmp' to '../../../../../../Users/Braden/Documents/GitHub/ChimeraGames/PsyBrawl/psyBrawl/Content/Levels/CinematicIntro_BuiltData.uasset'
[2017.04.06-01.55.53:416][654]LogSavePackage:Display: Finished SavePackage ../../../../../../Users/Braden/Documents/GitHub/ChimeraGames/PsyBrawl/psyBrawl/Content/Levels/CinematicIntro_BuiltData.uasset
[2017.04.06-01.55.53:422][654]LogEditorTransaction: Undo Spawn Play From Here Start
[2017.04.06-01.56.51:710][ 56]LogSlate:Warning: Prevented a slow task dialog from being summoned while a context menu was open
[2017.04.06-01.57.02:496][678]LogEditorViewport: Clicking on Actor (LMB): BP_Sky_Sphere_C (BP_Sky_Sphere)
[2017.04.06-01.57.04:059][751]LogSavePackage: Save=175.94ms
[2017.04.06-01.57.04:059][751]LogSavePackage: Moving '../../../../../../Users/Braden/Documents/GitHub/ChimeraGames/PsyBrawl/psyBrawl/Saved/CinematicIntro05ADD41B4ECACFFFB8CDD5B566A9066A.tmp' to '../../../../../../Users/Braden/Documents/GitHub/ChimeraGames/PsyBrawl/psyBrawl/Content/Levels/CinematicIntro.umap'
[2017.04.06-01.57.04:061][751]LogSavePackage:Display: Finished SavePackage ../../../../../../Users/Braden/Documents/GitHub/ChimeraGames/PsyBrawl/psyBrawl/Content/Levels/CinematicIntro.umap
[2017.04.06-01.57.04:146][751]LogSavePackage: Save=61.42ms
[2017.04.06-01.57.04:146][751]LogSavePackage: Moving '../../../../../../Users/Braden/Documents/GitHub/ChimeraGames/PsyBrawl/psyBrawl/Saved/CinematicIntro_BuiltData2B535C6A4BCA95D7996F4A9B563B8974.tmp' to '../../../../../../Users/Braden/Documents/GitHub/ChimeraGames/PsyBrawl/psyBrawl/Content/Levels/CinematicIntro_BuiltData.uasset'
[2017.04.06-01.57.04:147][751]LogSavePackage:Display: Finished SavePackage ../../../../../../Users/Braden/Documents/GitHub/ChimeraGames/PsyBrawl/psyBrawl/Content/Levels/CinematicIntro_BuiltData.uasset
[2017.04.06-01.58.14:755][720]LogTemp: Repeting last play command: Standalone Game
[2017.04.06-01.58.18:795][720]LogSavePackage: Save=23.90ms
[2017.04.06-01.58.18:795][720]LogSavePackage: Moving '../../../../../../Users/Braden/Documents/GitHub/ChimeraGames/PsyBrawl/psyBrawl/Saved/FirstPersonGameMode814E50054C7F5FEC6AFB748E7DDBFAB9.tmp' to '../../../../../../Users/Braden/Documents/GitHub/ChimeraGames/PsyBrawl/psyBrawl/Content/FirstPersonBP/Blueprints/FirstPersonGameMode.uasset'
[2017.04.06-01.58.18:801][720]LogSavePackage:Display: Finished SavePackage ../../../../../../Users/Braden/Documents/GitHub/ChimeraGames/PsyBrawl/psyBrawl/Content/FirstPersonBP/Blueprints/FirstPersonGameMode.uasset
[2017.04.06-01.58.18:846][720]LogSavePackage: Save=26.68ms
[2017.04.06-01.58.18:846][720]LogSavePackage: Moving '../../../../../../Users/Braden/Documents/GitHub/ChimeraGames/PsyBrawl/psyBrawl/Saved/FirstPersonHUDECABAAFE450D393A4536B0B48CBEB6C7.tmp' to '../../../../../../Users/Braden/Documents/GitHub/ChimeraGames/PsyBrawl/psyBrawl/Content/FirstPersonBP/Blueprints/FirstPersonHUD.uasset'
[2017.04.06-01.58.18:848][720]LogSavePackage:Display: Finished SavePackage ../../../../../../Users/Braden/Documents/GitHub/ChimeraGames/PsyBrawl/psyBrawl/Content/FirstPersonBP/Blueprints/FirstPersonHUD.uasset
[2017.04.06-01.58.19:240][720]LogSavePackage: Save=308.51ms
[2017.04.06-01.58.19:240][720]LogSavePackage: Moving '../../../../../../Users/Braden/Documents/GitHub/ChimeraGames/PsyBrawl/psyBrawl/Saved/UEDPCCinematicIntro6A12BEE54EC37569A21D0B9A84858F98.tmp' to '../../../../../../Users/Braden/Documents/GitHub/ChimeraGames/PsyBrawl/psyBrawl/Saved/Autosaves/Game/Levels/UEDPCCinematicIntro.umap'
[2017.04.06-01.58.19:241][720]LogSavePackage:Display: Finished SavePackage ../../../../../../Users/Braden/Documents/GitHub/ChimeraGames/PsyBrawl/psyBrawl/Saved/Autosaves/Game/Levels/UEDPCCinematicIntro.umap
[2017.04.06-01.58.19:308][720]LogSavePackage: Save=58.79ms
[2017.04.06-01.58.19:308][720]LogSavePackage: Moving '../../../../../../Users/Braden/Documents/GitHub/ChimeraGames/PsyBrawl/psyBrawl/Saved/CinematicIntro_BuiltDataE581167A4D00EA8373C0B4927749791E.tmp' to '../../../../../../Users/Braden/Documents/GitHub/ChimeraGames/PsyBrawl/psyBrawl/Content/Levels/CinematicIntro_BuiltData.uasset'
[2017.04.06-01.58.19:309][720]LogSavePackage:Display: Finished SavePackage ../../../../../../Users/Braden/Documents/GitHub/ChimeraGames/PsyBrawl/psyBrawl/Content/Levels/CinematicIntro_BuiltData.uasset
[2017.04.06-01.58.19:315][720]LogEditorTransaction: Undo Spawn Play From Here Start
[2017.04.06-01.58.21:020][791]LogTemp: Repeting last play command: Standalone Game
[2017.04.06-01.58.21:335][791]LogSavePackage: Save=176.89ms
[2017.04.06-01.58.21:335][791]LogSavePackage: Moving '../../../../../../Users/Braden/Documents/GitHub/ChimeraGames/PsyBrawl/psyBrawl/Saved/UEDPCCinematicIntro2A82001143E5944AD10A4F972D0EF0BD.tmp' to '../../../../../../Users/Braden/Documents/GitHub/ChimeraGames/PsyBrawl/psyBrawl/Saved/Autosaves/Game/Levels/UEDPCCinematicIntro.umap'
[2017.04.06-01.58.21:371][791]LogSavePackage:Display: Finished SavePackage ../../../../../../Users/Braden/Documents/GitHub/ChimeraGames/PsyBrawl/psyBrawl/Saved/Autosaves/Game/Levels/UEDPCCinematicIntro.umap
[2017.04.06-01.58.21:471][791]LogSavePackage: Save=73.66ms
[2017.04.06-01.58.21:471][791]LogSavePackage: Moving '../../../../../../Users/Braden/Documents/GitHub/ChimeraGames/PsyBrawl/psyBrawl/Saved/CinematicIntro_BuiltDataF317F45A4B52F840D88E8882BAD87DC1.tmp' to '../../../../../../Users/Braden/Documents/GitHub/ChimeraGames/PsyBrawl/psyBrawl/Content/Levels/CinematicIntro_BuiltData.uasset'
[2017.04.06-01.58.21:472][791]LogSavePackage:Display: Finished SavePackage ../../../../../../Users/Braden/Documents/GitHub/ChimeraGames/PsyBrawl/psyBrawl/Content/Levels/CinematicIntro_BuiltData.uasset
[2017.04.06-01.58.21:477][791]LogEditorTransaction: Undo Spawn Play From Here Start
[2017.04.06-01.58.52:900][739]BlueprintLog: New page: Compile CinematicIntro
[2017.04.06-01.58.54:124][806]LogTemp: Repeting last play command: Standalone Game
[2017.04.06-01.58.54:430][806]LogSavePackage: Save=175.66ms
[2017.04.06-01.58.54:430][806]LogSavePackage: Moving '../../../../../../Users/Braden/Documents/GitHub/ChimeraGames/PsyBrawl/psyBrawl/Saved/UEDPCCinematicIntroB64E4C8B4AA3E19D07BB6987E8C704F2.tmp' to '../../../../../../Users/Braden/Documents/GitHub/ChimeraGames/PsyBrawl/psyBrawl/Saved/Autosaves/Game/Levels/UEDPCCinematicIntro.umap'
[2017.04.06-01.58.54:431][806]LogSavePackage:Display: Finished SavePackage ../../../../../../Users/Braden/Documents/GitHub/ChimeraGames/PsyBrawl/psyBrawl/Saved/Autosaves/Game/Levels/UEDPCCinematicIntro.umap
[2017.04.06-01.58.54:498][806]LogSavePackage: Save=58.79ms
[2017.04.06-01.58.54:498][806]LogSavePackage: Moving '../../../../../../Users/Braden/Documents/GitHub/ChimeraGames/PsyBrawl/psyBrawl/Saved/CinematicIntro_BuiltDataC6B5DA744FA7F42F9C54759D05D8CCD1.tmp' to '../../../../../../Users/Braden/Documents/GitHub/ChimeraGames/PsyBrawl/psyBrawl/Content/Levels/CinematicIntro_BuiltData.uasset'
[2017.04.06-01.58.54:499][806]LogSavePackage:Display: Finished SavePackage ../../../../../../Users/Braden/Documents/GitHub/ChimeraGames/PsyBrawl/psyBrawl/Content/Levels/CinematicIntro_BuiltData.uasset
[2017.04.06-01.58.54:504][806]LogEditorTransaction: Undo Spawn Play From Here Start
[2017.04.06-01.59.45:899][370]LogSavePackage: Save=228.35ms
[2017.04.06-01.59.45:899][370]LogSavePackage: Moving '../../../../../../Users/Braden/Documents/GitHub/ChimeraGames/PsyBrawl/psyBrawl/Saved/CinematicIntro9EA7128646CD54670FE3FCB8BE19D453.tmp' to '../../../../../../Users/Braden/Documents/GitHub/ChimeraGames/PsyBrawl/psyBrawl/Content/Levels/CinematicIntro.umap'
[2017.04.06-01.59.45:901][370]LogSavePackage:Display: Finished SavePackage ../../../../../../Users/Braden/Documents/GitHub/ChimeraGames/PsyBrawl/psyBrawl/Content/Levels/CinematicIntro.umap
[2017.04.06-01.59.46:013][370]LogSavePackage: Save=81.97ms
[2017.04.06-01.59.46:013][370]LogSavePackage: Moving '../../../../../../Users/Braden/Documents/GitHub/ChimeraGames/PsyBrawl/psyBrawl/Saved/CinematicIntro_BuiltData1481C80D4BCE36B22320E387BCEC8BFD.tmp' to '../../../../../../Users/Braden/Documents/GitHub/ChimeraGames/PsyBrawl/psyBrawl/Content/Levels/CinematicIntro_BuiltData.uasset'
[2017.04.06-01.59.46:015][370]LogSavePackage:Display: Finished SavePackage ../../../../../../Users/Braden/Documents/GitHub/ChimeraGames/PsyBrawl/psyBrawl/Content/Levels/CinematicIntro_BuiltData.uasset
[2017.04.06-01.59.47:404][436]LogWindowsTextInputMethodSystem:Display: IME system now deactivated.
[2017.04.06-01.59.47:680][437]Cmd: QUIT_EDITOR
[2017.04.06-01.59.47:766][437]LogExit: Preparing to exit.
[2017.04.06-01.59.48:327][437]LogDirectoryWatcher: A directory notification for 'C:/Users/Braden/Documents/GitHub/ChimeraGames/PsyBrawl/psyBrawl/Content/' was aborted.
[2017.04.06-01.59.48:384][437]LogExit: Editor shut down
[2017.04.06-01.59.48:384][437]LogExit: Transaction tracking system shut down
[2017.04.06-01.59.48:517][437]LogObj: Freed 0b from 0 cluster array pools.
[2017.04.06-01.59.48:517][437]LogExit: Object subsystem successfully closed.
[2017.04.06-01.59.48:531][437]LogD3D11RHI: Shutdown
[2017.04.06-01.59.48:531][437]LogD3D11RHI: CleanupD3DDevice
[2017.04.06-01.59.48:650][437]LogD3D11RHI: ~FD3D11DynamicRHI
[2017.04.06-01.59.48:718][437]LogModuleManager: Shutting down and abandoning module ExternalImagePicker (504)
[2017.04.06-01.59.48:718][437]LogModuleManager: Shutting down and abandoning module BlueprintGraph (502)
[2017.04.06-01.59.48:718][437]LogModuleManager: Shutting down and abandoning module BlueprintProfiler (500)
[2017.04.06-01.59.48:720][437]LogModuleManager: Shutting down and abandoning module HierarchicalLODOutliner (498)
[2017.04.06-01.59.48:720][437]LogModuleManager: Shutting down and abandoning module CrashTracker (496)
[2017.04.06-01.59.48:720][437]LogModuleManager: Shutting down and abandoning module SceneOutliner (494)
[2017.04.06-01.59.48:720][437]LogModuleManager: Shutting down and abandoning module AddContentDialog (492)
[2017.04.06-01.59.48:721][437]LogDirectoryWatcher: A directory notification for 'C:/Program Files/Epic Games/UE_4.15/FeaturePacks/' was aborted.
[2017.04.06-01.59.48:723][437]LogModuleManager: Shutting down and abandoning module WidgetCarousel (491)
[2017.04.06-01.59.48:723][437]LogModuleManager: Shutting down and abandoning module EditorWidgets (488)
[2017.04.06-01.59.48:723][437]LogModuleManager: Shutting down and abandoning module CollectionManager (486)
[2017.04.06-01.59.48:724][437]LogDirectoryWatcher: A directory notification for 'C:/Users/Braden/Documents/GitHub/ChimeraGames/PsyBrawl/psyBrawl/Content/Collections/' was aborted.
[2017.04.06-01.59.48:724][437]LogDirectoryWatcher: A directory notification for 'C:/Users/Braden/Documents/GitHub/ChimeraGames/PsyBrawl/psyBrawl/Content/Developers/Braden/Collections/' was aborted.
[2017.04.06-01.59.48:724][437]LogDirectoryWatcher: A directory notification for 'C:/Users/Braden/Documents/GitHub/ChimeraGames/PsyBrawl/psyBrawl/Saved/Collections/' was aborted.
[2017.04.06-01.59.48:724][437]LogModuleManager: Shutting down and abandoning module StatsViewer (484)
[2017.04.06-01.59.48:725][437]LogModuleManager: Shutting down and abandoning module FoliageEdit (482)
[2017.04.06-01.59.48:725][437]LogModuleManager: Shutting down and abandoning module LandscapeEditor (480)
[2017.04.06-01.59.48:733][437]LogModuleManager: Shutting down and abandoning module SceneDepthPickerMode (478)
[2017.04.06-01.59.48:733][437]LogModuleManager: Shutting down and abandoning module ActorPickerMode (476)
[2017.04.06-01.59.48:733][437]LogModuleManager: Shutting down and abandoning module GeometryMode (474)
[2017.04.06-01.59.48:733][437]LogModuleManager: Shutting down and abandoning module TextureAlignMode (472)
[2017.04.06-01.59.48:733][437]LogModuleManager: Shutting down and abandoning module BspMode (470)
[2017.04.06-01.59.48:733][437]LogModuleManager: Shutting down and abandoning module HardwareSurvey (468)
[2017.04.06-01.59.48:733][437]LogModuleManager: Shutting down and abandoning module SequenceRecorderSections (466)
[2017.04.06-01.59.48:733][437]LogModuleManager: Shutting down and abandoning module AutomationWorker (464)
[2017.04.06-01.59.48:733][437]LogModuleManager: Shutting down and abandoning module MatineeToLevelSequence (462)
[2017.04.06-01.59.48:733][437]LogModuleManager: Shutting down and abandoning module LevelSequenceEditor (460)
[2017.04.06-01.59.48:733][437]LogModuleManager: Shutting down and abandoning module PlacementMode (459)
[2017.04.06-01.59.48:734][437]LogModuleManager: Shutting down and abandoning module WmfMediaFactory (456)
[2017.04.06-01.59.48:734][437]LogModuleManager: Shutting down and abandoning module WmfMediaEditor (454)
[2017.04.06-01.59.48:734][437]LogModuleManager: Shutting down and abandoning module MfMediaFactory (452)
[2017.04.06-01.59.48:734][437]LogModuleManager: Shutting down and abandoning module MfMediaEditor (450)
[2017.04.06-01.59.48:734][437]LogModuleManager: Shutting down and abandoning module AvfMediaFactory (448)
[2017.04.06-01.59.48:734][437]LogModuleManager: Shutting down and abandoning module AvfMediaEditor (446)
[2017.04.06-01.59.48:734][437]LogModuleManager: Shutting down and abandoning module AndroidMediaFactory (444)
[2017.04.06-01.59.48:734][437]LogModuleManager: Shutting down and abandoning module Media (443)
[2017.04.06-01.59.48:734][437]LogModuleManager: Shutting down and abandoning module AndroidMediaEditor (440)
[2017.04.06-01.59.48:734][437]LogModuleManager: Shutting down and abandoning module CharacterAI (438)
[2017.04.06-01.59.48:734][437]LogModuleManager: Shutting down and abandoning module AudioCapture (436)
[2017.04.06-01.59.48:734][437]LogModuleManager: Shutting down and abandoning module SequenceRecorder (435)
[2017.04.06-01.59.48:734][437]LogModuleManager: Shutting down and abandoning module SmartSnapping (432)
[2017.04.06-01.59.48:734][437]LogModuleManager: Shutting down and abandoning module SessionServices (430)
[2017.04.06-01.59.48:734][437]LogModuleManager: Shutting down and abandoning module ViewportSnapping (428)
[2017.04.06-01.59.48:734][437]LogModuleManager: Shutting down and abandoning module ViewportInteraction (426)
[2017.04.06-01.59.48:734][437]LogModuleManager: Shutting down and abandoning module LogVisualizer (424)
[2017.04.06-01.59.48:735][437]LogModuleManager: Shutting down and abandoning module IntroTutorials (422)
[2017.04.06-01.59.48:735][437]LogModuleManager: Shutting down and abandoning module GameProjectGeneration (421)
[2017.04.06-01.59.48:735][437]LogModuleManager: Shutting down and abandoning module EditorLiveStreaming (418)
[2017.04.06-01.59.48:735][437]LogModuleManager: Shutting down and abandoning module IOSPlatformEditor (416)
[2017.04.06-01.59.48:735][437]LogModuleManager: Shutting down and abandoning module HTML5PlatformEditor (414)
[2017.04.06-01.59.48:735][437]LogModuleManager: Shutting down and abandoning module AndroidPlatformEditor (412)
[2017.04.06-01.59.48:735][437]LogModuleManager: Shutting down and abandoning module AndroidDeviceDetection (411)
[2017.04.06-01.59.48:924][437]LogModuleManager: Shutting down and abandoning module IOSRuntimeSettings (408)
[2017.04.06-01.59.48:924][437]LogModuleManager: Shutting down and abandoning module AndroidRuntimeSettings (406)
[2017.04.06-01.59.48:924][437]LogModuleManager: Shutting down and abandoning module InputBindingEditor (404)
[2017.04.06-01.59.48:924][437]LogModuleManager: Shutting down and abandoning module NiagaraEditor (402)
[2017.04.06-01.59.48:929][437]LogModuleManager: Shutting down and abandoning module MergeActors (400)
[2017.04.06-01.59.48:929][437]LogModuleManager: Shutting down and abandoning module SizeMap (398)
[2017.04.06-01.59.48:929][437]LogModuleManager: Shutting down and abandoning module TreeMap (396)
[2017.04.06-01.59.48:929][437]LogModuleManager: Shutting down and abandoning module ReferenceViewer (394)
[2017.04.06-01.59.48:929][437]LogModuleManager: Shutting down and abandoning module LocalizationDashboard (392)
[2017.04.06-01.59.48:929][437]LogModuleManager: Shutting down and abandoning module LocalizationService (391)
[2017.04.06-01.59.48:929][437]LogModuleManager: Shutting down and abandoning module HardwareTargeting (388)
[2017.04.06-01.59.48:929][437]LogModuleManager: Shutting down and abandoning module DeviceProfileEditor (386)
[2017.04.06-01.59.48:929][437]LogModuleManager: Shutting down and abandoning module UndoHistory (384)
[2017.04.06-01.59.48:929][437]LogModuleManager: Shutting down and abandoning module UserFeedback (382)
[2017.04.06-01.59.48:929][437]LogModuleManager: Shutting down and abandoning module XmlParser (380)
[2017.04.06-01.59.48:929][437]LogModuleManager: Shutting down and abandoning module Blutility (378)
[2017.04.06-01.59.48:930][437]LogModuleManager: Shutting down and abandoning module ProjectSettingsViewer (376)
[2017.04.06-01.59.48:930][437]LogModuleManager: Shutting down and abandoning module ProjectTargetPlatformEditor (375)
[2017.04.06-01.59.48:930][437]LogModuleManager: Shutting down and abandoning module EditorSettingsViewer (372)
[2017.04.06-01.59.48:930][437]LogModuleManager: Shutting down and abandoning module SettingsEditor (370)
[2017.04.06-01.59.48:930][437]LogModuleManager: Shutting down and abandoning module ProjectLauncher (368)
[2017.04.06-01.59.48:930][437]LogModuleManager: Shutting down and abandoning module SessionFrontend (366)
[2017.04.06-01.59.48:930][437]LogModuleManager: Shutting down and abandoning module ProfilerClient (364)
[2017.04.06-01.59.48:932][437]LogModuleManager: Shutting down and abandoning module DeviceManager (362)
[2017.04.06-01.59.48:932][437]LogModuleManager: Shutting down and abandoning module TargetDeviceServices (361)
[2017.04.06-01.59.48:973][437]LogModuleManager: Shutting down and abandoning module AutomationController (358)
[2017.04.06-01.59.48:973][437]LogModuleManager: Shutting down and abandoning module AutomationWindow (356)
[2017.04.06-01.59.48:973][437]LogModuleManager: Shutting down and abandoning module Layers (354)
[2017.04.06-01.59.48:975][437]LogModuleManager: Shutting down and abandoning module ComponentVisualizers (352)
[2017.04.06-01.59.48:975][437]LogModuleManager: Shutting down and abandoning module DetailCustomizations (350)
[2017.04.06-01.59.48:975][437]LogModuleManager: Shutting down and abandoning module PackagesDialog (348)
[2017.04.06-01.59.48:975][437]LogModuleManager: Shutting down and abandoning module Persona (346)
[2017.04.06-01.59.48:975][437]LogModuleManager: Shutting down and abandoning module AnimGraph (345)
[2017.04.06-01.59.48:975][437]LogModuleManager: Shutting down and abandoning module Kismet (342)
[2017.04.06-01.59.48:986][437]LogModuleManager: Shutting down and abandoning module GraphEditor (340)
[2017.04.06-01.59.48:986][437]LogModuleManager: Shutting down and abandoning module ClassViewer (338)
[2017.04.06-01.59.48:988][437]LogModuleManager: Shutting down and abandoning module Toolbox (336)
[2017.04.06-01.59.48:988][437]LogModuleManager: Shutting down and abandoning module ModuleUI (334)
[2017.04.06-01.59.48:988][437]LogModuleManager: Shutting down and abandoning module MovieSceneTools (332)
[2017.04.06-01.59.48:988][437]LogModuleManager: Shutting down and abandoning module OutputLog (330)
[2017.04.06-01.59.48:988][437]LogModuleManager: Shutting down and abandoning module GammaUI (328)
[2017.04.06-01.59.48:988][437]LogModuleManager: Shutting down and abandoning module Documentation (326)
[2017.04.06-01.59.48:988][437]LogModuleManager: Shutting down and abandoning module Niagara (324)
[2017.04.06-01.59.48:988][437]LogModuleManager: Shutting down and abandoning module StreamingPauseRendering (322)
[2017.04.06-01.59.48:989][437]LogModuleManager: Shutting down and abandoning module AnalyticsET (320)
[2017.04.06-01.59.48:989][437]LogModuleManager: Shutting down and abandoning module PortalServices (318)
[2017.04.06-01.59.48:989][437]LogModuleManager: Shutting down and abandoning module PortalRpc (316)
[2017.04.06-01.59.48:989][437]LogModuleManager: Shutting down and abandoning module MessagingRpc (314)
[2017.04.06-01.59.48:989][437]LogModuleManager: Shutting down and abandoning module AIModule (312)
[2017.04.06-01.59.48:989][437]LogModuleManager: Shutting down and abandoning module GameplayDebugger (311)
[2017.04.06-01.59.48:989][437]LogModuleManager: Shutting down and abandoning module AITestSuite (309)
[2017.04.06-01.59.48:989][437]LogModuleManager: Shutting down and abandoning module ProfilerService (306)
[2017.04.06-01.59.49:062][437]LogModuleManager: Shutting down and abandoning module TaskGraph (304)
[2017.04.06-01.59.49:062][437]LogModuleManager: Shutting down and abandoning module SteamVRController (302)
[2017.04.06-01.59.49:062][437]LogModuleManager: Shutting down and abandoning module SteamVR (300)
[2017.04.06-01.59.49:062][437]LogModuleManager: Shutting down and abandoning module ProceduralMeshComponentEditor (298)
[2017.04.06-01.59.49:062][437]LogModuleManager: Shutting down and abandoning module ProceduralMeshComponent (296)
[2017.04.06-01.59.49:062][437]LogModuleManager: Shutting down and abandoning module OculusLibrary (294)
[2017.04.06-01.59.49:062][437]LogModuleManager: Shutting down and abandoning module OculusInput (292)
[2017.04.06-01.59.49:062][437]LogModuleManager: Shutting down and abandoning module MobilePatchingUtils (290)
[2017.04.06-01.59.49:062][437]LogModuleManager: Shutting down and abandoning module CustomMeshComponent (288)
[2017.04.06-01.59.49:062][437]LogModuleManager: Shutting down and abandoning module CableComponent (286)
[2017.04.06-01.59.49:062][437]LogModuleManager: Shutting down and abandoning module ArchVisCharacter (284)
[2017.04.06-01.59.49:062][437]LogModuleManager: Shutting down and abandoning module MediaPlayerEditor (280)
[2017.04.06-01.59.49:062][437]LogModuleManager: Shutting down and abandoning module HTML5Networking (278)
[2017.04.06-01.59.49:062][437]LogModuleManager: Shutting down and abandoning module AlembicImporter (276)
[2017.04.06-01.59.49:063][437]LogModuleManager: Shutting down and abandoning module AlembicLibrary (275)
[2017.04.06-01.59.49:063][437]LogModuleManager: Shutting down and abandoning module GeometryCache (274)
[2017.04.06-01.59.49:063][437]LogModuleManager: Shutting down and abandoning module GeometryCacheEd (273)
[2017.04.06-01.59.49:063][437]LogModuleManager: Shutting down and abandoning module SuperSearchEditor (268)
[2017.04.06-01.59.49:063][437]LogModuleManager: Shutting down and abandoning module SuperSearch (267)
[2017.04.06-01.59.49:063][437]LogModuleManager: Shutting down and abandoning module SpeedTreeImporter (264)
[2017.04.06-01.59.49:063][437]LogModuleManager: Shutting down and abandoning module PluginBrowser (262)
[2017.04.06-01.59.49:063][437]LogModuleManager: Shutting down and abandoning module MobileLauncherProfileWizard (260)
[2017.04.06-01.59.49:063][437]LogModuleManager: Shutting down and abandoning module EpicSurvey (258)
[2017.04.06-01.59.49:063][437]LogModuleManager: Shutting down and abandoning module VisualStudioSourceCodeAccess (256)
[2017.04.06-01.59.49:063][437]LogModuleManager: Shutting down and abandoning module DesktopPlatform (255)
[2017.04.06-01.59.49:063][437]LogModuleManager: Shutting down and abandoning module UObjectPlugin (252)
[2017.04.06-01.59.49:063][437]LogModuleManager: Shutting down and abandoning module SubversionSourceControl (250)
[2017.04.06-01.59.49:063][437]LogModuleManager: Shutting down and abandoning module PerforceSourceControl (248)
[2017.04.06-01.59.49:063][437]LogModuleManager: Shutting down and abandoning module GitSourceControl (246)
[2017.04.06-01.59.49:063][437]LogModuleManager: Shutting down and abandoning module SourceControl (245)
[2017.04.06-01.59.49:063][437]LogModuleManager: Shutting down and abandoning module LightPropagationVolumeEditor (242)
[2017.04.06-01.59.49:063][437]LogModuleManager: Shutting down and abandoning module PaperTiledImporter (240)
[2017.04.06-01.59.49:063][437]LogModuleManager: Shutting down and abandoning module PaperSpriteSheetImporter (238)
[2017.04.06-01.59.49:064][437]LogModuleManager: Shutting down and abandoning module Paper2DEditor (236)
[2017.04.06-01.59.49:064][437]LogModuleManager: Shutting down and abandoning module MeshPaint (235)
[2017.04.06-01.59.49:064][437]LogModuleManager: Shutting down and abandoning module LevelEditor (233)
[2017.04.06-01.59.49:066][437]LogModuleManager: Shutting down and abandoning module PixelInspectorModule (232)
[2017.04.06-01.59.49:066][437]LogModuleManager: Shutting down and abandoning module MainFrame (230)
[2017.04.06-01.59.49:066][437]LogModuleManager: Shutting down and abandoning module HotReload (229)
[2017.04.06-01.59.49:067][437]LogModuleManager: Shutting down and abandoning module ContentBrowser (225)
[2017.04.06-01.59.49:070][437]LogModuleManager: Shutting down and abandoning module PhysXVehiclesEditor (222)
[2017.04.06-01.59.49:070][437]LogModuleManager: Shutting down and abandoning module PhysXVehicles (220)
[2017.04.06-01.59.49:070][437]LogModuleManager: Shutting down and abandoning module LocationServicesBPLibrary (218)
[2017.04.06-01.59.49:070][437]LogModuleManager: Shutting down and abandoning module UdpMessaging (216)
[2017.04.06-01.59.49:170][437]LogModuleManager: Shutting down and abandoning module TcpMessaging (214)
[2017.04.06-01.59.49:271][437]LogModuleManager: Shutting down and abandoning module GameplayTagsEditor (212)
[2017.04.06-01.59.49:275][437]LogModuleManager: Shutting down and abandoning module FacialAnimationEditor (210)
[2017.04.06-01.59.49:275][437]LogModuleManager: Shutting down and abandoning module FacialAnimation (208)
[2017.04.06-01.59.49:275][437]LogModuleManager: Shutting down and abandoning module LightPropagationVolumeRuntime (206)
[2017.04.06-01.59.49:275][437]LogModuleManager: Shutting down and abandoning module Paper2D (204)
[2017.04.06-01.59.49:275][437]LogModuleManager: Shutting down and abandoning module WindowsMoviePlayer (202)
[2017.04.06-01.59.49:275][437]LogModuleManager: Shutting down and abandoning module WmfMedia (200)
[2017.04.06-01.59.49:275][437]LogModuleManager: Shutting down and abandoning module MfMedia (198)
[2017.04.06-01.59.49:275][437]LogModuleManager: Shutting down and abandoning module MediaAssets (196)
[2017.04.06-01.59.49:275][437]LogModuleManager: Shutting down and abandoning module GameLiveStreaming (194)
[2017.04.06-01.59.49:275][437]LogModuleManager: Shutting down and abandoning module VREditor (192)
[2017.04.06-01.59.49:275][437]LogModuleManager: Shutting down and abandoning module GameplayTasksEditor (190)
[2017.04.06-01.59.49:275][437]LogModuleManager: Shutting down and abandoning module BehaviorTreeEditor (188)
[2017.04.06-01.59.49:275][437]LogModuleManager: Shutting down and abandoning module FunctionalTesting (186)
[2017.04.06-01.59.49:275][437]LogModuleManager: Shutting down and abandoning module CollisionAnalyzer (184)
[2017.04.06-01.59.49:275][437]LogModuleManager: Shutting down and abandoning module UMG (182)
[2017.04.06-01.59.49:275][437]LogModuleManager: Shutting down and abandoning module UMGEditor (181)
[2017.04.06-01.59.49:275][437]LogModuleManager: Shutting down and abandoning module Sequencer (180)
[2017.04.06-01.59.49:275][437]LogModuleManager: Shutting down and abandoning module AssetTools (178)
[2017.04.06-01.59.49:275][437]LogModuleManager: Shutting down and abandoning module MessageLog (177)
[2017.04.06-01.59.49:275][437]LogModuleManager: Shutting down and abandoning module WorkspaceMenuStructure (176)
[2017.04.06-01.59.49:276][437]LogModuleManager: Shutting down and abandoning module SlateReflector (170)
[2017.04.06-01.59.49:276][437]LogModuleManager: Shutting down and abandoning module Slate (168)
[2017.04.06-01.59.49:276][437]LogModuleManager: Shutting down and abandoning module EditorStyle (166)
[2017.04.06-01.59.49:278][437]LogModuleManager: Shutting down and abandoning module SourceCodeAccess (164)
[2017.04.06-01.59.49:278][437]LogModuleManager: Shutting down and abandoning module HeadMountedDisplay (162)
[2017.04.06-01.59.49:278][437]LogModuleManager: Shutting down and abandoning module XAudio2 (160)
[2017.04.06-01.59.49:278][437]LogModuleManager: Shutting down and abandoning module Networking (158)
[2017.04.06-01.59.49:278][437]LogModuleManager: Shutting down and abandoning module Core (154)
[2017.04.06-01.59.49:278][437]LogModuleManager: Shutting down and abandoning module AssetRegistry (152)
[2017.04.06-01.59.49:376][437]LogDirectoryWatcher: A directory notification for '../../../Engine/Content/' was aborted.
[2017.04.06-01.59.49:376][437]LogDirectoryWatcher: A directory notification for '../../../../../../Users/Braden/Documents/GitHub/ChimeraGames/PsyBrawl/psyBrawl/Content/' was aborted.
[2017.04.06-01.59.49:377][437]LogDirectoryWatcher: A directory notification for '../../../Engine/Plugins/2D/Paper2D/Content/' was aborted.
[2017.04.06-01.59.49:377][437]LogModuleManager: Shutting down and abandoning module DirectoryWatcher (151)
[2017.04.06-01.59.49:377][437]LogModuleManager: Shutting down and abandoning module KismetCompiler (148)
[2017.04.06-01.59.49:377][437]LogModuleManager: Shutting down and abandoning module PhysXFormats (146)
[2017.04.06-01.59.49:377][437]LogModuleManager: Shutting down and abandoning module MeshUtilities (144)
[2017.04.06-01.59.49:377][437]LogModuleManager: Shutting down and abandoning module SimplygonSwarm (143)
[2017.04.06-01.59.49:377][437]LogModuleManager: Shutting down and abandoning module SimplygonMeshReduction (141)
[2017.04.06-01.59.49:377][437]LogModuleManager: Shutting down and abandoning module QuadricMeshReduction (139)
[2017.04.06-01.59.49:377][437]LogModuleManager: Shutting down and abandoning module PropertyEditor (137)
[2017.04.06-01.59.49:377][437]LogModuleManager: Shutting down and abandoning module DerivedDataCache (134)
[2017.04.06-01.59.49:401][437]LogDerivedDataCache: Shutdown
[2017.04.06-01.59.49:401][437]LogModuleManager: Shutting down and abandoning module TargetPlatform (132)
[2017.04.06-01.59.49:401][437]LogModuleManager: Shutting down and abandoning module VulkanShaderFormat (131)
[2017.04.06-01.59.49:401][437]LogModuleManager: Shutting down and abandoning module ShaderFormatOpenGL (129)
[2017.04.06-01.59.49:401][437]LogModuleManager: Shutting down and abandoning module ShaderFormatD3D (127)
[2017.04.06-01.59.49:401][437]LogModuleManager: Shutting down and abandoning module MetalShaderFormat (125)
[2017.04.06-01.59.49:401][437]LogModuleManager: Shutting down and abandoning module TextureFormatUncompressed (123)
[2017.04.06-01.59.49:402][437]LogModuleManager: Shutting down and abandoning module TextureFormatPVR (121)
[2017.04.06-01.59.49:402][437]LogModuleManager: Shutting down and abandoning module TextureFormatDXT (119)
[2017.04.06-01.59.49:402][437]LogModuleManager: Shutting down and abandoning module TextureFormatIntelISPCTexComp (117)
[2017.04.06-01.59.49:402][437]LogModuleManager: Shutting down and abandoning module TextureFormatASTC (115)
[2017.04.06-01.59.49:402][437]LogModuleManager: Shutting down and abandoning module ImageWrapper (114)
[2017.04.06-01.59.49:402][437]LogModuleManager: Shutting down and abandoning module TextureFormatAndroid (111)
[2017.04.06-01.59.49:402][437]LogModuleManager: Shutting down and abandoning module AudioFormatOpus (109)
[2017.04.06-01.59.49:402][437]LogModuleManager: Shutting down and abandoning module AudioFormatOgg (107)
[2017.04.06-01.59.49:402][437]LogModuleManager: Shutting down and abandoning module AudioFormatADPCM (105)
[2017.04.06-01.59.49:402][437]LogModuleManager: Shutting down and abandoning module LinuxTargetPlatform (103)
[2017.04.06-01.59.49:402][437]LogModuleManager: Shutting down and abandoning module LinuxServerTargetPlatform (101)
[2017.04.06-01.59.49:402][437]LogModuleManager: Shutting down and abandoning module LinuxNoEditorTargetPlatform (99)
[2017.04.06-01.59.49:402][437]LogModuleManager: Shutting down and abandoning module LinuxClientTargetPlatform (97)
[2017.04.06-01.59.49:402][437]LogModuleManager: Shutting down and abandoning module TVOSTargetPlatform (95)
[2017.04.06-01.59.49:402][437]LogModuleManager: Shutting down and abandoning module Messaging (93)
[2017.04.06-01.59.49:402][437]LogModuleManager: Shutting down and abandoning module IOSTargetPlatform (91)
[2017.04.06-01.59.49:402][437]LogModuleManager: Shutting down and abandoning module HTML5TargetPlatform (89)
[2017.04.06-01.59.49:402][437]LogModuleManager: Shutting down and abandoning module Android_PVRTCTargetPlatform (87)
[2017.04.06-01.59.49:402][437]LogModuleManager: Shutting down and abandoning module Android_MultiTargetPlatform (85)
[2017.04.06-01.59.49:402][437]LogModuleManager: Shutting down and abandoning module Android_ETC2TargetPlatform (83)
[2017.04.06-01.59.49:402][437]LogModuleManager: Shutting down and abandoning module Android_ETC1TargetPlatform (81)
[2017.04.06-01.59.49:402][437]LogModuleManager: Shutting down and abandoning module Android_DXTTargetPlatform (79)
[2017.04.06-01.59.49:402][437]LogModuleManager: Shutting down and abandoning module Android_ATCTargetPlatform (77)
[2017.04.06-01.59.49:402][437]LogModuleManager: Shutting down and abandoning module Android_ASTCTargetPlatform (75)
[2017.04.06-01.59.49:402][437]LogModuleManager: Shutting down and abandoning module AndroidTargetPlatform (73)
[2017.04.06-01.59.49:402][437]LogModuleManager: Shutting down and abandoning module WindowsTargetPlatform (71)
[2017.04.06-01.59.49:402][437]LogModuleManager: Shutting down and abandoning module WindowsServerTargetPlatform (69)
[2017.04.06-01.59.49:402][437]LogModuleManager: Shutting down and abandoning module WindowsNoEditorTargetPlatform (67)
[2017.04.06-01.59.49:402][437]LogModuleManager: Shutting down and abandoning module WindowsClientTargetPlatform (65)
[2017.04.06-01.59.49:402][437]LogModuleManager: Shutting down and abandoning module MacTargetPlatform (63)
[2017.04.06-01.59.49:402][437]LogModuleManager: Shutting down and abandoning module MacServerTargetPlatform (61)
[2017.04.06-01.59.49:402][437]LogModuleManager: Shutting down and abandoning module MacNoEditorTargetPlatform (59)
[2017.04.06-01.59.49:402][437]LogModuleManager: Shutting down and abandoning module MacClientTargetPlatform (57)
[2017.04.06-01.59.49:402][437]LogModuleManager: Shutting down and abandoning module AllDesktopTargetPlatform (55)
[2017.04.06-01.59.49:402][437]LogModuleManager: Shutting down and abandoning module InputCore (52)
[2017.04.06-01.59.49:402][437]LogModuleManager: Shutting down and abandoning module Settings (50)
[2017.04.06-01.59.49:402][437]LogModuleManager: Shutting down and abandoning module OculusRift (48)
[2017.04.06-01.59.49:402][437]LogModuleManager: Shutting down and abandoning module GearVR (46)
[2017.04.06-01.59.49:402][437]LogModuleManager: Shutting down and abandoning module ExampleDeviceProfileSelector (44)
[2017.04.06-01.59.49:402][437]LogModuleManager: Shutting down and abandoning module OnlineBlueprintSupport (42)
[2017.04.06-01.59.49:402][437]LogModuleManager: Shutting down and abandoning module OnlineSubsystem (38)
[2017.04.06-01.59.49:402][437]LogOnline:Display: Unloading online subsystem: NULL
[2017.04.06-01.59.49:402][437]LogModuleManager: Shutting down and abandoning module XMPP (37)
[2017.04.06-01.59.49:402][437]LogModuleManager: Shutting down and abandoning module HTTP (35)
[2017.04.06-01.59.49:402][437]LogHttp:Display: Http module shutting down, but needs to wait on 1 outstanding Http requests:
[2017.04.06-01.59.49:402][437]LogHttp:Display: 	verb=[POST] url=[https://datarouter.ol.epicgames.com/datarouter/api/v1/public/data?SessionID=%7B8BAF9435-4D69-E9BF-6A46-31816DAEBFD5%7D&AppID=UEEditor.Rocket.Release&AppVersion=4.15.1-3348071%2B%2B%2BUE4%2BRelease-4.15&UserID=bcab204c4eba50f4cbc298a0a41b2c7b%7C19b914fd1bf446109fa5a9d924e5dd7a%7C388d880e-e76b-426c-9d5d-4ed7ee87f56f&AppEnvironment=datacollector-binary&UploadType=eteventstream] status=Processing
[2017.04.06-01.59.49:403][437]LogModuleManager: Shutting down and abandoning module SSL (34)
[2017.04.06-01.59.49:405][437]LogModuleManager: Shutting down and abandoning module AudioEditor (30)
[2017.04.06-01.59.49:405][437]LogModuleManager: Shutting down and abandoning module TextureCompressor (28)
[2017.04.06-01.59.49:405][437]LogModuleManager: Shutting down and abandoning module ShaderCore (26)
[2017.04.06-01.59.49:405][437]LogModuleManager: Shutting down and abandoning module Landscape (24)
[2017.04.06-01.59.49:405][437]LogModuleManager: Shutting down and abandoning module SlateRHIRenderer (22)
[2017.04.06-01.59.49:408][437]LogModuleManager: Shutting down and abandoning module OpenGLDrv (20)
[2017.04.06-01.59.49:408][437]LogModuleManager: Shutting down and abandoning module D3D11RHI (18)
[2017.04.06-01.59.49:408][437]LogModuleManager: Shutting down and abandoning module AnimGraphRuntime (16)
[2017.04.06-01.59.49:408][437]LogModuleManager: Shutting down and abandoning module Renderer (14)
[2017.04.06-01.59.49:409][437]LogModuleManager: Shutting down and abandoning module Engine (12)
[2017.04.06-01.59.49:409][437]LogModuleManager: Shutting down and abandoning module CoreUObject (10)
[2017.04.06-01.59.49:409][437]LogModuleManager: Shutting down and abandoning module NetworkFile (8)
[2017.04.06-01.59.49:409][437]LogModuleManager: Shutting down and abandoning module StreamingFile (6)
[2017.04.06-01.59.49:409][437]LogModuleManager: Shutting down and abandoning module SandboxFile (4)
[2017.04.06-01.59.49:409][437]LogModuleManager: Shutting down and abandoning module PakFile (2)
[2017.04.06-01.59.49:410][437]LogExit: Exiting.
[2017.04.06-01.59.49:423][437]Log file closed, 04/05/17 21:59:49
