Log file open, 04/02/17 20:51:14
LogInit:Display: Running engine for game: psyBrawl
LogPlatformFile: Not using cached read wrapper
LogInit:Display: RandInit(-472536723) SRandInit(-472536723).
LogTaskGraph: Started task graph with 5 named threads and 8 total threads with 1 sets of task threads.
LogStats: Stats thread started at 4.661901
LogInit: Using libcurl 7.47.1
LogInit:  - built for x86_64-pc-win32
LogInit:  - supports SSL with OpenSSL/1.0.2g
LogInit:  - supports HTTP deflate (compression) using libz 1.2.8
LogInit:  - other features:
LogInit:      CURL_VERSION_SSL
LogInit:      CURL_VERSION_LIBZ
LogInit:      CURL_VERSION_IPV6
LogInit:      CURL_VERSION_ASYNCHDNS
LogInit:      CURL_VERSION_LARGEFILE
LogInit:      CURL_VERSION_IDN
LogInit:  CurlRequestOptions (configurable via config and command line):
LogInit:  - bVerifyPeer = false  - Libcurl will NOT verify peer certificate
LogInit:  - bUseHttpProxy = false  - Libcurl will NOT use HTTP proxy
LogInit:  - bDontReuseConnections = false  - Libcurl will reuse connections
LogInit:  - CertBundlePath = nullptr  - Libcurl will use whatever was configured at build time.
LogInit: Build: ++UE4+Release-4.15-CL-3348071
LogInit: Engine Version: 4.15.1-3348071+++UE4+Release-4.15
LogInit: Compatible Engine Version: 4.15.0-3299760+++UE4+Release-4.15
LogInit: Net CL: 3299760
LogDevObjectVersion: Number of dev versions registered: 14
LogDevObjectVersion:   Dev-Blueprints (B0D832E4-1F89-4F0D-ACCF-7EB736FD4AA2): 8
LogDevObjectVersion:   Dev-Build (E1C64328-A22C-4D53-A36C-8E866417BD8C): 0
LogDevObjectVersion:   Dev-Core (375EC13C-06E4-48FB-B500-84F0262A717E): 2
LogDevObjectVersion:   Dev-Editor (E4B068ED-F494-42E9-A231-DA0B2E46BB41): 14
LogDevObjectVersion:   Dev-Framework (CFFC743F-43B0-4480-9391-14DF171D2073): 22
LogDevObjectVersion:   Dev-Mobile (B02B49B5-BB20-44E9-A304-32B752E40360): 0
LogDevObjectVersion:   Dev-Networking (A4E4105C-59A1-49B5-A7C5-40C4547EDFEE): 0
LogDevObjectVersion:   Dev-Online (39C831C9-5AE6-47DC-9A44-9C173E1C8E7C): 0
LogDevObjectVersion:   Dev-Physics (78F01B33-EBEA-4F98-B9B4-84EACCB95AA2): 0
LogDevObjectVersion:   Dev-Platform (6631380F-2D4D-43E0-8009-CF276956A95A): 0
LogDevObjectVersion:   Dev-Rendering (12F88B9F-8875-4AFC-A67C-D90C383ABD29): 12
LogDevObjectVersion:   Dev-Sequencer (7B5AE74C-D270-4C10-A958-57980B212A5A): 3
LogDevObjectVersion:   Dev-VR (D7296918-1DD6-4BDD-9DE2-64A83CC13884): 0
LogDevObjectVersion:   Dev-LoadTimes (C2A15278-BFE7-4AFE-6C17-90FF531DF755): 1
LogInit: Compiled (64-bit): Mar 15 2017 16:52:47
LogInit: Compiled with Visual C++: 19.00.23026.00
LogInit: Build Configuration: Development
LogInit: Branch Name: ++UE4+Release-4.15
LogInit: Command line:  
LogInit: Base directory: D:/UE4/UE_4.15/Engine/Binaries/Win64/
LogInit: Installed Engine Build: 1
LogInit: Presizing for max 8388607 objects, including 0 objects not considered by GC, pre-allocating 0 bytes for permanent pool.
LogInit: Object subsystem initialized
[2017.04.03-00.51.16:979][  0]LogInit: Selected Device Profile: [Windows]
[2017.04.03-00.51.16:979][  0]LogInit: Applying CVar settings loaded from the selected device profile: [Windows]
[2017.04.03-00.51.17:165][  0]LogInit: Computer: NATHAN-PC
[2017.04.03-00.51.17:165][  0]LogInit: User: nathan
[2017.04.03-00.51.17:165][  0]LogInit: CPU Page size=65536, Cores=4
[2017.04.03-00.51.17:165][  0]LogInit: High frequency timer resolution =3.897819 MHz
[2017.04.03-00.51.17:193][  0]LogMemory: Memory total: Physical=16.0GB (16GB approx)
[2017.04.03-00.51.17:193][  0]LogMemory: Platform Memory Stats for Windows
[2017.04.03-00.51.17:193][  0]LogMemory: Process Physical Memory: 265.42 MB used, 265.42 MB peak
[2017.04.03-00.51.17:193][  0]LogMemory: Process Virtual Memory: 262.70 MB used, 262.70 MB peak
[2017.04.03-00.51.17:193][  0]LogMemory: Physical Memory: 5494.75 MB used,  10846.94 MB free, 16341.69 MB total
[2017.04.03-00.51.17:193][  0]LogMemory: Virtual Memory: 645.61 MB used,  10846.94 MB free, 134217728.00 MB total
[2017.04.03-00.51.18:445][  0]LogTextLocalizationManager: No specific translations for ('en-US') exist, so ('en') translations will be used.
[2017.04.03-00.51.22:066][  0]LogD3D11RHI: D3D11 adapters:
[2017.04.03-00.51.22:589][  0]LogD3D11RHI:    0. 'NVIDIA GeForce GTX 960' (Feature Level 11_0)
[2017.04.03-00.51.22:589][  0]LogD3D11RHI:       4061/0/8170 MB DedicatedVideo/DedicatedSystem/SharedSystem, Outputs:2, VendorId:0x10de
[2017.04.03-00.51.22:591][  0]LogD3D11RHI:    1. 'Microsoft Basic Render Driver' (Feature Level 11_0)
[2017.04.03-00.51.22:591][  0]LogD3D11RHI:       0/0/8170 MB DedicatedVideo/DedicatedSystem/SharedSystem, Outputs:0, VendorId:0x1414
[2017.04.03-00.51.22:591][  0]LogD3D11RHI: Chosen D3D11 Adapter: 0
[2017.04.03-00.51.22:684][  0]LogD3D11RHI: Creating new Direct3DDevice
[2017.04.03-00.51.22:684][  0]LogD3D11RHI:     GPU DeviceId: 0x1401 (for the marketing name, search the web for "GPU Device Id")
[2017.04.03-00.51.22:684][  0]LogWindows: EnumDisplayDevices:
[2017.04.03-00.51.22:685][  0]LogWindows:    0. 'NVIDIA GeForce GTX 960' (P:1 D:1)
[2017.04.03-00.51.22:685][  0]LogWindows:    1. 'NVIDIA GeForce GTX 960' (P:0 D:1)
[2017.04.03-00.51.22:686][  0]LogWindows:    2. 'NVIDIA GeForce GTX 960' (P:0 D:0)
[2017.04.03-00.51.22:686][  0]LogWindows:    3. 'NVIDIA GeForce GTX 960' (P:0 D:0)
[2017.04.03-00.51.22:687][  0]LogWindows: DebugString: FoundDriverCount:4 
[2017.04.03-00.51.22:687][  0]LogD3D11RHI:     Adapter Name: NVIDIA GeForce GTX 960
[2017.04.03-00.51.22:687][  0]LogD3D11RHI:   Driver Version: 376.53 (internal:21.21.13.7653, unified:376.53)
[2017.04.03-00.51.22:687][  0]LogD3D11RHI:      Driver Date: 12-29-2016
[2017.04.03-00.51.22:688][  0]LogRHI: Texture pool is 1361 MB (70% of 1945 MB)
[2017.04.03-00.51.23:176][  0]LogD3D11RHI: Async texture creation enabled
[2017.04.03-00.51.23:631][  0]LogD3D11RHI: GPU Timing Frequency: 1000.000000 (Debug: 2 1)
[2017.04.03-00.51.23:924][  0]LogShaderCompilers: Guid format shader working directory is 0 characters bigger than the processId version (C:/Users/nathan/Desktop/Chimera3DGame/psyBrawl/Intermediate/Shaders/WorkingDirectory/12296/).
[2017.04.03-00.51.23:925][  0]LogShaderCompilers: Cleaned the shader compiler working directory 'C:/Users/nathan/AppData/Local/Temp/UnrealShaderWorkingDir/1C18851E44434996B0F6E29BAA0BC84E/'.
[2017.04.03-00.51.23:940][  0]LogShaderCompilers:Display: Using Local Shader Compiler.
[2017.04.03-00.51.27:733][  0]LogTemp:Display: Loaded TP AllDesktopTargetPlatform
[2017.04.03-00.51.27:837][  0]LogTemp:Display: Loaded TP MacClientTargetPlatform
[2017.04.03-00.51.27:902][  0]LogTemp:Display: Loaded TP MacNoEditorTargetPlatform
[2017.04.03-00.51.27:967][  0]LogTemp:Display: Loaded TP MacServerTargetPlatform
[2017.04.03-00.51.28:045][  0]LogTemp:Display: Loaded TP MacTargetPlatform
[2017.04.03-00.51.28:111][  0]LogTemp:Display: Loaded TP WindowsClientTargetPlatform
[2017.04.03-00.51.28:176][  0]LogTemp:Display: Loaded TP WindowsNoEditorTargetPlatform
[2017.04.03-00.51.28:242][  0]LogTemp:Display: Loaded TP WindowsServerTargetPlatform
[2017.04.03-00.51.28:305][  0]LogTemp:Display: Loaded TP WindowsTargetPlatform
[2017.04.03-00.51.28:374][  0]LogTemp:Display: Loaded TP AndroidTargetPlatform
[2017.04.03-00.51.28:440][  0]LogTemp:Display: Loaded TP Android_ASTCTargetPlatform
[2017.04.03-00.51.28:506][  0]LogTemp:Display: Loaded TP Android_ATCTargetPlatform
[2017.04.03-00.51.28:574][  0]LogTemp:Display: Loaded TP Android_DXTTargetPlatform
[2017.04.03-00.51.28:646][  0]LogTemp:Display: Loaded TP Android_ETC1TargetPlatform
[2017.04.03-00.51.28:711][  0]LogTemp:Display: Loaded TP Android_ETC2TargetPlatform
[2017.04.03-00.51.28:847][  0]LogTemp:Display: Loaded TP Android_MultiTargetPlatform
[2017.04.03-00.51.28:847][  0]LogTemp:Display: Loaded TP Android_PVRTCTargetPlatform
[2017.04.03-00.51.28:888][  0]LogTemp:Display: Loaded TP HTML5TargetPlatform
[2017.04.03-00.51.29:073][  0]LogTemp:Display: Loaded TP IOSTargetPlatform
[2017.04.03-00.51.29:119][  0]LogTemp:Display: Loaded TP TVOSTargetPlatform
[2017.04.03-00.51.29:183][  0]LogTemp:Display: Loaded TP LinuxClientTargetPlatform
[2017.04.03-00.51.29:248][  0]LogTemp:Display: Loaded TP LinuxNoEditorTargetPlatform
[2017.04.03-00.51.29:320][  0]LogTemp:Display: Loaded TP LinuxServerTargetPlatform
[2017.04.03-00.51.29:397][  0]LogTemp:Display: Loaded TP LinuxTargetPlatform
[2017.04.03-00.51.29:397][  0]LogTargetPlatformManager:Display: Building Assets For Windows
[2017.04.03-00.51.31:094][  0]LogDerivedDataCache:Display: Max Cache Size: 512 MB
[2017.04.03-00.51.31:500][  0]LogDerivedDataCache: Loaded boot cache 0.40s 50MB C:/Users/nathan/AppData/Local/UnrealEngine/4.15/DerivedDataCache/Boot.ddc.
[2017.04.03-00.51.31:500][  0]LogDerivedDataCache:Display: Loaded Boot cache: C:/Users/nathan/AppData/Local/UnrealEngine/4.15/DerivedDataCache/Boot.ddc
[2017.04.03-00.51.31:500][  0]LogDerivedDataCache: FDerivedDataBackendGraph:  Pak pak cache file C:/Users/nathan/Desktop/Chimera3DGame/psyBrawl/DerivedDataCache/DDC.ddp not found, will not use a pak cache.
[2017.04.03-00.51.31:500][  0]LogDerivedDataCache: Unable to find inner node Pak for hierarchical cache Hierarchy.
[2017.04.03-00.51.31:500][  0]LogDerivedDataCache: FDerivedDataBackendGraph:  CompressedPak pak cache file C:/Users/nathan/Desktop/Chimera3DGame/psyBrawl/DerivedDataCache/Compressed.ddp not found, will not use a pak cache.
[2017.04.03-00.51.31:500][  0]LogDerivedDataCache: Unable to find inner node CompressedPak for hierarchical cache Hierarchy.
[2017.04.03-00.51.31:540][  0]LogDerivedDataCache:Display: Pak cache opened for reading ../../../Engine/DerivedDataCache/Compressed.ddp.
[2017.04.03-00.51.31:553][  0]LogDerivedDataCache: Using Local data cache path C:/Users/nathan/AppData/Local/UnrealEngine/Common/DerivedDataCache: Writable
[2017.04.03-00.51.32:290][  0]LogSlate: Using Freetype 2.6.0
[2017.04.03-00.51.32:593][  0]LogSlate: SlateFontCache - WITH_FREETYPE: 1, WITH_HARFBUZZ: 1
[2017.04.03-00.51.32:593][  0]LogSlate: SlateFontCache - WITH_FREETYPE: 1, WITH_HARFBUZZ: 1
[2017.04.03-00.51.49:020][  0]LogInit: Selected Device Profile: [Windows]
[2017.04.03-00.51.49:159][  0]LogContentStreaming: Texture pool size is 0.00 MB
[2017.04.03-00.51.50:659][  0]LogMeshUtilities: Using QuadricMeshReduction for automatic static mesh reduction
[2017.04.03-00.51.50:765][  0]LogSimplygon: Simplygon DLL not present - disabling.
[2017.04.03-00.51.50:824][  0]LogMeshUtilities: Using SimplygonSwarm for distributed automatic mesh merging
[2017.04.03-00.51.50:824][  0]LogMeshUtilities: No automatic skeletal mesh reduction module available
[2017.04.03-00.51.50:824][  0]LogMeshUtilities: No automatic mesh merging module available
[2017.04.03-00.52.00:574][  0]LogNetVersion: GetLocalNetworkVersion: CL: 3299760, ProjectName: psybrawl, ProjectVersion: , EngineNetworkVersion: 2, GameNetworkVersion: 0, NetworkChecksum: 3876843788
[2017.04.03-00.52.00:778][  0]LogAssetRegistry: FAssetRegistry took 0.0237 seconds to start up
[2017.04.03-00.52.01:046][  0]LogPackageLocalizationCache: Processed 3 localized package path(s) for 2 prioritized culture(s) in 0.145932 seconds
[2017.04.03-00.52.01:083][  0]LogUObjectArray: 32493 objects as part of root set at end of initial load.
[2017.04.03-00.52.01:083][  0]LogUObjectAllocator: 7077032 out of 0 bytes used by permanent object pool.
[2017.04.03-00.52.01:083][  0]LogUObjectArray: CloseDisregardForGC: 0/0 objects in disregard for GC pool
[2017.04.03-00.52.01:186][  0]LogInit: WinSock: version 1.1 (2.2), MaxSocks=32767, MaxUdp=65467
[2017.04.03-00.52.32:616][  0]LogTcpMessaging: Initializing TcpMessaging bridge
[2017.04.03-00.52.32:749][  0]LogUdpMessaging: Initializing bridge on interface 0.0.0.0:0 to multicast group 230.0.0.1:6666.
[2017.04.03-00.52.34:398][  0]LogMaterial: Uniform references updated for custom material expression Custom.
[2017.04.03-00.52.35:944][  0]SourceControl: Info Source control is disabled
[2017.04.03-00.52.36:095][  0]SourceControl: Info Source control is disabled
[2017.04.03-00.52.36:156][  0]SourceControl: Info Source control is disabled
[2017.04.03-00.52.36:224][  0]SourceControl: Info Source control is disabled
[2017.04.03-00.52.39:195][  0]LogEngine: Initializing Engine...
[2017.04.03-00.52.39:212][  0]LogHMD: Failed to initialize OpenVR with code 110
[2017.04.03-00.52.41:086][  0]LogAIModule: Creating AISystem for world Untitled
[2017.04.03-00.52.41:379][  0]LogInit: XAudio2 using 'Speakers (Realtek High Definition Audio)' : 2 channels at 48 kHz using 32 bits per sample (channel mask 0x3)
[2017.04.03-00.52.41:424][  0]LogInit: FAudioDevice initialized.
[2017.04.03-00.52.41:481][  0]LogDerivedDataCache: Saved boot cache 0.06s 65MB C:/Users/nathan/AppData/Local/UnrealEngine/4.15/DerivedDataCache/Boot.ddc.
[2017.04.03-00.52.41:519][  0]LogInit: Texture streaming: Enabled
[2017.04.03-00.52.41:765][  0]LogEngineSessionManager: EngineSessionManager initialized
[2017.04.03-00.52.42:185][  0]LogInit: Transaction tracking system initialized
[2017.04.03-00.52.43:087][  0]BlueprintLog: New page: Editor Load
[2017.04.03-00.52.45:462][  0]LocalizationService: Info Localization service is disabled
[2017.04.03-00.52.47:248][  0]LogConsoleResponse:Display: 
[2017.04.03-00.52.48:168][  0]LogFileCache: Scanning file cache for directory 'C:/Users/nathan/Desktop/Chimera3DGame/psyBrawl/Content/' took 0.03s
[2017.04.03-00.52.48:168][  0]LogCook:Display: Max memory allowance for cook 16384mb min free memory 0mb
[2017.04.03-00.52.48:168][  0]LogCook:Display: Mobile HDR setting 1
[2017.04.03-00.52.50:641][  0]SourceControl: Info Source control is disabled
[2017.04.03-00.52.50:751][  0]Cmd: MAP LOAD FILE="C:/Users/nathan/Desktop/Chimera3DGame/psyBrawl/Content/FirstPersonBP/Maps/FirstPersonExampleMap.umap" TEMPLATE=0 SHOWPROGRESS=1 FEATURELEVEL=3
[2017.04.03-00.52.50:773][  0]LightingResults: New page: Lighting Build
[2017.04.03-00.52.51:184][  0]MapCheck: New page: Map Check
[2017.04.03-00.52.51:184][  0]LightingResults: New page: Lighting Build
[2017.04.03-00.52.53:752][  0]LogTexture:Display: Building textures: HQ_Lightmap0_1 (AutoDXT, 2048X2048) - 45 MB total VRAM
[2017.04.03-00.52.54:424][  0]LogTexture:Display: Building textures: HQ_Lightmap0_2 (AutoDXT, 2048X2048) - 45 MB total VRAM
[2017.04.03-00.52.55:012][  0]LogTexture:Display: Building textures: HQ_Lightmap0_3 (AutoDXT, 2048X2048) - 45 MB total VRAM
[2017.04.03-00.52.56:049][  0]LogTexture:Display: Building textures: HQ_Lightmap0_4 (AutoDXT, 2048X2048) - 45 MB total VRAM
[2017.04.03-00.52.56:424][  0]LogTexture:Display: Building textures: HQ_Lightmap0_5 (AutoDXT, 64X64) - 45 MB total VRAM
[2017.04.03-00.52.56:476][  0]LogTexture:Display: Building textures: LQ_Lightmap_0_1 (DXT1, 2048X2048) - 45 MB total VRAM
[2017.04.03-00.52.56:781][  0]LogTexture:Display: Building textures: LQ_Lightmap_0_2 (DXT1, 2048X2048) - 45 MB total VRAM
[2017.04.03-00.52.57:102][  0]LogTexture:Display: Building textures: LQ_Lightmap_0_3 (DXT1, 2048X2048) - 45 MB total VRAM
[2017.04.03-00.52.57:476][  0]LogTexture:Display: Building textures: LQ_Lightmap_0_4 (DXT1, 2048X2048) - 45 MB total VRAM
[2017.04.03-00.52.57:717][  0]LogTexture:Display: Building textures: LQ_Lightmap_0_5 (DXT1, 64X64) - 45 MB total VRAM
[2017.04.03-00.52.57:752][  0]LogTexture:Display: Building textures: SkyOcclusion0_1 (AutoDXT, 2048X1024) - 45 MB total VRAM
[2017.04.03-00.52.58:017][  0]LogTexture:Display: Building textures: SkyOcclusion0_2 (AutoDXT, 2048X1024) - 45 MB total VRAM
[2017.04.03-00.52.58:262][  0]LogTexture:Display: Building textures: SkyOcclusion0_3 (AutoDXT, 2048X1024) - 45 MB total VRAM
[2017.04.03-00.52.58:629][  0]LogTexture:Display: Building textures: SkyOcclusion0_4 (AutoDXT, 2048X1024) - 45 MB total VRAM
[2017.04.03-00.52.58:812][  0]LogTexture:Display: Building textures: SkyOcclusion0_5 (AutoDXT, 64X32) - 45 MB total VRAM
[2017.04.03-00.52.58:824][  0]LogTexture:Display: Building textures: ShadowMapTexture2D_0 (G8, 2048X1024) - 45 MB total VRAM
[2017.04.03-00.52.58:930][  0]LogTexture:Display: Building textures: ShadowMapTexture2D_1 (G8, 2048X1024) - 45 MB total VRAM
[2017.04.03-00.52.59:032][  0]LogTexture:Display: Building textures: ShadowMapTexture2D_2 (G8, 2048X1024) - 45 MB total VRAM
[2017.04.03-00.52.59:147][  0]LogTexture:Display: Building textures: ShadowMapTexture2D_3 (G8, 2048X1024) - 45 MB total VRAM
[2017.04.03-00.52.59:260][  0]LogTexture:Display: Building textures: ShadowMapTexture2D_4 (G8, 2048X1024) - 45 MB total VRAM
[2017.04.03-00.52.59:364][  0]LogTexture:Display: Building textures: ShadowMapTexture2D_5 (G8, 2048X1024) - 45 MB total VRAM
[2017.04.03-00.52.59:472][  0]LogTexture:Display: Building textures: ShadowMapTexture2D_6 (G8, 2048X1024) - 45 MB total VRAM
[2017.04.03-00.52.59:567][  0]LogTexture:Display: Building textures: ShadowMapTexture2D_7 (G8, 64X32) - 45 MB total VRAM
[2017.04.03-00.53.00:231][  0]LogAnimationCompression: Building Anim DDC data for AnimSequence /Game/FirstPerson/Animations/fpBody_walking.fpBody_walking
[2017.04.03-00.53.00:261][  0]LogAnimationCompression: Building Anim DDC data for AnimSequence /Game/FirstPerson/Animations/fpBody_idle.fpBody_idle
[2017.04.03-00.53.00:295][  0]LogAnimationCompression: Building Anim DDC data for AnimSequence /Game/FirstPerson/Animations/fpBody_running.fpBody_running
[2017.04.03-00.53.00:362][  0]LogTexture:Display: Building textures: Wizard_Shoes_specular (AutoDXT, 1024X1024) - 54 MB total VRAM
[2017.04.03-00.53.00:608][  0]LogTexture:Display: Building textures: Wizard_Shoes_normal (BC5, 1024X1024) - 54 MB total VRAM
[2017.04.03-00.53.00:798][  0]LogTexture:Display: Building textures: Wizard_Shoes_diffuse (AutoDXT, 1024X1024) - 54 MB total VRAM
[2017.04.03-00.53.01:520][  0]LogMaterial: Missing cached shader map for material Shoesmat4, compiling. 
[2017.04.03-00.53.01:580][  0]LogTemp:Display: Added material ShaderMap 0x0000026BA4AC6400 with Material 0x0000026BB953E980 to ShaderMapsBeingCompiled
[2017.04.03-00.53.01:710][  0]LogTemp:Display: Kicking off shader compilation for Shoesmat4, GameThreadShaderMap 0x0000026BA4AC6400
[2017.04.03-00.53.01:721][  0]LogTexture:Display: Building textures: Wizard_Moustache_specular (AutoDXT, 512X512) - 54 MB total VRAM
[2017.04.03-00.53.01:937][  0]LogTexture:Display: Building textures: Wizard_Moustache_normal (BC5, 512X512) - 54 MB total VRAM
[2017.04.03-00.53.01:984][  0]LogTexture:Display: Building textures: Wizard_Moustache_diffuse (AutoDXT, 512X512) - 54 MB total VRAM
[2017.04.03-00.53.02:202][  0]LogMaterial: Missing cached shader map for material Moustachemat3, compiling. 
[2017.04.03-00.53.02:203][  0]LogTemp:Display: Added material ShaderMap 0x0000026BC30DBC80 with Material 0x0000026BB954D480 to ShaderMapsBeingCompiled
[2017.04.03-00.53.02:259][  0]LogTemp:Display: Kicking off shader compilation for Moustachemat3, GameThreadShaderMap 0x0000026BC30DBC80
[2017.04.03-00.53.02:291][  0]LogTexture:Display: Building textures: Wizard_Hat_specular (AutoDXT, 1024X1024) - 54 MB total VRAM
[2017.04.03-00.53.02:611][  0]LogTexture:Display: Building textures: Wizard_Hat_normal (BC5, 1024X1024) - 54 MB total VRAM
[2017.04.03-00.53.02:845][  0]LogTexture:Display: Building textures: Wizard_Hat_diffuse (AutoDXT, 1024X1024) - 54 MB total VRAM
[2017.04.03-00.53.03:597][  0]LogMaterial: Missing cached shader map for material Hatmat3, compiling. 
[2017.04.03-00.53.03:598][  0]LogTemp:Display: Added material ShaderMap 0x0000026BC3AFE400 with Material 0x0000026BB955C100 to ShaderMapsBeingCompiled
[2017.04.03-00.53.03:658][  0]LogTemp:Display: Kicking off shader compilation for Hatmat3, GameThreadShaderMap 0x0000026BC3AFE400
[2017.04.03-00.53.03:672][  0]LogTexture:Display: Building textures: Wizard_Hair_specular (AutoDXT, 512X512) - 54 MB total VRAM
[2017.04.03-00.53.03:903][  0]LogTexture:Display: Building textures: Wizard_Hair_normal (BC5, 512X512) - 54 MB total VRAM
[2017.04.03-00.53.03:952][  0]LogTexture:Display: Building textures: Wizard_Hair_diffuse (AutoDXT, 512X512) - 54 MB total VRAM
[2017.04.03-00.53.04:190][  0]LogMaterial: Missing cached shader map for material Hairmat3, compiling. 
[2017.04.03-00.53.04:192][  0]LogTemp:Display: Added material ShaderMap 0x0000026BC7894B80 with Material 0x0000026BB955E800 to ShaderMapsBeingCompiled
[2017.04.03-00.53.04:254][  0]LogTemp:Display: Kicking off shader compilation for Hairmat3, GameThreadShaderMap 0x0000026BC7894B80
[2017.04.03-00.53.04:509][  0]LogTexture:Display: Building textures: Wizard_Body_diffuse (AutoDXT, 2048X2048) - 54 MB total VRAM
[2017.04.03-00.53.07:778][  0]LogTexture:Display: Building textures: Wizard_Body_specular (AutoDXT, 2048X2048) - 54 MB total VRAM
[2017.04.03-00.53.09:290][  0]LogTexture:Display: Building textures: Wizard_Body_normal (BC5, 2048X2048) - 54 MB total VRAM
[2017.04.03-00.53.10:117][  0]LogMaterial: Missing cached shader map for material Eyelashesmat3, compiling. 
[2017.04.03-00.53.10:118][  0]LogTemp:Display: Added material ShaderMap 0x0000026BCBCF7200 with Material 0x0000026BB957C280 to ShaderMapsBeingCompiled
[2017.04.03-00.53.10:239][  0]LogTemp:Display: Kicking off shader compilation for Eyelashesmat3, GameThreadShaderMap 0x0000026BCBCF7200
[2017.04.03-00.53.10:273][  0]LogTexture:Display: Building textures: Wizard_Bottom_specular (AutoDXT, 1024X1024) - 54 MB total VRAM
[2017.04.03-00.53.10:561][  0]LogTexture:Display: Building textures: Wizard_Bottom_normal (BC5, 1024X1024) - 54 MB total VRAM
[2017.04.03-00.53.10:821][  0]LogTexture:Display: Building textures: Wizard_Bottom_diffuse (AutoDXT, 1024X1024) - 54 MB total VRAM
[2017.04.03-00.53.11:581][  0]LogMaterial: Missing cached shader map for material Bottommat3, compiling. 
[2017.04.03-00.53.11:583][  0]LogTemp:Display: Added material ShaderMap 0x0000026BDAADD980 with Material 0x0000026BB957D600 to ShaderMapsBeingCompiled
[2017.04.03-00.53.11:647][  0]LogTemp:Display: Kicking off shader compilation for Bottommat3, GameThreadShaderMap 0x0000026BDAADD980
[2017.04.03-00.53.11:660][  0]LogTexture:Display: Building textures: Wizard_Beard_specular (AutoDXT, 512X512) - 54 MB total VRAM
[2017.04.03-00.53.11:911][  0]LogTexture:Display: Building textures: Wizard_Beard_normal (BC5, 512X512) - 54 MB total VRAM
[2017.04.03-00.53.11:966][  0]LogTexture:Display: Building textures: Wizard_Beard_diffuse (AutoDXT, 512X512) - 54 MB total VRAM
[2017.04.03-00.53.12:189][  0]LogMaterial: Missing cached shader map for material Beardmat3, compiling. 
[2017.04.03-00.53.12:190][  0]LogTemp:Display: Added material ShaderMap 0x0000026BDBE8FC80 with Material 0x0000026BB957FE80 to ShaderMapsBeingCompiled
[2017.04.03-00.53.12:253][  0]LogTemp:Display: Kicking off shader compilation for Beardmat3, GameThreadShaderMap 0x0000026BDBE8FC80
[2017.04.03-00.53.12:395][  0]LogTexture:Display: Building textures: tunic_SPEC (AutoDXT, 2048X2048) - 54 MB total VRAM
[2017.04.03-00.53.13:623][  0]LogTexture:Display: Building textures: tunic_NM (BC5, 2048X2048) - 54 MB total VRAM
[2017.04.03-00.53.14:416][  0]LogMaterial: Missing cached shader map for material Bodymat3, compiling. 
[2017.04.03-00.53.14:418][  0]LogTemp:Display: Added material ShaderMap 0x0000026BDB6AA400 with Material 0x0000026BB95B8D00 to ShaderMapsBeingCompiled
[2017.04.03-00.53.14:484][  0]LogTemp:Display: Kicking off shader compilation for Bodymat3, GameThreadShaderMap 0x0000026BDB6AA400
[2017.04.03-00.53.14:484][  0]LogAnimationCompression: Building Anim DDC data for AnimSequence /Game/FirstPerson/Animations/shadow_walking.shadow_walking
[2017.04.03-00.53.14:488][  0]LogAnimationCompression: Building Anim DDC data for AnimSequence /Game/FirstPerson/Animations/shadow_running.shadow_running
[2017.04.03-00.53.14:491][  0]LogAnimationCompression: Building Anim DDC data for AnimSequence /Game/FirstPerson/Animations/shadow_idle.shadow_idle
[2017.04.03-00.53.14:726][  0]LogTexture:Display: Building textures: tunic_DIF (AutoDXT, 2048X2048) - 54 MB total VRAM
[2017.04.03-00.53.16:817][  0]LogMaterial: Missing cached shader map for material Tunicmat1, compiling. 
[2017.04.03-00.53.16:819][  0]LogTemp:Display: Added material ShaderMap 0x0000026BDD538B80 with Material 0x0000026BB95A2800 to ShaderMapsBeingCompiled
[2017.04.03-00.53.16:890][  0]LogTemp:Display: Kicking off shader compilation for Tunicmat1, GameThreadShaderMap 0x0000026BDD538B80
[2017.04.03-00.53.16:891][  0]LogAnimationCompression: Building Anim DDC data for AnimSequence /Game/FirstPerson/Animations/fpArms_idle.fpArms_idle
[2017.04.03-00.53.16:913][  0]LogAnimationCompression: Building Anim DDC data for AnimSequence /Game/FirstPerson/Animations/fpArms_spell.fpArms_spell
[2017.04.03-00.53.17:041][  0]LogAIModule: Creating AISystem for world FirstPersonExampleMap
[2017.04.03-00.53.17:241][  0]LogTemp:Display: Finished compile of shader map 0x0000026BA4AC6400
[2017.04.03-00.53.17:241][  0]LogTemp:Display: Shader map Shoesmat4 complete, GameThreadShaderMap 0x0000026BA4AC6400, marking material Shoesmat4 as finished
[2017.04.03-00.53.17:241][  0]LogTemp:Display: Marking material as finished 0x0000026BB953E980
[2017.04.03-00.53.17:263][  0]LogTemp:Display: Finished compile of shader map 0x0000026BC30DBC80
[2017.04.03-00.53.17:263][  0]LogTemp:Display: Shader map Moustachemat3 complete, GameThreadShaderMap 0x0000026BC30DBC80, marking material Moustachemat3 as finished
[2017.04.03-00.53.17:263][  0]LogTemp:Display: Marking material as finished 0x0000026BB954D480
[2017.04.03-00.53.18:431][  0]LogEditorServer: Finished looking for orphan Actors (0.000 secs)
[2017.04.03-00.53.18:577][  0]Cmd: MAP CHECKDEP NOCLEARLOG
[2017.04.03-00.53.18:663][  0]MapCheck: Info Map check complete: 0 Error(s), 0 Warning(s), took 85.635ms to complete.
[2017.04.03-00.53.18:663][  0]LogFileHelpers: Loading map 'FirstPersonExampleMap' took 27.980
[2017.04.03-00.53.18:693][  0]LogTemp:Display: Finished compile of shader map 0x0000026BC3AFE400
[2017.04.03-00.53.18:693][  0]LogTemp:Display: Shader map Hatmat3 complete, GameThreadShaderMap 0x0000026BC3AFE400, marking material Hatmat3 as finished
[2017.04.03-00.53.18:693][  0]LogTemp:Display: Marking material as finished 0x0000026BB955C100
[2017.04.03-00.53.21:501][  0]LogCollectionManager: Loaded 0 collections in 0.001746 seconds
[2017.04.03-00.53.21:750][  0]LogFileCache: Scanning file cache for directory 'C:/Users/nathan/Desktop/Chimera3DGame/psyBrawl/Saved/Collections/' took 0.01s
[2017.04.03-00.53.21:750][  0]LogFileCache: Scanning file cache for directory 'C:/Users/nathan/Desktop/Chimera3DGame/psyBrawl/Content/Developers/nathan/Collections/' took 0.01s
[2017.04.03-00.53.21:750][  0]LogFileCache: Scanning file cache for directory 'C:/Users/nathan/Desktop/Chimera3DGame/psyBrawl/Content/Collections/' took 0.01s
[2017.04.03-00.53.21:750][  0]LogCollectionManager: Rebuilt the GUID cache for 0 collections in 0.000004 seconds
[2017.04.03-00.53.21:780][  0]LogContentBrowser: Native class hierarchy populated in 0.0265 seconds. Added 2245 classes and 453 folders.
[2017.04.03-00.53.21:919][  0]LogStats: UGameplayTagsManager::ConstructGameplayTagTree: Construct from data asset -  0.014 s
[2017.04.03-00.53.21:919][  0]LogStats: UGameplayTagsManager::ConstructGameplayTagTree: GameplayTagTreeChangedEvent.Broadcast -  0.000 s
[2017.04.03-00.53.22:066][  0]LogContentBrowser: Native class hierarchy updated for 'WidgetCarousel' in 0.0009 seconds. Added 0 classes and 0 folders.
[2017.04.03-00.53.22:273][  0]LogContentBrowser: Native class hierarchy updated for 'AddContentDialog' in 0.0010 seconds. Added 0 classes and 0 folders.
[2017.04.03-00.53.22:447][  0]LogContentBrowser: Native class hierarchy updated for 'SceneOutliner' in 0.0011 seconds. Added 1 classes and 2 folders.
[2017.04.03-00.53.23:154][  0]LogCrashTracker: Crashtracker disabled due to settings.
[2017.04.03-00.53.23:864][  0]LogContentBrowser: Native class hierarchy updated for 'HierarchicalLODOutliner' in 0.0010 seconds. Added 1 classes and 2 folders.
[2017.04.03-00.53.23:864][  0]LogLoad: (Engine Initialization) Total time: 138.17 seconds
[2017.04.03-00.53.23:864][  0]LogLoad: (Engine Initialization) Total Blueprint compile time: 1.45 seconds
[2017.04.03-00.53.23:864][  0]LogExternalProfiler: Found external profiler: VSPerf
[2017.04.03-00.53.23:864][  0]LogExternalProfiler: Using external profiler: VSPerf
[2017.04.03-00.53.23:998][  0]LogOcInput: OculusInput pre-init called
[2017.04.03-00.53.24:530][  0]LogContentStreaming: Texture pool size now 1000 MB
[2017.04.03-00.53.24:601][  0]LogTemp:Display: Finished compile of shader map 0x0000026BC7894B80
[2017.04.03-00.53.24:601][  0]LogTemp:Display: Shader map Hairmat3 complete, GameThreadShaderMap 0x0000026BC7894B80, marking material Hairmat3 as finished
[2017.04.03-00.53.24:601][  0]LogTemp:Display: Marking material as finished 0x0000026BB955E800
[2017.04.03-00.53.24:774][  0]LogSlate: Took 0.043357 seconds to synchronously load lazily loaded font '../../../Engine/Content/Slate/Fonts/Roboto-Regular.ttf' (155K)
[2017.04.03-00.53.24:824][  0]LogSlate: Took 0.022794 seconds to synchronously load lazily loaded font '../../../Engine/Content/Slate/Fonts/Roboto-Bold.ttf' (160K)
[2017.04.03-00.53.24:891][  0]LogSlate: Took 0.022924 seconds to synchronously load lazily loaded font '../../../Engine/Content/Editor/Slate/Fonts/FontAwesome.ttf' (139K)
[2017.04.03-00.53.26:473][  0]LogRenderer: Reallocating scene render targets to support 1004x456 NumSamples 1 (Frame:2).
[2017.04.03-00.53.27:251][  1]LogEditorViewport: Clicking on Actor (LMB): StaticMeshActor (Floor)
[2017.04.03-00.53.28:199][  1]LogTemp:Display: Finished compile of shader map 0x0000026BDAADD980
[2017.04.03-00.53.28:199][  1]LogTemp:Display: Shader map Bottommat3 complete, GameThreadShaderMap 0x0000026BDAADD980, marking material Bottommat3 as finished
[2017.04.03-00.53.28:199][  1]LogTemp:Display: Marking material as finished 0x0000026BB957D600
[2017.04.03-00.53.28:397][  1]LogSlate: Took 0.012896 seconds to synchronously load lazily loaded font '../../../Engine/Content/Slate/Fonts/Roboto-Light.ttf' (159K)
[2017.04.03-00.53.28:835][  2]LogTemp:Display: Finished compile of shader map 0x0000026BCBCF7200
[2017.04.03-00.53.28:835][  2]LogTemp:Display: Shader map Eyelashesmat3 complete, GameThreadShaderMap 0x0000026BCBCF7200, marking material Eyelashesmat3 as finished
[2017.04.03-00.53.28:835][  2]LogTemp:Display: Marking material as finished 0x0000026BB957C280
[2017.04.03-00.53.29:111][  3]LogAssetRegistry: Asset discovery search completed in 88.3551 seconds
[2017.04.03-00.53.29:111][  3]LogCollectionManager: Rebuilt the object cache for 0 collections in 0.000009 seconds (found 0 objects)
[2017.04.03-00.53.29:111][  3]LogCollectionManager: Fixed up redirectors for 0 collections in 0.000035 seconds (updated 0 objects)
[2017.04.03-00.53.30:761][ 91]LogTemp:Display: Finished compile of shader map 0x0000026BDBE8FC80
[2017.04.03-00.53.30:761][ 91]LogTemp:Display: Shader map Beardmat3 complete, GameThreadShaderMap 0x0000026BDBE8FC80, marking material Beardmat3 as finished
[2017.04.03-00.53.30:761][ 91]LogTemp:Display: Marking material as finished 0x0000026BB957FE80
[2017.04.03-00.53.34:066][340]LogTemp:Display: Finished compile of shader map 0x0000026BDB6AA400
[2017.04.03-00.53.34:066][340]LogTemp:Display: Shader map Bodymat3 complete, GameThreadShaderMap 0x0000026BDB6AA400, marking material Bodymat3 as finished
[2017.04.03-00.53.34:066][340]LogTemp:Display: Marking material as finished 0x0000026BB95B8D00
[2017.04.03-00.53.37:484][625]LogTemp:Display: Finished compile of shader map 0x0000026BDD538B80
[2017.04.03-00.53.37:484][625]LogTemp:Display: Shader map Tunicmat1 complete, GameThreadShaderMap 0x0000026BDD538B80, marking material Tunicmat1 as finished
[2017.04.03-00.53.37:484][625]LogTemp:Display: Marking material as finished 0x0000026BB95A2800
[2017.04.03-00.53.39:523][783]LogWindowsTextInputMethodSystem:Display: IME system now deactivated.
[2017.04.03-00.53.40:224][784]Cmd: QUIT_EDITOR
[2017.04.03-00.53.40:767][784]LogExit: Preparing to exit.
[2017.04.03-00.53.42:511][784]LogExit: Editor shut down
[2017.04.03-00.53.42:511][784]LogExit: Transaction tracking system shut down
[2017.04.03-00.53.43:987][784]LogObj: Freed 0b from 0 cluster array pools.
[2017.04.03-00.53.43:987][784]LogExit: Object subsystem successfully closed.
[2017.04.03-00.53.44:195][784]LogD3D11RHI: Shutdown
[2017.04.03-00.53.44:195][784]LogD3D11RHI: CleanupD3DDevice
[2017.04.03-00.53.44:374][784]LogD3D11RHI: ~FD3D11DynamicRHI
[2017.04.03-00.53.45:128][784]LogModuleManager: Shutting down and abandoning module HierarchicalLODOutliner (498)
[2017.04.03-00.53.45:143][784]LogModuleManager: Shutting down and abandoning module CrashTracker (496)
[2017.04.03-00.53.45:143][784]LogModuleManager: Shutting down and abandoning module SceneOutliner (494)
[2017.04.03-00.53.45:143][784]LogModuleManager: Shutting down and abandoning module AddContentDialog (492)
[2017.04.03-00.53.45:197][784]LogDirectoryWatcher: A directory notification for 'D:/UE4/UE_4.15/FeaturePacks/' was aborted.
[2017.04.03-00.53.45:247][784]LogModuleManager: Shutting down and abandoning module WidgetCarousel (491)
[2017.04.03-00.53.45:247][784]LogModuleManager: Shutting down and abandoning module EditorWidgets (488)
[2017.04.03-00.53.45:247][784]LogModuleManager: Shutting down and abandoning module CollectionManager (486)
[2017.04.03-00.53.45:258][784]LogDirectoryWatcher: A directory notification for 'C:/Users/nathan/Desktop/Chimera3DGame/psyBrawl/Content/Collections/' was aborted.
[2017.04.03-00.53.45:259][784]LogDirectoryWatcher: A directory notification for 'C:/Users/nathan/Desktop/Chimera3DGame/psyBrawl/Content/Developers/nathan/Collections/' was aborted.
[2017.04.03-00.53.45:259][784]LogDirectoryWatcher: A directory notification for 'C:/Users/nathan/Desktop/Chimera3DGame/psyBrawl/Saved/Collections/' was aborted.
[2017.04.03-00.53.45:259][784]LogModuleManager: Shutting down and abandoning module StatsViewer (484)
[2017.04.03-00.53.45:275][784]LogModuleManager: Shutting down and abandoning module FoliageEdit (482)
[2017.04.03-00.53.45:275][784]LogModuleManager: Shutting down and abandoning module LandscapeEditor (480)
[2017.04.03-00.53.45:288][784]LogModuleManager: Shutting down and abandoning module SceneDepthPickerMode (478)
[2017.04.03-00.53.45:288][784]LogModuleManager: Shutting down and abandoning module ActorPickerMode (476)
[2017.04.03-00.53.45:288][784]LogModuleManager: Shutting down and abandoning module GeometryMode (474)
[2017.04.03-00.53.45:288][784]LogModuleManager: Shutting down and abandoning module TextureAlignMode (472)
[2017.04.03-00.53.45:288][784]LogModuleManager: Shutting down and abandoning module BspMode (470)
[2017.04.03-00.53.45:304][784]LogModuleManager: Shutting down and abandoning module HardwareSurvey (468)
[2017.04.03-00.53.45:304][784]LogModuleManager: Shutting down and abandoning module SequenceRecorderSections (466)
[2017.04.03-00.53.45:304][784]LogModuleManager: Shutting down and abandoning module AutomationWorker (464)
[2017.04.03-00.53.45:315][784]LogModuleManager: Shutting down and abandoning module MatineeToLevelSequence (462)
[2017.04.03-00.53.45:315][784]LogModuleManager: Shutting down and abandoning module LevelSequenceEditor (460)
[2017.04.03-00.53.45:350][784]LogModuleManager: Shutting down and abandoning module PlacementMode (459)
[2017.04.03-00.53.45:350][784]LogModuleManager: Shutting down and abandoning module WmfMediaFactory (456)
[2017.04.03-00.53.45:350][784]LogModuleManager: Shutting down and abandoning module WmfMediaEditor (454)
[2017.04.03-00.53.45:350][784]LogModuleManager: Shutting down and abandoning module MfMediaFactory (452)
[2017.04.03-00.53.45:350][784]LogModuleManager: Shutting down and abandoning module MfMediaEditor (450)
[2017.04.03-00.53.45:350][784]LogModuleManager: Shutting down and abandoning module AvfMediaFactory (448)
[2017.04.03-00.53.45:350][784]LogModuleManager: Shutting down and abandoning module AvfMediaEditor (446)
[2017.04.03-00.53.45:350][784]LogModuleManager: Shutting down and abandoning module AndroidMediaFactory (444)
[2017.04.03-00.53.45:350][784]LogModuleManager: Shutting down and abandoning module Media (443)
[2017.04.03-00.53.45:350][784]LogModuleManager: Shutting down and abandoning module AndroidMediaEditor (440)
[2017.04.03-00.53.45:350][784]LogModuleManager: Shutting down and abandoning module CharacterAI (438)
[2017.04.03-00.53.45:350][784]LogModuleManager: Shutting down and abandoning module AudioCapture (436)
[2017.04.03-00.53.45:350][784]LogModuleManager: Shutting down and abandoning module SequenceRecorder (435)
[2017.04.03-00.53.45:398][784]LogModuleManager: Shutting down and abandoning module SmartSnapping (432)
[2017.04.03-00.53.45:398][784]LogModuleManager: Shutting down and abandoning module SessionServices (430)
[2017.04.03-00.53.45:398][784]LogModuleManager: Shutting down and abandoning module ViewportSnapping (428)
[2017.04.03-00.53.45:398][784]LogModuleManager: Shutting down and abandoning module ViewportInteraction (426)
[2017.04.03-00.53.45:398][784]LogModuleManager: Shutting down and abandoning module LogVisualizer (424)
[2017.04.03-00.53.45:413][784]LogModuleManager: Shutting down and abandoning module IntroTutorials (422)
[2017.04.03-00.53.45:425][784]LogModuleManager: Shutting down and abandoning module GameProjectGeneration (421)
[2017.04.03-00.53.45:455][784]LogModuleManager: Shutting down and abandoning module EditorLiveStreaming (418)
[2017.04.03-00.53.45:455][784]LogModuleManager: Shutting down and abandoning module IOSPlatformEditor (416)
[2017.04.03-00.53.45:455][784]LogModuleManager: Shutting down and abandoning module HTML5PlatformEditor (414)
[2017.04.03-00.53.45:455][784]LogModuleManager: Shutting down and abandoning module AndroidPlatformEditor (412)
[2017.04.03-00.53.45:467][784]LogModuleManager: Shutting down and abandoning module AndroidDeviceDetection (411)
[2017.04.03-00.53.46:363][784]LogModuleManager: Shutting down and abandoning module IOSRuntimeSettings (408)
[2017.04.03-00.53.46:363][784]LogModuleManager: Shutting down and abandoning module AndroidRuntimeSettings (406)
[2017.04.03-00.53.46:363][784]LogModuleManager: Shutting down and abandoning module InputBindingEditor (404)
[2017.04.03-00.53.46:377][784]LogModuleManager: Shutting down and abandoning module NiagaraEditor (402)
[2017.04.03-00.53.46:421][784]LogModuleManager: Shutting down and abandoning module MergeActors (400)
[2017.04.03-00.53.46:433][784]LogModuleManager: Shutting down and abandoning module SizeMap (398)
[2017.04.03-00.53.46:433][784]LogModuleManager: Shutting down and abandoning module TreeMap (396)
[2017.04.03-00.53.46:451][784]LogModuleManager: Shutting down and abandoning module ReferenceViewer (394)
[2017.04.03-00.53.46:451][784]LogModuleManager: Shutting down and abandoning module LocalizationDashboard (392)
[2017.04.03-00.53.46:465][784]LogModuleManager: Shutting down and abandoning module LocalizationService (391)
[2017.04.03-00.53.46:482][784]LogModuleManager: Shutting down and abandoning module HardwareTargeting (388)
[2017.04.03-00.53.46:498][784]LogModuleManager: Shutting down and abandoning module DeviceProfileEditor (386)
[2017.04.03-00.53.46:505][784]LogModuleManager: Shutting down and abandoning module UndoHistory (384)
[2017.04.03-00.53.46:515][784]LogModuleManager: Shutting down and abandoning module UserFeedback (382)
[2017.04.03-00.53.46:515][784]LogModuleManager: Shutting down and abandoning module XmlParser (380)
[2017.04.03-00.53.46:515][784]LogModuleManager: Shutting down and abandoning module Blutility (378)
[2017.04.03-00.53.46:538][784]LogModuleManager: Shutting down and abandoning module ProjectSettingsViewer (376)
[2017.04.03-00.53.46:538][784]LogModuleManager: Shutting down and abandoning module ProjectTargetPlatformEditor (375)
[2017.04.03-00.53.46:539][784]LogModuleManager: Shutting down and abandoning module EditorSettingsViewer (372)
[2017.04.03-00.53.46:539][784]LogModuleManager: Shutting down and abandoning module SettingsEditor (370)
[2017.04.03-00.53.46:574][784]LogModuleManager: Shutting down and abandoning module ProjectLauncher (368)
[2017.04.03-00.53.46:603][784]LogModuleManager: Shutting down and abandoning module SessionFrontend (366)
[2017.04.03-00.53.46:627][784]LogModuleManager: Shutting down and abandoning module ProfilerClient (364)
[2017.04.03-00.53.46:645][784]LogModuleManager: Shutting down and abandoning module DeviceManager (362)
[2017.04.03-00.53.46:664][784]LogModuleManager: Shutting down and abandoning module TargetDeviceServices (361)
[2017.04.03-00.53.46:736][784]LogModuleManager: Shutting down and abandoning module AutomationController (358)
[2017.04.03-00.53.46:751][784]LogModuleManager: Shutting down and abandoning module AutomationWindow (356)
[2017.04.03-00.53.46:797][784]LogModuleManager: Shutting down and abandoning module Layers (354)
[2017.04.03-00.53.46:818][784]LogModuleManager: Shutting down and abandoning module ComponentVisualizers (352)
[2017.04.03-00.53.46:818][784]LogModuleManager: Shutting down and abandoning module DetailCustomizations (350)
[2017.04.03-00.53.46:828][784]LogModuleManager: Shutting down and abandoning module PackagesDialog (348)
[2017.04.03-00.53.46:844][784]LogModuleManager: Shutting down and abandoning module Persona (346)
[2017.04.03-00.53.46:891][784]LogModuleManager: Shutting down and abandoning module AnimGraph (345)
[2017.04.03-00.53.46:891][784]LogModuleManager: Shutting down and abandoning module Kismet (342)
[2017.04.03-00.53.46:922][784]LogModuleManager: Shutting down and abandoning module GraphEditor (340)
[2017.04.03-00.53.46:960][784]LogModuleManager: Shutting down and abandoning module ClassViewer (338)
[2017.04.03-00.53.46:974][784]LogModuleManager: Shutting down and abandoning module Toolbox (336)
[2017.04.03-00.53.46:974][784]LogModuleManager: Shutting down and abandoning module ModuleUI (334)
[2017.04.03-00.53.46:988][784]LogModuleManager: Shutting down and abandoning module MovieSceneTools (332)
[2017.04.03-00.53.47:003][784]LogModuleManager: Shutting down and abandoning module OutputLog (330)
[2017.04.03-00.53.47:014][784]LogModuleManager: Shutting down and abandoning module GammaUI (328)
[2017.04.03-00.53.47:031][784]LogModuleManager: Shutting down and abandoning module Documentation (326)
[2017.04.03-00.53.47:031][784]LogModuleManager: Shutting down and abandoning module Niagara (324)
[2017.04.03-00.53.47:031][784]LogModuleManager: Shutting down and abandoning module StreamingPauseRendering (322)
[2017.04.03-00.53.47:031][784]LogModuleManager: Shutting down and abandoning module AnalyticsET (320)
[2017.04.03-00.53.47:031][784]LogModuleManager: Shutting down and abandoning module PortalServices (318)
[2017.04.03-00.53.47:031][784]LogModuleManager: Shutting down and abandoning module PortalRpc (316)
[2017.04.03-00.53.47:031][784]LogModuleManager: Shutting down and abandoning module MessagingRpc (314)
[2017.04.03-00.53.47:031][784]LogModuleManager: Shutting down and abandoning module AIModule (312)
[2017.04.03-00.53.47:031][784]LogModuleManager: Shutting down and abandoning module GameplayDebugger (311)
[2017.04.03-00.53.47:043][784]LogModuleManager: Shutting down and abandoning module AITestSuite (309)
[2017.04.03-00.53.47:043][784]LogModuleManager: Shutting down and abandoning module ProfilerService (306)
[2017.04.03-00.53.47:267][784]LogModuleManager: Shutting down and abandoning module TaskGraph (304)
[2017.04.03-00.53.47:282][784]LogModuleManager: Shutting down and abandoning module SteamVRController (302)
[2017.04.03-00.53.47:282][784]LogModuleManager: Shutting down and abandoning module SteamVR (300)
[2017.04.03-00.53.47:282][784]LogModuleManager: Shutting down and abandoning module ProceduralMeshComponentEditor (298)
[2017.04.03-00.53.47:282][784]LogModuleManager: Shutting down and abandoning module ProceduralMeshComponent (296)
[2017.04.03-00.53.47:282][784]LogModuleManager: Shutting down and abandoning module OculusLibrary (294)
[2017.04.03-00.53.47:282][784]LogModuleManager: Shutting down and abandoning module OculusInput (292)
[2017.04.03-00.53.47:282][784]LogModuleManager: Shutting down and abandoning module MobilePatchingUtils (290)
[2017.04.03-00.53.47:282][784]LogModuleManager: Shutting down and abandoning module CustomMeshComponent (288)
[2017.04.03-00.53.47:282][784]LogModuleManager: Shutting down and abandoning module CableComponent (286)
[2017.04.03-00.53.47:282][784]LogModuleManager: Shutting down and abandoning module ArchVisCharacter (284)
[2017.04.03-00.53.47:282][784]LogModuleManager: Shutting down and abandoning module MediaPlayerEditor (280)
[2017.04.03-00.53.47:283][784]LogModuleManager: Shutting down and abandoning module HTML5Networking (278)
[2017.04.03-00.53.47:283][784]LogModuleManager: Shutting down and abandoning module AlembicImporter (276)
[2017.04.03-00.53.47:283][784]LogModuleManager: Shutting down and abandoning module AlembicLibrary (275)
[2017.04.03-00.53.47:283][784]LogModuleManager: Shutting down and abandoning module GeometryCache (274)
[2017.04.03-00.53.47:283][784]LogModuleManager: Shutting down and abandoning module GeometryCacheEd (273)
[2017.04.03-00.53.47:283][784]LogModuleManager: Shutting down and abandoning module SuperSearchEditor (268)
[2017.04.03-00.53.47:283][784]LogModuleManager: Shutting down and abandoning module SuperSearch (267)
[2017.04.03-00.53.47:283][784]LogModuleManager: Shutting down and abandoning module SpeedTreeImporter (264)
[2017.04.03-00.53.47:283][784]LogModuleManager: Shutting down and abandoning module PluginBrowser (262)
[2017.04.03-00.53.47:283][784]LogModuleManager: Shutting down and abandoning module MobileLauncherProfileWizard (260)
[2017.04.03-00.53.47:283][784]LogModuleManager: Shutting down and abandoning module EpicSurvey (258)
[2017.04.03-00.53.47:284][784]LogModuleManager: Shutting down and abandoning module VisualStudioSourceCodeAccess (256)
[2017.04.03-00.53.47:284][784]LogModuleManager: Shutting down and abandoning module DesktopPlatform (255)
[2017.04.03-00.53.47:284][784]LogModuleManager: Shutting down and abandoning module UObjectPlugin (252)
[2017.04.03-00.53.47:284][784]LogModuleManager: Shutting down and abandoning module SubversionSourceControl (250)
[2017.04.03-00.53.47:284][784]LogModuleManager: Shutting down and abandoning module PerforceSourceControl (248)
[2017.04.03-00.53.47:284][784]LogModuleManager: Shutting down and abandoning module GitSourceControl (246)
[2017.04.03-00.53.47:284][784]LogModuleManager: Shutting down and abandoning module SourceControl (245)
[2017.04.03-00.53.47:303][784]LogModuleManager: Shutting down and abandoning module LightPropagationVolumeEditor (242)
[2017.04.03-00.53.47:303][784]LogModuleManager: Shutting down and abandoning module PaperTiledImporter (240)
[2017.04.03-00.53.47:303][784]LogModuleManager: Shutting down and abandoning module PaperSpriteSheetImporter (238)
[2017.04.03-00.53.47:303][784]LogModuleManager: Shutting down and abandoning module Paper2DEditor (236)
[2017.04.03-00.53.47:304][784]LogModuleManager: Shutting down and abandoning module MeshPaint (235)
[2017.04.03-00.53.47:320][784]LogModuleManager: Shutting down and abandoning module LevelEditor (233)
[2017.04.03-00.53.47:328][784]LogModuleManager: Shutting down and abandoning module PixelInspectorModule (232)
[2017.04.03-00.53.47:347][784]LogModuleManager: Shutting down and abandoning module MainFrame (230)
[2017.04.03-00.53.47:348][784]LogModuleManager: Shutting down and abandoning module HotReload (229)
[2017.04.03-00.53.47:363][784]LogModuleManager: Shutting down and abandoning module ContentBrowser (225)
[2017.04.03-00.53.47:364][784]LogModuleManager: Shutting down and abandoning module PhysXVehiclesEditor (222)
[2017.04.03-00.53.47:364][784]LogModuleManager: Shutting down and abandoning module PhysXVehicles (220)
[2017.04.03-00.53.47:364][784]LogModuleManager: Shutting down and abandoning module LocationServicesBPLibrary (218)
[2017.04.03-00.53.47:364][784]LogModuleManager: Shutting down and abandoning module UdpMessaging (216)
[2017.04.03-00.53.47:465][784]LogModuleManager: Shutting down and abandoning module TcpMessaging (214)
[2017.04.03-00.53.47:565][784]LogModuleManager: Shutting down and abandoning module GameplayTagsEditor (212)
[2017.04.03-00.53.47:565][784]LogModuleManager: Shutting down and abandoning module FacialAnimationEditor (210)
[2017.04.03-00.53.47:565][784]LogModuleManager: Shutting down and abandoning module FacialAnimation (208)
[2017.04.03-00.53.47:565][784]LogModuleManager: Shutting down and abandoning module LightPropagationVolumeRuntime (206)
[2017.04.03-00.53.47:565][784]LogModuleManager: Shutting down and abandoning module Paper2D (204)
[2017.04.03-00.53.47:565][784]LogModuleManager: Shutting down and abandoning module WindowsMoviePlayer (202)
[2017.04.03-00.53.47:565][784]LogModuleManager: Shutting down and abandoning module WmfMedia (200)
[2017.04.03-00.53.47:565][784]LogModuleManager: Shutting down and abandoning module MfMedia (198)
[2017.04.03-00.53.47:565][784]LogModuleManager: Shutting down and abandoning module MediaAssets (196)
[2017.04.03-00.53.47:565][784]LogModuleManager: Shutting down and abandoning module GameLiveStreaming (194)
[2017.04.03-00.53.47:578][784]LogModuleManager: Shutting down and abandoning module VREditor (192)
[2017.04.03-00.53.47:578][784]LogModuleManager: Shutting down and abandoning module GameplayTasksEditor (190)
[2017.04.03-00.53.47:578][784]LogModuleManager: Shutting down and abandoning module BehaviorTreeEditor (188)
[2017.04.03-00.53.47:652][784]LogModuleManager: Shutting down and abandoning module FunctionalTesting (186)
[2017.04.03-00.53.47:652][784]LogModuleManager: Shutting down and abandoning module CollisionAnalyzer (184)
[2017.04.03-00.53.47:667][784]LogModuleManager: Shutting down and abandoning module UMG (182)
[2017.04.03-00.53.47:712][784]LogModuleManager: Shutting down and abandoning module UMGEditor (181)
[2017.04.03-00.53.47:784][784]LogModuleManager: Shutting down and abandoning module Sequencer (180)
[2017.04.03-00.53.47:823][784]LogModuleManager: Shutting down and abandoning module AssetTools (178)
[2017.04.03-00.53.47:894][784]LogModuleManager: Shutting down and abandoning module MessageLog (177)
[2017.04.03-00.53.47:894][784]LogModuleManager: Shutting down and abandoning module WorkspaceMenuStructure (176)
[2017.04.03-00.53.47:894][784]LogModuleManager: Shutting down and abandoning module SlateReflector (170)
[2017.04.03-00.53.47:962][784]LogModuleManager: Shutting down and abandoning module Slate (168)
[2017.04.03-00.53.47:962][784]LogModuleManager: Shutting down and abandoning module EditorStyle (166)
[2017.04.03-00.53.47:970][784]LogModuleManager: Shutting down and abandoning module SourceCodeAccess (164)
[2017.04.03-00.53.47:988][784]LogModuleManager: Shutting down and abandoning module HeadMountedDisplay (162)
[2017.04.03-00.53.47:988][784]LogModuleManager: Shutting down and abandoning module XAudio2 (160)
[2017.04.03-00.53.47:988][784]LogModuleManager: Shutting down and abandoning module Networking (158)
[2017.04.03-00.53.47:988][784]LogModuleManager: Shutting down and abandoning module Core (154)
[2017.04.03-00.53.47:988][784]LogModuleManager: Shutting down and abandoning module AssetRegistry (152)
[2017.04.03-00.53.48:234][784]LogDirectoryWatcher: A directory notification for '../../../Engine/Content/' was aborted.
[2017.04.03-00.53.48:234][784]LogDirectoryWatcher: A directory notification for 'C:/Users/nathan/Desktop/Chimera3DGame/psyBrawl/Content/' was aborted.
[2017.04.03-00.53.48:234][784]LogDirectoryWatcher: A directory notification for '../../../Engine/Plugins/2D/Paper2D/Content/' was aborted.
[2017.04.03-00.53.48:250][784]LogModuleManager: Shutting down and abandoning module DirectoryWatcher (151)
[2017.04.03-00.53.48:250][784]LogModuleManager: Shutting down and abandoning module KismetCompiler (148)
[2017.04.03-00.53.48:251][784]LogModuleManager: Shutting down and abandoning module PhysXFormats (146)
[2017.04.03-00.53.48:251][784]LogModuleManager: Shutting down and abandoning module MeshUtilities (144)
[2017.04.03-00.53.48:268][784]LogModuleManager: Shutting down and abandoning module SimplygonSwarm (143)
[2017.04.03-00.53.48:281][784]LogModuleManager: Shutting down and abandoning module SimplygonMeshReduction (141)
[2017.04.03-00.53.48:281][784]LogModuleManager: Shutting down and abandoning module QuadricMeshReduction (139)
[2017.04.03-00.53.48:281][784]LogModuleManager: Shutting down and abandoning module PropertyEditor (137)
[2017.04.03-00.53.48:281][784]LogModuleManager: Shutting down and abandoning module DerivedDataCache (134)
[2017.04.03-00.53.48:367][784]LogDerivedDataCache: Shutdown
[2017.04.03-00.53.48:367][784]LogModuleManager: Shutting down and abandoning module TargetPlatform (132)
[2017.04.03-00.53.48:367][784]LogModuleManager: Shutting down and abandoning module VulkanShaderFormat (131)
[2017.04.03-00.53.48:383][784]LogModuleManager: Shutting down and abandoning module ShaderFormatOpenGL (129)
[2017.04.03-00.53.48:394][784]LogModuleManager: Shutting down and abandoning module ShaderFormatD3D (127)
[2017.04.03-00.53.48:394][784]LogModuleManager: Shutting down and abandoning module MetalShaderFormat (125)
[2017.04.03-00.53.48:421][784]LogModuleManager: Shutting down and abandoning module TextureFormatUncompressed (123)
[2017.04.03-00.53.48:421][784]LogModuleManager: Shutting down and abandoning module TextureFormatPVR (121)
[2017.04.03-00.53.48:421][784]LogModuleManager: Shutting down and abandoning module TextureFormatDXT (119)
[2017.04.03-00.53.48:421][784]LogModuleManager: Shutting down and abandoning module TextureFormatIntelISPCTexComp (117)
[2017.04.03-00.53.48:422][784]LogModuleManager: Shutting down and abandoning module TextureFormatASTC (115)
[2017.04.03-00.53.48:422][784]LogModuleManager: Shutting down and abandoning module ImageWrapper (114)
[2017.04.03-00.53.48:422][784]LogModuleManager: Shutting down and abandoning module TextureFormatAndroid (111)
[2017.04.03-00.53.48:422][784]LogModuleManager: Shutting down and abandoning module AudioFormatOpus (109)
[2017.04.03-00.53.48:431][784]LogModuleManager: Shutting down and abandoning module AudioFormatOgg (107)
[2017.04.03-00.53.48:431][784]LogModuleManager: Shutting down and abandoning module AudioFormatADPCM (105)
[2017.04.03-00.53.48:431][784]LogModuleManager: Shutting down and abandoning module LinuxTargetPlatform (103)
[2017.04.03-00.53.48:431][784]LogModuleManager: Shutting down and abandoning module LinuxServerTargetPlatform (101)
[2017.04.03-00.53.48:431][784]LogModuleManager: Shutting down and abandoning module LinuxNoEditorTargetPlatform (99)
[2017.04.03-00.53.48:431][784]LogModuleManager: Shutting down and abandoning module LinuxClientTargetPlatform (97)
[2017.04.03-00.53.48:431][784]LogModuleManager: Shutting down and abandoning module TVOSTargetPlatform (95)
[2017.04.03-00.53.48:431][784]LogModuleManager: Shutting down and abandoning module Messaging (93)
[2017.04.03-00.53.48:431][784]LogModuleManager: Shutting down and abandoning module IOSTargetPlatform (91)
[2017.04.03-00.53.48:431][784]LogModuleManager: Shutting down and abandoning module HTML5TargetPlatform (89)
[2017.04.03-00.53.48:431][784]LogModuleManager: Shutting down and abandoning module Android_PVRTCTargetPlatform (87)
[2017.04.03-00.53.48:431][784]LogModuleManager: Shutting down and abandoning module Android_MultiTargetPlatform (85)
[2017.04.03-00.53.48:431][784]LogModuleManager: Shutting down and abandoning module Android_ETC2TargetPlatform (83)
[2017.04.03-00.53.48:431][784]LogModuleManager: Shutting down and abandoning module Android_ETC1TargetPlatform (81)
[2017.04.03-00.53.48:431][784]LogModuleManager: Shutting down and abandoning module Android_DXTTargetPlatform (79)
[2017.04.03-00.53.48:431][784]LogModuleManager: Shutting down and abandoning module Android_ATCTargetPlatform (77)
[2017.04.03-00.53.48:431][784]LogModuleManager: Shutting down and abandoning module Android_ASTCTargetPlatform (75)
[2017.04.03-00.53.48:431][784]LogModuleManager: Shutting down and abandoning module AndroidTargetPlatform (73)
[2017.04.03-00.53.48:431][784]LogModuleManager: Shutting down and abandoning module WindowsTargetPlatform (71)
[2017.04.03-00.53.48:431][784]LogModuleManager: Shutting down and abandoning module WindowsServerTargetPlatform (69)
[2017.04.03-00.53.48:431][784]LogModuleManager: Shutting down and abandoning module WindowsNoEditorTargetPlatform (67)
[2017.04.03-00.53.48:431][784]LogModuleManager: Shutting down and abandoning module WindowsClientTargetPlatform (65)
[2017.04.03-00.53.48:431][784]LogModuleManager: Shutting down and abandoning module MacTargetPlatform (63)
[2017.04.03-00.53.48:431][784]LogModuleManager: Shutting down and abandoning module MacServerTargetPlatform (61)
[2017.04.03-00.53.48:431][784]LogModuleManager: Shutting down and abandoning module MacNoEditorTargetPlatform (59)
[2017.04.03-00.53.48:432][784]LogModuleManager: Shutting down and abandoning module MacClientTargetPlatform (57)
[2017.04.03-00.53.48:432][784]LogModuleManager: Shutting down and abandoning module AllDesktopTargetPlatform (55)
[2017.04.03-00.53.48:432][784]LogModuleManager: Shutting down and abandoning module InputCore (52)
[2017.04.03-00.53.48:432][784]LogModuleManager: Shutting down and abandoning module Settings (50)
[2017.04.03-00.53.48:432][784]LogModuleManager: Shutting down and abandoning module OculusRift (48)
[2017.04.03-00.53.48:432][784]LogModuleManager: Shutting down and abandoning module GearVR (46)
[2017.04.03-00.53.48:432][784]LogModuleManager: Shutting down and abandoning module ExampleDeviceProfileSelector (44)
[2017.04.03-00.53.48:432][784]LogModuleManager: Shutting down and abandoning module OnlineBlueprintSupport (42)
[2017.04.03-00.53.48:432][784]LogModuleManager: Shutting down and abandoning module OnlineSubsystem (38)
[2017.04.03-00.53.48:432][784]LogOnline:Display: Unloading online subsystem: NULL
[2017.04.03-00.53.48:432][784]LogModuleManager: Shutting down and abandoning module XMPP (37)
[2017.04.03-00.53.48:449][784]LogModuleManager: Shutting down and abandoning module HTTP (35)
[2017.04.03-00.53.48:463][784]LogHttp:Display: Http module shutting down, but needs to wait on 1 outstanding Http requests:
[2017.04.03-00.53.48:463][784]LogHttp:Display: 	verb=[POST] url=[https://datarouter.ol.epicgames.com/datarouter/api/v1/public/data?SessionID=%7B81966B82-4179-25D3-6710-F4A310B4F48C%7D&AppID=UEEditor.Rocket.Release&AppVersion=4.15.1-3348071%2B%2B%2BUE4%2BRelease-4.15&UserID=ebd02eab4bf37fade98294bf0ac2928c%7Cdf2486657973442ea895399024942a3f%7C11ccd397-2015-4e95-b97f-e72c5e310a35&AppEnvironment=datacollector-binary&UploadType=eteventstream] status=Processing
[2017.04.03-00.53.48:469][784]LogModuleManager: Shutting down and abandoning module SSL (34)
[2017.04.03-00.53.48:471][784]LogModuleManager: Shutting down and abandoning module AudioEditor (30)
[2017.04.03-00.53.48:484][784]LogModuleManager: Shutting down and abandoning module TextureCompressor (28)
[2017.04.03-00.53.48:484][784]LogModuleManager: Shutting down and abandoning module ShaderCore (26)
[2017.04.03-00.53.48:484][784]LogModuleManager: Shutting down and abandoning module Landscape (24)
[2017.04.03-00.53.48:484][784]LogModuleManager: Shutting down and abandoning module SlateRHIRenderer (22)
[2017.04.03-00.53.48:493][784]LogModuleManager: Shutting down and abandoning module OpenGLDrv (20)
[2017.04.03-00.53.48:516][784]LogModuleManager: Shutting down and abandoning module D3D11RHI (18)
[2017.04.03-00.53.48:516][784]LogModuleManager: Shutting down and abandoning module AnimGraphRuntime (16)
[2017.04.03-00.53.48:526][784]LogModuleManager: Shutting down and abandoning module Renderer (14)
[2017.04.03-00.53.48:526][784]LogModuleManager: Shutting down and abandoning module Engine (12)
[2017.04.03-00.53.48:526][784]LogModuleManager: Shutting down and abandoning module CoreUObject (10)
[2017.04.03-00.53.48:526][784]LogModuleManager: Shutting down and abandoning module NetworkFile (8)
[2017.04.03-00.53.48:526][784]LogModuleManager: Shutting down and abandoning module StreamingFile (6)
[2017.04.03-00.53.48:526][784]LogModuleManager: Shutting down and abandoning module SandboxFile (4)
[2017.04.03-00.53.48:526][784]LogModuleManager: Shutting down and abandoning module PakFile (2)
[2017.04.03-00.53.48:545][784]LogExit: Exiting.
[2017.04.03-00.53.48:559][784]Log file closed, 04/02/17 20:53:48
